2017-02-02 14:13:10,854  - INFO - Clearing previous csv and xlsx files
2017-02-02 14:13:10,913  - INFO - starting for daily report
2017-02-02 14:13:10,914  - INFO - Keyreport file is present,so skipping creation
2017-02-02 14:13:17,727  - ERROR - Keyword file is not present
Traceback (most recent call last):
  File "test_bak.py", line 17, in keywordparser
    f=open("%s/keywords.txt"%filepath,"r")
IOError: [Errno 2] No such file or directory: '/home/shubham/Desktop/Documents/Documents_Media/keywords.txt'
2017-02-02 15:59:26,194  - INFO - url of sheet which we are hitting {'https://docs.google.com/spreadsheets/d/1TnhTtkISzPJvWOL06PnsVet7lcJEBbqjF7SeXLXH4jo/edit#gid=0': {'NOMBRE': 'val'}}
2017-02-02 15:59:26,216  - INFO - URL from which we are getting list of accounts:{'https://docs.google.com/spreadsheets/d/1TnhTtkISzPJvWOL06PnsVet7lcJEBbqjF7SeXLXH4jo/edit#gid=0': {'NOMBRE': 'val'}}
2017-02-02 15:59:29,022  - INFO - Connected to drive
2017-02-02 15:59:29,023  - INFO - Connected to google drive

2017-02-02 16:16:42,010  - INFO - url of sheet which we are hitting {'https://docs.google.com/spreadsheets/d/1TnhTtkISzPJvWOL06PnsVet7lcJEBbqjF7SeXLXH4jo/edit#gid=0': {'NOMBRE': 'val'}}
2017-02-02 16:16:42,010  - INFO - URL from which we are getting list of accounts:{'https://docs.google.com/spreadsheets/d/1TnhTtkISzPJvWOL06PnsVet7lcJEBbqjF7SeXLXH4jo/edit#gid=0': {'NOMBRE': 'val'}}
2017-02-02 16:16:51,215  - INFO - Connected to drive
2017-02-02 16:16:51,216  - INFO - Connected to google drive

2017-02-02 16:17:33,661  - INFO - url of sheet which we are hitting {'https://docs.google.com/spreadsheets/d/1TnhTtkISzPJvWOL06PnsVet7lcJEBbqjF7SeXLXH4jo/edit#gid=0': {'NOMBRE': 'val'}}
2017-02-02 16:17:33,661  - INFO - URL from which we are getting list of accounts:{'https://docs.google.com/spreadsheets/d/1TnhTtkISzPJvWOL06PnsVet7lcJEBbqjF7SeXLXH4jo/edit#gid=0': {'NOMBRE': 'val'}}
2017-02-02 16:17:35,360  - INFO - Connected to drive
2017-02-02 16:17:35,361  - INFO - Connected to google drive

2017-02-02 16:20:43,013  - INFO - url of sheet which we are hitting {'https://docs.google.com/spreadsheets/d/1TnhTtkISzPJvWOL06PnsVet7lcJEBbqjF7SeXLXH4jo/edit#gid=0': {'NOMBRE': 'val'}}
2017-02-02 16:20:43,014  - INFO - URL from which we are getting list of accounts:{'https://docs.google.com/spreadsheets/d/1TnhTtkISzPJvWOL06PnsVet7lcJEBbqjF7SeXLXH4jo/edit#gid=0': {'NOMBRE': 'val'}}
2017-02-02 16:20:44,639  - INFO - Connected to drive
2017-02-02 16:20:44,640  - INFO - Connected to google drive

2017-02-02 16:21:33,661  - INFO - url of sheet which we are hitting {'https://docs.google.com/spreadsheets/d/1TnhTtkISzPJvWOL06PnsVet7lcJEBbqjF7SeXLXH4jo/edit#gid=0': {'NOMBRE': 'val'}}
2017-02-02 16:21:33,661  - INFO - URL from which we are getting list of accounts:{'https://docs.google.com/spreadsheets/d/1TnhTtkISzPJvWOL06PnsVet7lcJEBbqjF7SeXLXH4jo/edit#gid=0': {'NOMBRE': 'val'}}
2017-02-02 16:21:40,546  - INFO - url of sheet which we are hitting {'https://docs.google.com/spreadsheets/d/1TnhTtkISzPJvWOL06PnsVet7lcJEBbqjF7SeXLXH4jo/edit#gid=0': {'NOMBRE': 'val'}}
2017-02-02 16:21:40,546  - INFO - URL from which we are getting list of accounts:{'https://docs.google.com/spreadsheets/d/1TnhTtkISzPJvWOL06PnsVet7lcJEBbqjF7SeXLXH4jo/edit#gid=0': {'NOMBRE': 'val'}}
2017-02-02 16:21:42,681  - INFO - Connected to drive
2017-02-02 16:21:42,682  - INFO - Connected to google drive

2017-02-02 16:23:58,133  - INFO - url of sheet which we are hitting {'https://docs.google.com/spreadsheets/d/1TnhTtkISzPJvWOL06PnsVet7lcJEBbqjF7SeXLXH4jo/edit#gid=0': {'NOMBRE': 'val'}}
2017-02-02 16:23:58,133  - INFO - URL from which we are getting list of accounts:{'https://docs.google.com/spreadsheets/d/1TnhTtkISzPJvWOL06PnsVet7lcJEBbqjF7SeXLXH4jo/edit#gid=0': {'NOMBRE': 'val'}}
2017-02-02 16:23:59,745  - INFO - Connected to drive
2017-02-02 16:23:59,746  - INFO - Connected to google drive

2017-02-02 16:25:30,269  - INFO - url of sheet which we are hitting {'https://docs.google.com/spreadsheets/d/1TnhTtkISzPJvWOL06PnsVet7lcJEBbqjF7SeXLXH4jo/edit#gid=0': {'NOMBRE': 'val'}}
2017-02-02 16:25:30,270  - INFO - URL from which we are getting list of accounts:{'https://docs.google.com/spreadsheets/d/1TnhTtkISzPJvWOL06PnsVet7lcJEBbqjF7SeXLXH4jo/edit#gid=0': {'NOMBRE': 'val'}}
2017-02-02 16:25:31,882  - INFO - Connected to drive
2017-02-02 16:25:31,883  - INFO - Connected to google drive

