2017-03-09 15:30:23,184  - INFO - Clearing previous csv and xlsx files
2017-03-09 15:30:23,284  - INFO - starting for daily report
2017-03-09 15:30:23,285  - INFO - Keyreport file is present,so skipping creation
2017-03-09 15:30:34,230  - INFO - No of unique keywors for daily report 232
2017-03-09 15:30:34,282  - INFO - process no. 0 started 
2017-03-09 15:30:34,292  - INFO - process no. 2 started 
2017-03-09 15:30:34,296  - INFO - process no. 1 started 
2017-03-09 15:30:34,325  - INFO - process no. 3 started 
2017-03-09 15:30:34,330  - INFO - process no. 7 started 
2017-03-09 15:30:34,335  - INFO - process no. 6 started 
2017-03-09 15:30:34,340  - INFO - process no. 8 started 
2017-03-09 15:30:34,341  - INFO - process no. 5 started 
2017-03-09 15:30:34,367  - INFO - process no. 4 started 
2017-03-09 15:30:34,595  - INFO - process no. 10 started 
2017-03-09 15:30:34,627  - INFO - process no. 9 started 
2017-03-09 15:30:34,711  - INFO - process no. 11 started 
2017-03-09 15:30:34,820  - INFO - process no. 12 started 
2017-03-09 15:30:34,960  - INFO - process no. 13 started 
2017-03-09 15:30:36,606  - INFO - process no. 14 started 
2017-03-09 15:31:22,983  - INFO - inside daily loop
2017-03-09 15:31:24,151  - INFO - Data file for 14 partition is created
2017-03-09 15:31:24,151  - INFO - This process 14 is complete
2017-03-09 15:31:48,446  - INFO - inside daily loop
2017-03-09 15:31:48,497  - INFO - Data file for 8 partition is created
2017-03-09 15:31:48,498  - INFO - This process 8 is complete
2017-03-09 15:31:48,712  - INFO - inside daily loop
2017-03-09 15:31:48,888  - INFO - inside daily loop
2017-03-09 15:31:49,561  - INFO - Data file for 2 partition is created
2017-03-09 15:31:49,561  - INFO - This process 2 is complete
2017-03-09 15:31:49,633  - INFO - inside daily loop
2017-03-09 15:31:49,655  - INFO - Data file for 9 partition is created
2017-03-09 15:31:49,655  - INFO - This process 9 is complete
2017-03-09 15:31:49,692  - INFO - starting for identity governance and administration keyword
2017-03-09 15:31:49,728  - INFO - inside daily loop
2017-03-09 15:31:49,760  - INFO - Data file for 1 partition is created
2017-03-09 15:31:49,760  - INFO - This process 1 is complete
2017-03-09 15:31:49,822  - INFO - inside daily loop
2017-03-09 15:31:49,850  - INFO - Data file for 10 partition is created
2017-03-09 15:31:49,865  - INFO - This process 10 is complete
2017-03-09 15:31:49,858  - INFO - inside daily loop
2017-03-09 15:31:49,902  - INFO - Data file for 11 partition is created
2017-03-09 15:31:49,903  - INFO - This process 11 is complete
2017-03-09 15:31:49,990  - INFO - inside daily loop
2017-03-09 15:31:49,999  - INFO - Data file for 7 partition is created
2017-03-09 15:31:50,000  - INFO - This process 7 is complete
2017-03-09 15:31:50,036  - INFO - inside daily loop
2017-03-09 15:31:50,045  - INFO - Data file for 12 partition is created
2017-03-09 15:31:50,045  - INFO - This process 12 is complete
2017-03-09 15:31:50,200  - INFO - inside daily loop
2017-03-09 15:31:50,209  - INFO - Data file for 4 partition is created
2017-03-09 15:31:50,209  - INFO - This process 4 is complete
2017-03-09 15:31:50,323  - INFO - inside daily loop
2017-03-09 15:31:50,333  - INFO - Data file for 0 partition is created
2017-03-09 15:31:50,333  - INFO - This process 0 is complete
2017-03-09 15:31:50,366  - INFO - inside daily loop
2017-03-09 15:31:50,367  - INFO - starting for ibm identity governance and administration keyword
2017-03-09 15:31:50,407  - INFO - inside daily loop
2017-03-09 15:31:50,413  - INFO - Data file for 6 partition is created
2017-03-09 15:31:50,413  - INFO - This process 6 is complete
2017-03-09 15:31:50,445  - INFO - inside daily loop
2017-03-09 15:31:50,452  - INFO - Data file for 13 partition is created
2017-03-09 15:31:50,452  - INFO - This process 13 is complete
2017-03-09 15:31:51,359  - INFO - keyword,account_count,account_count,cost are ibm identity governance and administration,1,2,0.0
2017-03-09 15:31:51,359  - INFO - keyword,account_count,account_count,cost are identity governance and administration,1,2,0.0
2017-03-09 15:31:53,459  - INFO - Data file for 3 partition is created
2017-03-09 15:31:53,459  - INFO - This process 3 is complete
2017-03-09 15:31:53,463  - INFO - Data file for 5 partition is created
2017-03-09 15:31:53,463  - INFO - This process 5 is complete
2017-03-09 15:31:56,836  - INFO - Starting aggregation
2017-03-09 15:35:04,672  - INFO - Clearing previous csv and xlsx files
2017-03-09 15:35:04,779  - INFO - starting for daily report
2017-03-09 15:35:04,780  - INFO - Keyreport file not present,so creating it
2017-03-09 15:35:04,827  - INFO - url of sheet which we are hitting {'https://docs.google.com/spreadsheets/d/1TnhTtkISzPJvWOL06PnsVet7lcJEBbqjF7SeXLXH4jo/edit#gid=0': {'NOMBRE': 'test2'}}
2017-03-09 15:35:04,827  - INFO - URL from which we are getting list of accounts:{'https://docs.google.com/spreadsheets/d/1TnhTtkISzPJvWOL06PnsVet7lcJEBbqjF7SeXLXH4jo/edit#gid=0': {'NOMBRE': 'test2'}}
2017-03-09 15:35:06,526  - INFO - Connected to drive
2017-03-09 15:35:06,526  - INFO - Connected to google drive

2017-03-09 15:35:17,112  - INFO - List of accounts ['2809296861', '7813355720', '4804168647', '2231303651', '5689562067', '8697947664', '1507219704', '7652731314', '4718565953', '4427418816', '4414603918', '9641959361', '7997640368', '8368566800', '1913979284', '2677004727', '6256210439', '5449804993', '5324634234', '7153553492', '5305821365', '1775729480', '2944469928', '7636545669', '1076682543', '7902277106', '8725279362', '8638326204', '7883681562', '4830309918', '5168582986', '7079507033', '7008363161', '9391425334', '4033594085', '1181577747', '5643789204', '7194648907', '5596963937', '8652974884', '1158680681', '5905426474', '9315874047', '8808092456', '1437740590', '1980447844', '5385948464', '5481211928', '8048364176', '8317079318', '8894727133', '8950841751', '5727312516', '7653538731', '5260395623', '2055158184', '3507344855', '4143834440', '1119144035', '3303736528', '5543791114', '8847228380', '3407444652', '2010858735', '8676621406', '3602460396', '3924629577', '5033784069', '6986394311', '6508276876', '2376534971', '1236436471', '7162590027', '4234305823', '4943932774', '3484811464', '9517338753', '7491622727', '9469342557', '5429001474', '1086771272', '9050771087', '1131954238', '7067472045']
2017-03-09 15:35:17,113  - INFO - no. of Yaml files:84
2017-03-09 15:35:17,209  - INFO - starting for this account id :7813355720
2017-03-09 15:35:17,202  - INFO - starting for this account id :2809296861
2017-03-09 15:35:17,220  - INFO - starting for this account id :4804168647
2017-03-09 15:35:17,225  - INFO - starting for this account id :2231303651
2017-03-09 15:35:17,252  - INFO - starting for this account id :7652731314
2017-03-09 15:35:17,257  - INFO - starting for this account id :1507219704
2017-03-09 15:35:17,264  - INFO - starting for this account id :4718565953
2017-03-09 15:35:17,265  - INFO - starting for this account id :4427418816
2017-03-09 15:35:17,267  - INFO - starting for this account id :5689562067
2017-03-09 15:35:17,270  - INFO - starting for this account id :8697947664
2017-03-09 15:35:17,274  - INFO - starting for this account id :4414603918
2017-03-09 15:35:17,304  - INFO - starting for this account id :9641959361
2017-03-09 15:35:17,285  - INFO - starting for this account id :7997640368
2017-03-09 15:35:17,337  - INFO - starting for this account id :8368566800
2017-03-09 15:35:17,346  - INFO - starting for this account id :1913979284
2017-03-09 15:35:17,375  - INFO - starting for this account id :2677004727
2017-03-09 15:35:17,383  - INFO - starting for this account id :5449804993
2017-03-09 15:35:17,405  - INFO - starting for this account id :6256210439
2017-03-09 15:35:17,406  - INFO - starting for this account id :7153553492
2017-03-09 15:35:17,416  - INFO - starting for this account id :5324634234
2017-03-09 15:35:17,429  - INFO - starting for this account id :5305821365
2017-03-09 15:35:17,431  - INFO - starting for this account id :1775729480
2017-03-09 15:35:17,472  - INFO - starting for this account id :1076682543
2017-03-09 15:35:17,472  - INFO - starting for this account id :7636545669
2017-03-09 15:35:17,476  - INFO - starting for this account id :7902277106
2017-03-09 15:35:17,492  - INFO - starting for this account id :2944469928
2017-03-09 15:35:17,515  - INFO - starting for this account id :7883681562
2017-03-09 15:35:17,520  - INFO - starting for this account id :8725279362
2017-03-09 15:35:17,524  - INFO - starting for this account id :8638326204
2017-03-09 15:35:17,525  - INFO - starting for this account id :5168582986
2017-03-09 15:35:17,549  - INFO - starting for this account id :4830309918
2017-03-09 15:35:17,556  - INFO - starting for this account id :7008363161
2017-03-09 15:35:17,558  - INFO - starting for this account id :7079507033
2017-03-09 15:35:17,586  - INFO - starting for this account id :4033594085
2017-03-09 15:35:17,588  - INFO - starting for this account id :9391425334
2017-03-09 15:35:17,624  - INFO - starting for this account id :1181577747
2017-03-09 15:35:17,626  - INFO - starting for this account id :5596963937
2017-03-09 15:35:17,635  - INFO - starting for this account id :8652974884
2017-03-09 15:35:17,641  - INFO - starting for this account id :1158680681
2017-03-09 15:35:17,649  - INFO - starting for this account id :5643789204
2017-03-09 15:35:17,663  - INFO - starting for this account id :7194648907
2017-03-09 15:35:17,689  - INFO - starting for this account id :5905426474
2017-03-09 15:35:17,705  - INFO - starting for this account id :8808092456
2017-03-09 15:35:17,708  - INFO - starting for this account id :1437740590
2017-03-09 15:35:17,720  - INFO - starting for this account id :5385948464
2017-03-09 15:35:17,680  - INFO - starting for this account id :1980447844
2017-03-09 15:35:17,724  - INFO - starting for this account id :9315874047
2017-03-09 15:35:17,732  - INFO - starting for this account id :5481211928
2017-03-09 15:35:17,740  - INFO - starting for this account id :8317079318
2017-03-09 15:35:17,742  - INFO - starting for this account id :8048364176
2017-03-09 15:35:17,764  - INFO - starting for this account id :8894727133
2017-03-09 15:35:17,778  - INFO - starting for this account id :7653538731
2017-03-09 15:35:17,787  - INFO - starting for this account id :5727312516
2017-03-09 15:35:17,792  - INFO - starting for this account id :5260395623
2017-03-09 15:35:17,799  - INFO - starting for this account id :8950841751
2017-03-09 15:35:17,843  - INFO - starting for this account id :3507344855
2017-03-09 15:35:17,844  - INFO - starting for this account id :2055158184
2017-03-09 15:35:17,877  - INFO - starting for this account id :4143834440
2017-03-09 15:35:17,880  - INFO - starting for this account id :1119144035
2017-03-09 15:35:17,899  - INFO - starting for this account id :3303736528
2017-03-09 15:35:17,916  - INFO - starting for this account id :3407444652
2017-03-09 15:35:17,927  - INFO - starting for this account id :8847228380
2017-03-09 15:35:17,928  - INFO - starting for this account id :5543791114
2017-03-09 15:35:17,939  - INFO - starting for this account id :2010858735
2017-03-09 15:35:17,962  - INFO - starting for this account id :8676621406
2017-03-09 15:35:17,993  - INFO - starting for this account id :6508276876
2017-03-09 15:35:17,998  - INFO - starting for this account id :3602460396
2017-03-09 15:35:18,001  - INFO - starting for this account id :6986394311
2017-03-09 15:35:17,996  - INFO - starting for this account id :5033784069
2017-03-09 15:35:18,011  - INFO - starting for this account id :2376534971
2017-03-09 15:35:18,022  - INFO - starting for this account id :3924629577
2017-03-09 15:35:18,053  - INFO - starting for this account id :7162590027
2017-03-09 15:35:18,087  - INFO - starting for this account id :4943932774
2017-03-09 15:35:18,088  - INFO - starting for this account id :1236436471
2017-03-09 15:35:18,104  - INFO - starting for this account id :3484811464
2017-03-09 15:35:18,119  - INFO - starting for this account id :4234305823
2017-03-09 15:35:18,140  - INFO - starting for this account id :9517338753
2017-03-09 15:35:18,178  - INFO - starting for this account id :7491622727
2017-03-09 15:35:18,215  - INFO - starting for this account id :5429001474
2017-03-09 15:35:18,238  - INFO - starting for this account id :9050771087
2017-03-09 15:35:18,241  - INFO - starting for this account id :1086771272
2017-03-09 15:35:18,250  - INFO - starting for this account id :9469342557
2017-03-09 15:35:18,316  - INFO - starting for this account id :7067472045
2017-03-09 15:35:18,350  - INFO - starting for this account id :1131954238
2017-03-09 15:35:28,005  - INFO - This process is complete
2017-03-09 15:35:28,685  - INFO - This process is complete
2017-03-09 15:35:28,918  - INFO - This process is complete
2017-03-09 15:35:29,490  - INFO - This process is complete
2017-03-09 15:35:30,251  - INFO - This process is complete
2017-03-09 15:35:30,296  - INFO - This process is complete
2017-03-09 15:35:30,836  - INFO - This process is complete
2017-03-09 15:35:32,280  - INFO - This process is complete
2017-03-09 15:35:32,280  - INFO - This process is complete
2017-03-09 15:35:32,320  - INFO - This process is complete
2017-03-09 15:35:32,454  - INFO - This process is complete
2017-03-09 15:35:32,715  - INFO - This process is complete
2017-03-09 15:35:32,763  - INFO - This process is complete
2017-03-09 15:35:33,494  - INFO - This process is complete
2017-03-09 15:35:33,701  - INFO - This process is complete
2017-03-09 15:35:33,722  - INFO - This process is complete
2017-03-09 15:35:33,807  - INFO - This process is complete
2017-03-09 15:35:34,221  - INFO - This process is complete
2017-03-09 15:35:34,882  - INFO - This process is complete
2017-03-09 15:35:35,063  - INFO - This process is complete
2017-03-09 15:35:34,374  - ERROR - error occured for 8808092456 
Traceback (most recent call last):
  File "/home/shubham/Desktop/Documents/Documents_Media/keywords_bak.py", line 87, in filegenerator
    GetKeywordURLs(account)
  File "/home/shubham/Desktop/Documents/Documents_Media/keywords_bak.py", line 38, in GetKeywordURLs
    report_downloader = ADWORDS_CLIENT.GetReportDownloader()
  File "/home/shubham/anaconda2/lib/python2.7/site-packages/googleads/adwords.py", line 441, in GetReportDownloader
    return ReportDownloader(self, version, server)
  File "/home/shubham/anaconda2/lib/python2.7/site-packages/googleads/adwords.py", line 1169, in __init__
    cache=self._adwords_client.cache).wsdl.schema
  File "/home/shubham/anaconda2/lib/python2.7/site-packages/suds/client.py", line 115, in __init__
    self.wsdl = reader.open(url)
  File "/home/shubham/anaconda2/lib/python2.7/site-packages/suds/reader.py", line 150, in open
    d = self.fn(url, self.options)
  File "/home/shubham/anaconda2/lib/python2.7/site-packages/suds/wsdl.py", line 136, in __init__
    d = reader.open(url)
  File "/home/shubham/anaconda2/lib/python2.7/site-packages/suds/reader.py", line 74, in open
    d = self.download(url)
  File "/home/shubham/anaconda2/lib/python2.7/site-packages/suds/reader.py", line 92, in download
    fp = self.options.transport.open(Request(url))
  File "/home/shubham/anaconda2/lib/python2.7/site-packages/suds/transport/http.py", line 67, in open
    return self.u2open(u2request)
  File "/home/shubham/anaconda2/lib/python2.7/site-packages/suds/transport/http.py", line 132, in u2open
    return url.open(u2request, timeout=tm)
  File "/home/shubham/anaconda2/lib/python2.7/urllib2.py", line 429, in open
    response = self._open(req, data)
  File "/home/shubham/anaconda2/lib/python2.7/urllib2.py", line 447, in _open
    '_open', req)
  File "/home/shubham/anaconda2/lib/python2.7/urllib2.py", line 407, in _call_chain
    result = func(*args)
  File "/home/shubham/anaconda2/lib/python2.7/urllib2.py", line 1241, in https_open
    context=self._context)
  File "/home/shubham/anaconda2/lib/python2.7/urllib2.py", line 1198, in do_open
    raise URLError(err)
URLError: <urlopen error EOF occurred in violation of protocol (_ssl.c:590)>
2017-03-09 15:35:35,570  - INFO - This process is complete
2017-03-09 15:35:35,601  - INFO - This process is complete
2017-03-09 15:35:35,849  - INFO - This process is complete
2017-03-09 15:35:36,966  - ERROR - error occured for 9050771087 
Traceback (most recent call last):
  File "/home/shubham/Desktop/Documents/Documents_Media/keywords_bak.py", line 87, in filegenerator
    GetKeywordURLs(account)
  File "/home/shubham/Desktop/Documents/Documents_Media/keywords_bak.py", line 38, in GetKeywordURLs
    report_downloader = ADWORDS_CLIENT.GetReportDownloader()
  File "/home/shubham/anaconda2/lib/python2.7/site-packages/googleads/adwords.py", line 441, in GetReportDownloader
    return ReportDownloader(self, version, server)
  File "/home/shubham/anaconda2/lib/python2.7/site-packages/googleads/adwords.py", line 1169, in __init__
    cache=self._adwords_client.cache).wsdl.schema
  File "/home/shubham/anaconda2/lib/python2.7/site-packages/suds/client.py", line 115, in __init__
    self.wsdl = reader.open(url)
  File "/home/shubham/anaconda2/lib/python2.7/site-packages/suds/reader.py", line 150, in open
    d = self.fn(url, self.options)
  File "/home/shubham/anaconda2/lib/python2.7/site-packages/suds/wsdl.py", line 136, in __init__
    d = reader.open(url)
  File "/home/shubham/anaconda2/lib/python2.7/site-packages/suds/reader.py", line 74, in open
    d = self.download(url)
  File "/home/shubham/anaconda2/lib/python2.7/site-packages/suds/reader.py", line 92, in download
    fp = self.options.transport.open(Request(url))
  File "/home/shubham/anaconda2/lib/python2.7/site-packages/suds/transport/http.py", line 67, in open
    return self.u2open(u2request)
  File "/home/shubham/anaconda2/lib/python2.7/site-packages/suds/transport/http.py", line 132, in u2open
    return url.open(u2request, timeout=tm)
  File "/home/shubham/anaconda2/lib/python2.7/urllib2.py", line 429, in open
    response = self._open(req, data)
  File "/home/shubham/anaconda2/lib/python2.7/urllib2.py", line 447, in _open
    '_open', req)
  File "/home/shubham/anaconda2/lib/python2.7/urllib2.py", line 407, in _call_chain
    result = func(*args)
  File "/home/shubham/anaconda2/lib/python2.7/urllib2.py", line 1241, in https_open
    context=self._context)
  File "/home/shubham/anaconda2/lib/python2.7/urllib2.py", line 1198, in do_open
    raise URLError(err)
URLError: <urlopen error EOF occurred in violation of protocol (_ssl.c:590)>
2017-03-09 15:35:36,972  - INFO - This process is complete
2017-03-09 15:35:37,475  - INFO - This process is complete
2017-03-09 15:35:38,095  - INFO - This process is complete
2017-03-09 15:35:38,066  - ERROR - error occured for 5429001474 
Traceback (most recent call last):
  File "/home/shubham/Desktop/Documents/Documents_Media/keywords_bak.py", line 87, in filegenerator
    GetKeywordURLs(account)
  File "/home/shubham/Desktop/Documents/Documents_Media/keywords_bak.py", line 38, in GetKeywordURLs
    report_downloader = ADWORDS_CLIENT.GetReportDownloader()
  File "/home/shubham/anaconda2/lib/python2.7/site-packages/googleads/adwords.py", line 441, in GetReportDownloader
    return ReportDownloader(self, version, server)
  File "/home/shubham/anaconda2/lib/python2.7/site-packages/googleads/adwords.py", line 1169, in __init__
    cache=self._adwords_client.cache).wsdl.schema
  File "/home/shubham/anaconda2/lib/python2.7/site-packages/suds/client.py", line 115, in __init__
    self.wsdl = reader.open(url)
  File "/home/shubham/anaconda2/lib/python2.7/site-packages/suds/reader.py", line 150, in open
    d = self.fn(url, self.options)
  File "/home/shubham/anaconda2/lib/python2.7/site-packages/suds/wsdl.py", line 159, in __init__
    self.build_schema()
  File "/home/shubham/anaconda2/lib/python2.7/site-packages/suds/wsdl.py", line 220, in build_schema
    self.schema = container.load(self.options)
  File "/home/shubham/anaconda2/lib/python2.7/site-packages/suds/xsd/schema.py", line 92, in load
    child.open_imports(options)
  File "/home/shubham/anaconda2/lib/python2.7/site-packages/suds/xsd/schema.py", line 301, in open_imports
    imported = imp.open(options)
  File "/home/shubham/anaconda2/lib/python2.7/site-packages/suds/xsd/sxbasic.py", line 581, in open
    result = self.download(options)
  File "/home/shubham/anaconda2/lib/python2.7/site-packages/suds/xsd/sxbasic.py", line 597, in download
    d = reader.open(url)
  File "/home/shubham/anaconda2/lib/python2.7/site-packages/suds/reader.py", line 74, in open
    d = self.download(url)
  File "/home/shubham/anaconda2/lib/python2.7/site-packages/suds/reader.py", line 92, in download
    fp = self.options.transport.open(Request(url))
  File "/home/shubham/anaconda2/lib/python2.7/site-packages/suds/transport/http.py", line 67, in open
    return self.u2open(u2request)
  File "/home/shubham/anaconda2/lib/python2.7/site-packages/suds/transport/http.py", line 132, in u2open
    return url.open(u2request, timeout=tm)
  File "/home/shubham/anaconda2/lib/python2.7/urllib2.py", line 429, in open
    response = self._open(req, data)
  File "/home/shubham/anaconda2/lib/python2.7/urllib2.py", line 447, in _open
    '_open', req)
  File "/home/shubham/anaconda2/lib/python2.7/urllib2.py", line 407, in _call_chain
    result = func(*args)
  File "/home/shubham/anaconda2/lib/python2.7/urllib2.py", line 1241, in https_open
    context=self._context)
  File "/home/shubham/anaconda2/lib/python2.7/urllib2.py", line 1198, in do_open
    raise URLError(err)
URLError: <urlopen error EOF occurred in violation of protocol (_ssl.c:590)>
2017-03-09 15:35:38,388  - INFO - This process is complete
2017-03-09 15:35:38,831  - INFO - This process is complete
2017-03-09 15:35:39,077  - INFO - This process is complete
2017-03-09 15:35:39,259  - INFO - This process is complete
2017-03-09 15:35:39,324  - INFO - This process is complete
2017-03-09 15:35:39,380  - INFO - This process is complete
2017-03-09 15:35:39,491  - INFO - This process is complete
2017-03-09 15:35:39,517  - INFO - This process is complete
2017-03-09 15:35:39,754  - INFO - This process is complete
2017-03-09 15:35:40,345  - INFO - This process is complete
2017-03-09 15:35:40,362  - INFO - This process is complete
2017-03-09 15:35:40,759  - INFO - This process is complete
2017-03-09 15:35:40,841  - INFO - This process is complete
2017-03-09 15:35:41,473  - INFO - This process is complete
2017-03-09 15:35:43,246  - INFO - This process is complete
2017-03-09 15:35:43,484  - INFO - This process is complete
2017-03-09 15:35:43,525  - INFO - This process is complete
2017-03-09 15:35:43,580  - INFO - This process is complete
2017-03-09 15:35:44,753  - INFO - This process is complete
2017-03-09 15:35:45,351  - INFO - This process is complete
2017-03-09 15:35:45,829  - INFO - This process is complete
2017-03-09 15:35:46,164  - INFO - This process is complete
2017-03-09 15:35:46,167  - INFO - This process is complete
2017-03-09 15:35:48,519  - INFO - This process is complete
2017-03-09 15:35:48,669  - INFO - This process is complete
2017-03-09 15:35:48,768  - INFO - This process is complete
2017-03-09 15:35:49,468  - INFO - This process is complete
2017-03-09 15:35:51,652  - INFO - This process is complete
2017-03-09 15:35:51,896  - INFO - This process is complete
2017-03-09 15:35:52,051  - INFO - This process is complete
2017-03-09 15:35:53,545  - INFO - This process is complete
2017-03-09 15:35:53,641  - INFO - This process is complete
2017-03-09 15:35:54,492  - INFO - This process is complete
2017-03-09 15:35:55,086  - INFO - This process is complete
2017-03-09 15:35:55,504  - INFO - This process is complete
2017-03-09 15:35:55,652  - INFO - This process is complete
2017-03-09 15:35:55,972  - INFO - This process is complete
2017-03-09 15:35:56,543  - INFO - This process is complete
2017-03-09 15:35:58,796  - INFO - This process is complete
2017-03-09 15:35:59,025  - INFO - This process is complete
2017-03-09 15:36:01,621  - INFO - This process is complete
2017-03-09 15:36:01,628  - INFO - This process is complete
2017-03-09 15:36:04,475  - INFO - This process is complete
2017-03-09 15:36:08,123  - INFO - This process is complete
2017-03-09 15:36:10,206  - INFO - This process is complete
2017-03-09 15:36:11,045  - INFO - This process is complete
2017-03-09 15:36:12,439  - INFO - This process is complete
2017-03-09 15:36:13,116  - INFO - This process is complete
2017-03-09 15:36:15,476  - INFO - This process is complete
2017-03-09 15:36:20,399  - INFO - This process is complete
2017-03-09 15:36:20,684  - INFO - This process is complete
2017-03-09 15:36:21,989  - INFO - This process is complete
2017-03-09 15:36:39,325  - INFO - This process is complete
2017-03-09 15:36:39,477  - INFO - This process is complete
2017-03-09 15:37:14,724  - INFO - This process is complete
2017-03-09 15:38:14,203  - INFO - This process is complete
2017-03-09 15:40:19,833  - INFO - This process is complete
2017-03-09 15:40:36,079  - INFO - This process is complete
2017-03-09 15:40:36,703  - INFO - doing aggregation to create a single Keyreport file
2017-03-09 15:40:45,607  - INFO - Keyreport file is present,so skipping creation
2017-03-09 15:40:46,756  - INFO - No of unique keywors for daily report 232
2017-03-09 15:40:46,800  - INFO - process no. 1 started 
2017-03-09 15:40:46,800  - INFO - process no. 5 started 
2017-03-09 15:40:46,805  - INFO - process no. 4 started 
2017-03-09 15:40:46,805  - INFO - process no. 0 started 
2017-03-09 15:40:46,808  - INFO - process no. 2 started 
2017-03-09 15:40:46,810  - INFO - process no. 3 started 
2017-03-09 15:40:46,831  - INFO - process no. 7 started 
2017-03-09 15:40:46,836  - INFO - process no. 6 started 
2017-03-09 15:40:46,965  - INFO - process no. 12 started 
2017-03-09 15:40:46,965  - INFO - process no. 11 started 
2017-03-09 15:40:46,975  - INFO - process no. 9 started 
2017-03-09 15:40:46,987  - INFO - process no. 13 started 
2017-03-09 15:40:46,989  - INFO - process no. 10 started 
2017-03-09 15:40:48,665  - INFO - process no. 14 started 
2017-03-09 15:40:48,726  - INFO - process no. 8 started 
2017-03-09 15:41:29,995  - INFO - inside daily loop
2017-03-09 15:41:30,425  - INFO - Data file for 14 partition is created
2017-03-09 15:41:30,425  - INFO - This process 14 is complete
2017-03-09 15:41:53,473  - INFO - inside daily loop
2017-03-09 15:41:53,513  - INFO - Data file for 12 partition is created
2017-03-09 15:41:53,513  - INFO - This process 12 is complete
2017-03-09 15:41:53,642  - INFO - inside daily loop
2017-03-09 15:41:53,684  - INFO - Data file for 9 partition is created
2017-03-09 15:41:53,696  - INFO - This process 9 is complete
2017-03-09 15:41:53,923  - INFO - inside daily loop
2017-03-09 15:41:53,949  - INFO - Data file for 11 partition is created
2017-03-09 15:41:53,974  - INFO - This process 11 is complete
2017-03-09 15:41:54,048  - INFO - inside daily loop
2017-03-09 15:41:54,050  - INFO - inside daily loop
2017-03-09 15:41:54,052  - INFO - starting for identity governance and administration keyword
2017-03-09 15:41:54,077  - INFO - Data file for 6 partition is created
2017-03-09 15:41:54,078  - INFO - keyword,account_count,account_count,cost are identity governance and administration,1,2,0.0
2017-03-09 15:41:54,086  - INFO - This process 6 is complete
2017-03-09 15:41:54,096  - INFO - Data file for 3 partition is created
2017-03-09 15:41:54,106  - INFO - This process 3 is complete
2017-03-09 15:41:54,175  - INFO - inside daily loop
2017-03-09 15:41:54,176  - INFO - inside daily loop
2017-03-09 15:41:54,177  - INFO - starting for ibm identity governance and administration keyword
2017-03-09 15:41:54,180  - INFO - keyword,account_count,account_count,cost are ibm identity governance and administration,1,2,0.0
2017-03-09 15:41:54,193  - INFO - Data file for 4 partition is created
2017-03-09 15:41:54,199  - INFO - This process 4 is complete
2017-03-09 15:41:54,203  - INFO - Data file for 5 partition is created
2017-03-09 15:41:54,203  - INFO - This process 5 is complete
2017-03-09 15:41:54,299  - INFO - inside daily loop
2017-03-09 15:41:54,322  - INFO - Data file for 0 partition is created
2017-03-09 15:41:54,326  - INFO - This process 0 is complete
2017-03-09 15:41:54,484  - INFO - inside daily loop
2017-03-09 15:41:54,493  - INFO - Data file for 1 partition is created
2017-03-09 15:41:54,494  - INFO - This process 1 is complete
2017-03-09 15:41:54,542  - INFO - inside daily loop
2017-03-09 15:41:54,552  - INFO - Data file for 8 partition is created
2017-03-09 15:41:54,552  - INFO - This process 8 is complete
2017-03-09 15:41:54,650  - INFO - inside daily loop
2017-03-09 15:41:54,660  - INFO - inside daily loop
2017-03-09 15:41:54,664  - INFO - Data file for 10 partition is created
2017-03-09 15:41:54,665  - INFO - This process 10 is complete
2017-03-09 15:41:54,665  - INFO - inside daily loop
2017-03-09 15:41:54,672  - INFO - Data file for 2 partition is created
2017-03-09 15:41:54,673  - INFO - This process 2 is complete
2017-03-09 15:41:54,679  - INFO - Data file for 7 partition is created
2017-03-09 15:41:54,679  - INFO - This process 7 is complete
2017-03-09 15:41:54,682  - INFO - inside daily loop
2017-03-09 15:41:54,692  - INFO - Data file for 13 partition is created
2017-03-09 15:41:54,692  - INFO - This process 13 is complete
2017-03-09 15:41:57,088  - INFO - Starting aggregation
2017-03-09 15:48:04,112  - INFO - Clearing previous csv and xlsx files
2017-03-09 15:48:04,118  - INFO - starting for daily report
2017-03-09 15:48:04,119  - INFO - Keyreport file is present,so skipping creation
2017-03-09 15:48:06,138  - INFO - No of unique keywors for daily report 97
2017-03-09 15:48:06,172  - INFO - process no. 0 started 
2017-03-09 15:48:06,177  - INFO - process no. 1 started 
2017-03-09 15:48:06,181  - INFO - process no. 2 started 
2017-03-09 15:48:06,201  - INFO - process no. 3 started 
2017-03-09 15:48:06,220  - INFO - process no. 6 started 
2017-03-09 15:48:06,224  - INFO - process no. 5 started 
2017-03-09 15:48:06,226  - INFO - process no. 7 started 
2017-03-09 15:48:06,234  - INFO - process no. 9 started 
2017-03-09 15:48:06,239  - INFO - process no. 4 started 
2017-03-09 15:48:06,264  - INFO - process no. 10 started 
2017-03-09 15:48:06,278  - INFO - process no. 8 started 
2017-03-09 15:48:06,311  - INFO - process no. 11 started 
2017-03-09 15:48:06,332  - INFO - process no. 14 started 
2017-03-09 15:48:06,348  - INFO - process no. 12 started 
2017-03-09 15:48:06,356  - INFO - process no. 13 started 
2017-03-09 15:48:25,574  - INFO - inside daily loop
2017-03-09 15:48:25,631  - INFO - Data file for 12 partition is created
2017-03-09 15:48:25,638  - INFO - This process 12 is complete
2017-03-09 15:48:25,737  - INFO - inside daily loop
2017-03-09 15:48:25,744  - INFO - starting for ibm phishing protection keyword
2017-03-09 15:48:25,751  - INFO - keyword,account_count,account_count,cost are ibm phishing protection,1,4,0.0
2017-03-09 15:48:25,782  - INFO - Data file for 1 partition is created
2017-03-09 15:48:25,786  - INFO - This process 1 is complete
2017-03-09 15:48:25,891  - INFO - inside daily loop
2017-03-09 15:48:25,936  - INFO - Data file for 2 partition is created
2017-03-09 15:48:25,936  - INFO - This process 2 is complete
2017-03-09 15:48:26,047  - INFO - inside daily loop
2017-03-09 15:48:26,066  - INFO - Data file for 5 partition is created
2017-03-09 15:48:26,067  - INFO - inside daily loop
2017-03-09 15:48:26,070  - INFO - This process 5 is complete
2017-03-09 15:48:26,089  - INFO - Data file for 4 partition is created
2017-03-09 15:48:26,090  - INFO - This process 4 is complete
2017-03-09 15:48:26,105  - INFO - inside daily loop
2017-03-09 15:48:26,136  - INFO - starting for malware protection keyword
2017-03-09 15:48:26,160  - INFO - keyword,account_count,account_count,cost are malware protection,1,4,596.57
2017-03-09 15:48:26,160  - INFO - starting for ibm trusteer rapport keyword
2017-03-09 15:48:26,163  - INFO - keyword,account_count,account_count,cost are ibm trusteer rapport,1,4,34.97
2017-03-09 15:48:26,170  - INFO - starting for phishing attacks keyword
2017-03-09 15:48:26,172  - INFO - keyword,account_count,account_count,cost are phishing attacks,1,2,17.79
2017-03-09 15:48:26,204  - INFO - Data file for 8 partition is created
2017-03-09 15:48:26,205  - INFO - This process 8 is complete
2017-03-09 15:48:26,206  - INFO - inside daily loop
2017-03-09 15:48:26,208  - INFO - starting for phishing detection keyword
2017-03-09 15:48:26,214  - INFO - keyword,account_count,account_count,cost are phishing detection,1,2,0.0
2017-03-09 15:48:26,238  - INFO - Data file for 0 partition is created
2017-03-09 15:48:26,242  - INFO - This process 0 is complete
2017-03-09 15:48:26,997  - INFO - inside daily loop
2017-03-09 15:48:27,007  - INFO - Data file for 13 partition is created
2017-03-09 15:48:27,018  - INFO - This process 13 is complete
2017-03-09 15:48:27,184  - INFO - inside daily loop
2017-03-09 15:48:27,185  - INFO - starting for phishing prevention keyword
2017-03-09 15:48:27,193  - INFO - keyword,account_count,account_count,cost are phishing prevention,1,2,0.0
2017-03-09 15:48:27,215  - INFO - Data file for 3 partition is created
2017-03-09 15:48:27,215  - INFO - This process 3 is complete
2017-03-09 15:48:27,278  - INFO - inside daily loop
2017-03-09 15:48:27,280  - INFO - starting for phishing protection keyword
2017-03-09 15:48:27,301  - INFO - keyword,account_count,account_count,cost are phishing protection,1,4,6.46
2017-03-09 15:48:27,301  - INFO - starting for security trusteer keyword
2017-03-09 15:48:27,317  - INFO - keyword,account_count,account_count,cost are security trusteer,1,3,29.24
2017-03-09 15:48:27,327  - INFO - inside daily loop
2017-03-09 15:48:27,338  - INFO - inside daily loop
2017-03-09 15:48:27,339  - INFO - starting for ibm cognitive fraud detection keyword
2017-03-09 15:48:27,350  - INFO - Data file for 11 partition is created
2017-03-09 15:48:27,350  - INFO - This process 11 is complete
2017-03-09 15:48:27,351  - INFO - Data file for 6 partition is created
2017-03-09 15:48:27,351  - INFO - This process 6 is complete
2017-03-09 15:48:27,354  - INFO - keyword,account_count,account_count,cost are ibm cognitive fraud detection,1,4,0.0
2017-03-09 15:48:27,354  - INFO - starting for trusteer rapport keyword
2017-03-09 15:48:27,356  - INFO - keyword,account_count,account_count,cost are trusteer rapport,1,2,878.21
2017-03-09 15:48:27,378  - INFO - Data file for 10 partition is created
2017-03-09 15:48:27,379  - INFO - This process 10 is complete
2017-03-09 15:48:27,382  - INFO - inside daily loop
2017-03-09 15:48:27,392  - INFO - Data file for 9 partition is created
2017-03-09 15:48:27,392  - INFO - This process 9 is complete
2017-03-09 15:48:27,454  - INFO - inside daily loop
2017-03-09 15:48:27,456  - INFO - starting for ibm malware detection keyword
2017-03-09 15:48:27,460  - INFO - keyword,account_count,account_count,cost are ibm malware detection,1,4,0.0
2017-03-09 15:48:27,474  - INFO - Data file for 7 partition is created
2017-03-09 15:48:27,474  - INFO - This process 7 is complete
2017-03-09 15:48:30,852  - INFO - inside daily loop
2017-03-09 15:48:30,854  - INFO - starting for ibm malware protection keyword
2017-03-09 15:48:30,857  - INFO - keyword,account_count,account_count,cost are ibm malware protection,1,4,2.53
2017-03-09 15:48:30,857  - INFO - starting for malware detection keyword
2017-03-09 15:48:30,859  - INFO - keyword,account_count,account_count,cost are malware detection,1,4,356.64
2017-03-09 15:48:30,860  - INFO - starting for cognitive fraud detection keyword
2017-03-09 15:48:30,863  - INFO - keyword,account_count,account_count,cost are cognitive fraud detection,1,4,0.0
2017-03-09 15:48:30,878  - INFO - Data file for 14 partition is created
2017-03-09 15:48:30,878  - INFO - This process 14 is complete
2017-03-09 15:48:31,367  - INFO - Starting aggregation
2017-03-09 15:51:42,771  - INFO - Clearing previous csv and xlsx files
2017-03-09 15:51:42,786  - INFO - starting for daily report
2017-03-09 15:51:42,787  - INFO - Keyreport file is present,so skipping creation
2017-03-09 15:51:48,888  - INFO - No of unique keywors for daily report 315
2017-03-09 15:51:48,893  - INFO - process no. 0 started 
2017-03-09 15:51:48,895  - INFO - process no. 1 started 
2017-03-09 15:51:48,899  - INFO - process no. 2 started 
2017-03-09 15:51:48,910  - INFO - process no. 3 started 
2017-03-09 15:51:48,926  - INFO - process no. 4 started 
2017-03-09 15:51:48,927  - INFO - process no. 5 started 
2017-03-09 15:51:48,933  - INFO - process no. 6 started 
2017-03-09 15:51:48,949  - INFO - process no. 13 started 
2017-03-09 15:51:48,959  - INFO - process no. 9 started 
2017-03-09 15:51:48,961  - INFO - process no. 14 started 
2017-03-09 15:51:48,967  - INFO - process no. 7 started 
2017-03-09 15:51:48,968  - INFO - process no. 10 started 
2017-03-09 15:51:48,974  - INFO - process no. 8 started 
2017-03-09 15:51:48,977  - INFO - process no. 12 started 
2017-03-09 15:51:48,991  - INFO - process no. 11 started 
2017-03-09 15:52:12,179  - INFO - inside daily loop
2017-03-09 15:52:12,214  - INFO - Data file for 14 partition is created
2017-03-09 15:52:12,222  - INFO - This process 14 is complete
2017-03-09 15:53:01,171  - INFO - inside daily loop
2017-03-09 15:53:01,192  - INFO - Data file for 10 partition is created
2017-03-09 15:53:01,193  - INFO - This process 10 is complete
2017-03-09 15:53:01,362  - INFO - inside daily loop
2017-03-09 15:53:01,428  - INFO - Data file for 2 partition is created
2017-03-09 15:53:01,428  - INFO - This process 2 is complete
2017-03-09 15:53:01,855  - INFO - inside daily loop
2017-03-09 15:53:01,916  - INFO - Data file for 8 partition is created
2017-03-09 15:53:01,916  - INFO - This process 8 is complete
2017-03-09 15:53:02,035  - INFO - inside daily loop
2017-03-09 15:53:02,068  - INFO - Data file for 13 partition is created
2017-03-09 15:53:02,069  - INFO - This process 13 is complete
2017-03-09 15:53:02,447  - INFO - inside daily loop
2017-03-09 15:53:02,473  - INFO - Data file for 5 partition is created
2017-03-09 15:53:02,481  - INFO - This process 5 is complete
2017-03-09 15:53:02,535  - INFO - inside daily loop
2017-03-09 15:53:02,558  - INFO - Data file for 6 partition is created
2017-03-09 15:53:02,571  - INFO - This process 6 is complete
2017-03-09 15:53:02,746  - INFO - inside daily loop
2017-03-09 15:53:02,766  - INFO - Data file for 0 partition is created
2017-03-09 15:53:02,766  - INFO - This process 0 is complete
2017-03-09 15:53:02,812  - INFO - inside daily loop
2017-03-09 15:53:02,820  - INFO - inside daily loop
2017-03-09 15:53:02,833  - INFO - Data file for 3 partition is created
2017-03-09 15:53:02,834  - INFO - This process 3 is complete
2017-03-09 15:53:02,871  - INFO - Data file for 1 partition is created
2017-03-09 15:53:02,874  - INFO - This process 1 is complete
2017-03-09 15:53:03,048  - INFO - inside daily loop
2017-03-09 15:53:03,078  - INFO - Data file for 7 partition is created
2017-03-09 15:53:03,078  - INFO - This process 7 is complete
2017-03-09 15:53:03,141  - INFO - inside daily loop
2017-03-09 15:53:03,151  - INFO - Data file for 4 partition is created
2017-03-09 15:53:03,152  - INFO - This process 4 is complete
2017-03-09 15:53:03,235  - INFO - inside daily loop
2017-03-09 15:53:03,248  - INFO - Data file for 9 partition is created
2017-03-09 15:53:03,248  - INFO - This process 9 is complete
2017-03-09 15:53:03,371  - INFO - inside daily loop
2017-03-09 15:53:03,379  - INFO - Data file for 11 partition is created
2017-03-09 15:53:03,379  - INFO - This process 11 is complete
2017-03-09 15:53:03,419  - INFO - inside daily loop
2017-03-09 15:53:03,427  - INFO - Data file for 12 partition is created
2017-03-09 15:53:03,427  - INFO - This process 12 is complete
2017-03-09 15:53:04,049  - INFO - Starting aggregation
2017-03-09 15:54:34,128  - INFO - Clearing previous csv and xlsx files
2017-03-09 15:54:34,132  - INFO - starting for daily report
2017-03-09 15:54:34,133  - INFO - Keyreport file is present,so skipping creation
2017-03-09 15:54:35,176  - INFO - No of unique keywors for daily report 315
2017-03-09 15:54:35,182  - INFO - process no. 0 started 
2017-03-09 15:54:35,184  - INFO - process no. 1 started 
2017-03-09 15:54:35,197  - INFO - process no. 2 started 
2017-03-09 15:54:35,199  - INFO - process no. 5 started 
2017-03-09 15:54:35,207  - INFO - process no. 3 started 
2017-03-09 15:54:35,215  - INFO - process no. 6 started 
2017-03-09 15:54:35,226  - INFO - process no. 4 started 
2017-03-09 15:54:35,227  - INFO - process no. 7 started 
2017-03-09 15:54:35,234  - INFO - process no. 13 started 
2017-03-09 15:54:35,240  - INFO - process no. 12 started 
2017-03-09 15:54:35,247  - INFO - process no. 14 started 
2017-03-09 15:54:35,264  - INFO - process no. 9 started 
2017-03-09 15:54:35,234  - INFO - process no. 8 started 
2017-03-09 15:54:35,266  - INFO - process no. 11 started 
2017-03-09 15:54:35,271  - INFO - process no. 10 started 
2017-03-09 15:55:05,332  - INFO - inside daily loop
2017-03-09 15:55:05,395  - INFO - Data file for 14 partition is created
2017-03-09 15:55:05,396  - INFO - This process 14 is complete
2017-03-09 15:56:04,130  - INFO - inside daily loop
2017-03-09 15:56:04,193  - INFO - Data file for 13 partition is created
2017-03-09 15:56:04,208  - INFO - This process 13 is complete
2017-03-09 15:56:06,494  - INFO - inside daily loop
2017-03-09 15:56:06,567  - INFO - Data file for 2 partition is created
2017-03-09 15:56:06,584  - INFO - This process 2 is complete
2017-03-09 15:56:06,980  - INFO - inside daily loop
2017-03-09 15:56:07,053  - INFO - Data file for 1 partition is created
2017-03-09 15:56:07,066  - INFO - This process 1 is complete
2017-03-09 15:56:07,193  - INFO - inside daily loop
2017-03-09 15:56:07,282  - INFO - Data file for 5 partition is created
2017-03-09 15:56:07,306  - INFO - This process 5 is complete
2017-03-09 15:56:07,448  - INFO - inside daily loop
2017-03-09 15:56:07,488  - INFO - Data file for 3 partition is created
2017-03-09 15:56:07,500  - INFO - This process 3 is complete
2017-03-09 15:56:07,961  - INFO - inside daily loop
2017-03-09 15:56:08,042  - INFO - Data file for 8 partition is created
2017-03-09 15:56:08,059  - INFO - This process 8 is complete
2017-03-09 15:56:08,566  - INFO - inside daily loop
2017-03-09 15:56:08,630  - INFO - Data file for 9 partition is created
2017-03-09 15:56:08,630  - INFO - This process 9 is complete
2017-03-09 15:56:08,890  - INFO - inside daily loop
2017-03-09 15:56:08,931  - INFO - Data file for 10 partition is created
2017-03-09 15:56:08,931  - INFO - This process 10 is complete
2017-03-09 15:56:09,092  - INFO - inside daily loop
2017-03-09 15:56:09,110  - INFO - Data file for 4 partition is created
2017-03-09 15:56:09,111  - INFO - This process 4 is complete
2017-03-09 15:56:09,194  - INFO - inside daily loop
2017-03-09 15:56:09,242  - INFO - Data file for 12 partition is created
2017-03-09 15:56:09,243  - INFO - This process 12 is complete
2017-03-09 15:56:09,388  - INFO - inside daily loop
2017-03-09 15:56:09,413  - INFO - Data file for 11 partition is created
2017-03-09 15:56:09,426  - INFO - This process 11 is complete
2017-03-09 15:56:09,582  - INFO - inside daily loop
2017-03-09 15:56:09,584  - INFO - inside daily loop
2017-03-09 15:56:09,592  - INFO - Data file for 6 partition is created
2017-03-09 15:56:09,592  - INFO - This process 6 is complete
2017-03-09 15:56:09,596  - INFO - Data file for 7 partition is created
2017-03-09 15:56:09,597  - INFO - This process 7 is complete
2017-03-09 15:56:09,633  - INFO - inside daily loop
2017-03-09 15:56:09,641  - INFO - Data file for 0 partition is created
2017-03-09 15:56:09,642  - INFO - This process 0 is complete
2017-03-09 15:56:10,368  - INFO - Starting aggregation
