2017-01-14 11:52:51,940  - INFO - Clearing previous csv and xlsx files
2017-01-14 11:52:51,987  - INFO - starting for daily report
2017-01-14 11:52:51,987  - INFO - Keyreport file not present,so creating it
2017-01-14 11:52:51,987  - INFO - List of accounts ['707-950-7033', '570-019-9066', '542-900-1474', '715-355-3492']
2017-01-14 11:52:51,987  - INFO - no. of Yaml files:4
2017-01-14 11:52:51,992  - INFO - starting for this account id :707-950-7033
2017-01-14 11:52:52,000  - INFO - starting for this account id :570-019-9066
2017-01-14 11:52:52,000  - INFO - starting for this account id :715-355-3492
2017-01-14 11:52:52,010  - INFO - starting for this account id :542-900-1474
2017-01-14 11:52:59,846  - INFO - This process is complete
2017-01-14 11:53:01,483  - INFO - This process is complete
2017-01-14 11:53:04,170  - INFO - This process is complete
2017-01-14 11:53:09,693  - INFO - This process is complete
2017-01-14 11:53:10,017  - INFO - doing aggregation to create a single Keyreport file
2017-01-14 11:53:11,409  - INFO - Keyreport file is present,so skipping creation
2017-01-14 11:54:48,471  - INFO - inside daily loop
2017-01-14 11:54:48,687  - INFO - Data file for 46 partition is created
2017-01-14 11:54:48,688  - INFO - This process 46 is complete
2017-01-14 11:54:49,145  - INFO - inside daily loop
2017-01-14 11:54:49,146  - INFO - starting for about ibm bluemix keyword
2017-01-14 11:54:49,214  - INFO - keyword,account_count,account_count,cost are about ibm bluemix,1,29,0.0
2017-01-14 11:54:49,345  - INFO - inside daily loop
2017-01-14 11:54:49,346  - INFO - starting for ibm blue mix dedicated keyword
2017-01-14 11:54:49,426  - INFO - keyword,account_count,account_count,cost are ibm blue mix dedicated,1,29,0.0
2017-01-14 11:54:49,432  - INFO - inside daily loop
2017-01-14 11:54:49,480  - INFO - starting for ibm bluemix local keyword
2017-01-14 11:54:49,427  - INFO - starting for blue mix hybrid keyword
2017-01-14 11:54:49,494  - INFO - keyword,account_count,account_count,cost are blue mix hybrid,1,29,0.0
2017-01-14 11:54:49,584  - INFO - keyword,account_count,account_count,cost are ibm bluemix local,2,51,0.0
2017-01-14 11:54:49,584  - INFO - starting for blumix platform keyword
2017-01-14 11:54:49,588  - INFO - inside daily loop
2017-01-14 11:54:49,587  - INFO - keyword,account_count,account_count,cost are blumix platform,1,29,0.0
2017-01-14 11:54:49,742  - INFO - Data file for 64 partition is created
2017-01-14 11:54:49,742  - INFO - This process 64 is complete
2017-01-14 11:54:49,837  - INFO - Data file for 57 partition is created
2017-01-14 11:54:49,837  - INFO - This process 57 is complete
2017-01-14 11:54:49,865  - INFO - inside daily loop
2017-01-14 11:54:49,898  - INFO - inside daily loop
2017-01-14 11:54:49,911  - INFO - starting for hybrid cloud platforms keyword
2017-01-14 11:54:49,867  - INFO - inside daily loop
2017-01-14 11:54:49,956  - INFO - keyword,account_count,account_count,cost are hybrid cloud platforms,1,41,0.0
2017-01-14 11:54:50,109  - INFO - Data file for 3 partition is created
2017-01-14 11:54:50,109  - INFO - This process 3 is complete
2017-01-14 11:54:50,129  - INFO - Data file for 6 partition is created
2017-01-14 11:54:50,129  - INFO - This process 6 is complete
2017-01-14 11:54:50,205  - INFO - inside daily loop
2017-01-14 11:54:50,206  - INFO - starting for blue mix pricing keyword
2017-01-14 11:54:50,324  - INFO - keyword,account_count,account_count,cost are blue mix pricing,1,29,0.0
2017-01-14 11:54:50,542  - INFO - inside daily loop
2017-01-14 11:54:50,584  - INFO - starting for ibm bluemix free trial keyword
2017-01-14 11:54:50,667  - INFO - Data file for 13 partition is created
2017-01-14 11:54:50,668  - INFO - This process 13 is complete
2017-01-14 11:54:50,674  - INFO - keyword,account_count,account_count,cost are ibm bluemix free trial,1,29,0.0
2017-01-14 11:54:50,687  - INFO - inside daily loop
2017-01-14 11:54:50,712  - INFO - inside daily loop
2017-01-14 11:54:50,790  - INFO - Data file for 10 partition is created
2017-01-14 11:54:50,790  - INFO - This process 10 is complete
2017-01-14 11:54:50,905  - INFO - inside daily loop
2017-01-14 11:54:50,909  - INFO - inside daily loop
2017-01-14 11:54:50,965  - INFO - Data file for 2 partition is created
2017-01-14 11:54:50,965  - INFO - This process 2 is complete
2017-01-14 11:54:50,990  - INFO - inside daily loop
2017-01-14 11:54:51,037  - INFO - Data file for 15 partition is created
2017-01-14 11:54:51,038  - INFO - This process 15 is complete
2017-01-14 11:54:51,021  - INFO - Data file for 56 partition is created
2017-01-14 11:54:51,039  - INFO - This process 56 is complete
2017-01-14 11:54:51,072  - INFO - Data file for 0 partition is created
2017-01-14 11:54:51,073  - INFO - This process 0 is complete
2017-01-14 11:54:51,112  - INFO - inside daily loop
2017-01-14 11:54:51,113  - INFO - starting for ibm blue mix security keyword
2017-01-14 11:54:51,162  - INFO - Data file for 47 partition is created
2017-01-14 11:54:51,163  - INFO - This process 47 is complete
2017-01-14 11:54:51,207  - INFO - Data file for 14 partition is created
2017-01-14 11:54:51,208  - INFO - This process 14 is complete
2017-01-14 11:54:51,241  - INFO - keyword,account_count,account_count,cost are ibm blue mix security,1,29,0.0
2017-01-14 11:54:51,267  - INFO - inside daily loop
2017-01-14 11:54:51,362  - INFO - Data file for 34 partition is created
2017-01-14 11:54:51,362  - INFO - This process 34 is complete
2017-01-14 11:54:51,370  - INFO - inside daily loop
2017-01-14 11:54:51,490  - INFO - inside daily loop
2017-01-14 11:54:51,503  - INFO - Data file for 5 partition is created
2017-01-14 11:54:51,504  - INFO - This process 5 is complete
2017-01-14 11:54:51,431  - INFO - Data file for 24 partition is created
2017-01-14 11:54:51,519  - INFO - This process 24 is complete
2017-01-14 11:54:51,552  - INFO - inside daily loop
2017-01-14 11:54:51,554  - INFO - starting for ibm bluemix keyword
2017-01-14 11:54:51,575  - INFO - inside daily loop
2017-01-14 11:54:51,577  - INFO - starting for ibm blue mix garage keyword
2017-01-14 11:54:51,578  - INFO - Data file for 11 partition is created
2017-01-14 11:54:51,578  - INFO - This process 11 is complete
2017-01-14 11:54:51,614  - INFO - keyword,account_count,account_count,cost are ibm blue mix garage,1,29,0.0
2017-01-14 11:54:51,614  - INFO - starting for ibm bluemix technology keyword
2017-01-14 11:54:51,640  - INFO - keyword,account_count,account_count,cost are ibm bluemix,1,29,0.0
2017-01-14 11:54:51,734  - INFO - keyword,account_count,account_count,cost are ibm bluemix technology,1,29,0.0
2017-01-14 11:54:51,734  - INFO - starting for ibm bluemix dedicated keyword
2017-01-14 11:54:51,791  - INFO - keyword,account_count,account_count,cost are ibm bluemix dedicated,2,51,0.01
2017-01-14 11:54:51,792  - INFO - starting for what is bluemix keyword
2017-01-14 11:54:51,814  - INFO - inside daily loop
2017-01-14 11:54:51,831  - INFO - Data file for 32 partition is created
2017-01-14 11:54:51,831  - INFO - This process 32 is complete
2017-01-14 11:54:51,836  - INFO - inside daily loop
2017-01-14 11:54:51,838  - INFO - starting for what is ibm blue mix keyword
2017-01-14 11:54:51,860  - INFO - starting for ibm blumix garage keyword
2017-01-14 11:54:51,890  - INFO - keyword,account_count,account_count,cost are what is bluemix,1,29,0.0
2017-01-14 11:54:51,912  - INFO - inside daily loop
2017-01-14 11:54:51,926  - INFO - inside daily loop
2017-01-14 11:54:51,952  - INFO - starting for hybrid cloud platform keyword
2017-01-14 11:54:51,977  - INFO - keyword,account_count,account_count,cost are ibm blumix garage,1,29,0.0
2017-01-14 11:54:51,977  - INFO - starting for ibm bluemix information keyword
2017-01-14 11:54:51,981  - INFO - starting for ibm bluemix info keyword
2017-01-14 11:54:52,028  - INFO - keyword,account_count,account_count,cost are what is ibm blue mix,1,29,0.0
2017-01-14 11:54:52,028  - INFO - starting for blumix trial keyword
2017-01-14 11:54:52,033  - INFO - keyword,account_count,account_count,cost are ibm bluemix information,1,29,0.0
2017-01-14 11:54:52,085  - INFO - keyword,account_count,account_count,cost are hybrid cloud platform,1,41,0.0
2017-01-14 11:54:52,085  - INFO - starting for blu mix keyword
2017-01-14 11:54:52,109  - INFO - keyword,account_count,account_count,cost are ibm bluemix info,1,29,0.0
2017-01-14 11:54:52,137  - INFO - keyword,account_count,account_count,cost are blumix trial,1,29,0.0
2017-01-14 11:54:52,137  - INFO - starting for ibm bluemix review keyword
2017-01-14 11:54:52,152  - INFO - keyword,account_count,account_count,cost are blu mix,1,29,0.0
2017-01-14 11:54:52,158  - INFO - Data file for 27 partition is created
2017-01-14 11:54:52,158  - INFO - This process 27 is complete
2017-01-14 11:54:52,170  - INFO - inside daily loop
2017-01-14 11:54:52,200  - INFO - keyword,account_count,account_count,cost are ibm bluemix review,1,29,0.0
2017-01-14 11:54:52,283  - INFO - Data file for 37 partition is created
2017-01-14 11:54:52,284  - INFO - This process 37 is complete
2017-01-14 11:54:52,347  - INFO - starting for ibm blue mix hybrid keyword
2017-01-14 11:54:52,374  - INFO - inside daily loop
2017-01-14 11:54:52,383  - INFO - inside daily loop
2017-01-14 11:54:52,396  - INFO - starting for bluemix dedicated keyword
2017-01-14 11:54:52,400  - INFO - keyword,account_count,account_count,cost are ibm blue mix hybrid,1,29,0.0
2017-01-14 11:54:52,413  - INFO - inside daily loop
2017-01-14 11:54:52,416  - INFO - starting for ibm blue mix application keyword
2017-01-14 11:54:52,445  - INFO - keyword,account_count,account_count,cost are bluemix dedicated,2,51,0.86
2017-01-14 11:54:52,447  - INFO - starting for ibm blue mix pricing keyword
2017-01-14 11:54:52,465  - INFO - keyword,account_count,account_count,cost are ibm blue mix application,1,29,0.0
2017-01-14 11:54:52,480  - INFO - keyword,account_count,account_count,cost are ibm blue mix pricing,1,29,0.0
2017-01-14 11:54:52,481  - INFO - starting for ibm blumix platform keyword
2017-01-14 11:54:52,553  - INFO - keyword,account_count,account_count,cost are ibm blumix platform,1,29,0.0
2017-01-14 11:54:52,753  - INFO - inside daily loop
2017-01-14 11:54:52,754  - INFO - starting for ibm blumix dedicated keyword
2017-01-14 11:54:52,758  - INFO - Data file for 50 partition is created
2017-01-14 11:54:52,777  - INFO - Data file for 7 partition is created
2017-01-14 11:54:52,778  - INFO - This process 7 is complete
2017-01-14 11:54:52,778  - INFO - keyword,account_count,account_count,cost are ibm blumix dedicated,1,29,0.0
2017-01-14 11:54:52,778  - INFO - starting for ibm bluemix reviews keyword
2017-01-14 11:54:52,788  - INFO - inside daily loop
2017-01-14 11:54:52,790  - INFO - starting for ibm blumix trial keyword
2017-01-14 11:54:52,812  - INFO - inside daily loop
2017-01-14 11:54:52,759  - INFO - This process 50 is complete
2017-01-14 11:54:52,877  - INFO - inside daily loop
2017-01-14 11:54:52,909  - INFO - keyword,account_count,account_count,cost are ibm bluemix reviews,1,29,0.0
2017-01-14 11:54:52,879  - INFO - starting for ibm bluemix features keyword
2017-01-14 11:54:52,966  - INFO - keyword,account_count,account_count,cost are ibm blumix trial,1,29,0.0
2017-01-14 11:54:52,966  - INFO - starting for blumix garage keyword
2017-01-14 11:54:52,981  - INFO - keyword,account_count,account_count,cost are ibm bluemix features,1,29,0.0
2017-01-14 11:54:52,981  - INFO - starting for bluemix keyword
2017-01-14 11:54:52,981  - INFO - Data file for 48 partition is created
2017-01-14 11:54:52,981  - INFO - This process 48 is complete
2017-01-14 11:54:53,016  - INFO - inside daily loop
2017-01-14 11:54:53,018  - INFO - starting for bluemix reviews keyword
2017-01-14 11:54:53,060  - INFO - keyword,account_count,account_count,cost are bluemix,1,29,0.0
2017-01-14 11:54:53,101  - INFO - keyword,account_count,account_count,cost are blumix garage,1,29,0.0
2017-01-14 11:54:53,125  - INFO - inside daily loop
2017-01-14 11:54:53,125  - INFO - inside daily loop
2017-01-14 11:54:53,128  - INFO - inside daily loop
2017-01-14 11:54:53,078  - INFO - Data file for 41 partition is created
2017-01-14 11:54:53,223  - INFO - This process 41 is complete
2017-01-14 11:54:53,143  - INFO - keyword,account_count,account_count,cost are bluemix reviews,1,29,0.0
2017-01-14 11:54:53,235  - INFO - starting for local cloud keyword
2017-01-14 11:54:53,239  - INFO - starting for blue mix dedicated keyword
2017-01-14 11:54:53,295  - INFO - keyword,account_count,account_count,cost are local cloud,1,41,0.0
2017-01-14 11:54:53,318  - INFO - Data file for 20 partition is created
2017-01-14 11:54:53,318  - INFO - Data file for 62 partition is created
2017-01-14 11:54:53,318  - INFO - This process 62 is complete
2017-01-14 11:54:53,318  - INFO - This process 20 is complete
2017-01-14 11:54:53,377  - INFO - Data file for 35 partition is created
2017-01-14 11:54:53,377  - INFO - This process 35 is complete
2017-01-14 11:54:53,331  - INFO - keyword,account_count,account_count,cost are blue mix dedicated,1,29,0.0
2017-01-14 11:54:53,462  - INFO - inside daily loop
2017-01-14 11:54:53,626  - INFO - Data file for 8 partition is created
2017-01-14 11:54:53,626  - INFO - This process 8 is complete
2017-01-14 11:54:53,655  - INFO - inside daily loop
2017-01-14 11:54:53,658  - INFO - Data file for 55 partition is created
2017-01-14 11:54:53,658  - INFO - This process 55 is complete
2017-01-14 11:54:53,709  - INFO - starting for ibm bluemix hybrid keyword
2017-01-14 11:54:53,740  - INFO - Data file for 28 partition is created
2017-01-14 11:54:53,740  - INFO - This process 28 is complete
2017-01-14 11:54:53,800  - INFO - Data file for 51 partition is created
2017-01-14 11:54:53,801  - INFO - This process 51 is complete
2017-01-14 11:54:53,836  - INFO - keyword,account_count,account_count,cost are ibm bluemix hybrid,2,51,0.0
2017-01-14 11:54:53,913  - INFO - Data file for 19 partition is created
2017-01-14 11:54:53,913  - INFO - This process 19 is complete
2017-01-14 11:54:53,926  - INFO - inside daily loop
2017-01-14 11:54:54,008  - INFO - starting for bluemix free trial keyword
2017-01-14 11:54:54,065  - INFO - inside daily loop
2017-01-14 11:54:54,065  - INFO - inside daily loop
2017-01-14 11:54:54,067  - INFO - starting for blue mix local keyword
2017-01-14 11:54:54,112  - INFO - keyword,account_count,account_count,cost are bluemix free trial,1,29,0.0
2017-01-14 11:54:54,118  - INFO - Data file for 21 partition is created
2017-01-14 11:54:54,119  - INFO - This process 21 is complete
2017-01-14 11:54:54,128  - INFO - inside daily loop
2017-01-14 11:54:54,130  - INFO - starting for what is ibm blumix keyword
2017-01-14 11:54:54,156  - INFO - keyword,account_count,account_count,cost are blue mix local,1,29,0.0
2017-01-14 11:54:54,157  - INFO - starting for ibm bluemix platform keyword
2017-01-14 11:54:54,159  - INFO - Data file for 61 partition is created
2017-01-14 11:54:54,160  - INFO - This process 61 is complete
2017-01-14 11:54:54,190  - INFO - keyword,account_count,account_count,cost are ibm bluemix platform,1,29,0.0
2017-01-14 11:54:54,183  - INFO - keyword,account_count,account_count,cost are what is ibm blumix,1,29,0.0
2017-01-14 11:54:54,226  - INFO - starting for blumix application keyword
2017-01-14 11:54:54,248  - INFO - Data file for 36 partition is created
2017-01-14 11:54:54,248  - INFO - This process 36 is complete
2017-01-14 11:54:54,266  - INFO - keyword,account_count,account_count,cost are blumix application,1,29,0.0
2017-01-14 11:54:54,283  - INFO - inside daily loop
2017-01-14 11:54:54,284  - INFO - starting for blumix keyword
2017-01-14 11:54:54,300  - INFO - inside daily loop
2017-01-14 11:54:54,302  - INFO - starting for ibm bluemix applications keyword
2017-01-14 11:54:54,357  - INFO - keyword,account_count,account_count,cost are ibm bluemix applications,1,29,0.0
2017-01-14 11:54:54,362  - INFO - keyword,account_count,account_count,cost are blumix,1,29,0.0
2017-01-14 11:54:54,381  - INFO - Data file for 1 partition is created
2017-01-14 11:54:54,381  - INFO - This process 1 is complete
2017-01-14 11:54:54,419  - INFO - Data file for 30 partition is created
2017-01-14 11:54:54,419  - INFO - This process 30 is complete
2017-01-14 11:54:54,437  - INFO - Data file for 26 partition is created
2017-01-14 11:54:54,437  - INFO - This process 26 is complete
2017-01-14 11:54:54,525  - INFO - inside daily loop
2017-01-14 11:54:54,573  - INFO - starting for hybrid cloud keyword
2017-01-14 11:54:54,580  - INFO - Data file for 25 partition is created
2017-01-14 11:54:54,591  - INFO - This process 25 is complete
2017-01-14 11:54:54,654  - INFO - keyword,account_count,account_count,cost are hybrid cloud,2,62,1160.47
2017-01-14 11:54:54,771  - INFO - Data file for 67 partition is created
2017-01-14 11:54:54,771  - INFO - This process 67 is complete
2017-01-14 11:54:54,809  - INFO - Data file for 17 partition is created
2017-01-14 11:54:54,809  - INFO - This process 17 is complete
2017-01-14 11:54:54,826  - INFO - inside daily loop
2017-01-14 11:54:54,948  - INFO - starting for blue mix cloud keyword
2017-01-14 11:54:54,997  - INFO - keyword,account_count,account_count,cost are blue mix cloud,1,29,0.0
2017-01-14 11:54:55,014  - INFO - Data file for 12 partition is created
2017-01-14 11:54:55,014  - INFO - This process 12 is complete
2017-01-14 11:54:55,094  - INFO - inside daily loop
2017-01-14 11:54:55,173  - INFO - starting for bluemix platform keyword
2017-01-14 11:54:55,180  - INFO - Data file for 40 partition is created
2017-01-14 11:54:55,180  - INFO - This process 40 is complete
2017-01-14 11:54:55,243  - INFO - inside daily loop
2017-01-14 11:54:55,245  - INFO - starting for bluemix security keyword
2017-01-14 11:54:55,300  - INFO - keyword,account_count,account_count,cost are bluemix platform,1,29,0.0
2017-01-14 11:54:55,300  - INFO - starting for what is blumix keyword
2017-01-14 11:54:55,307  - INFO - Data file for 59 partition is created
2017-01-14 11:54:55,307  - INFO - This process 59 is complete
2017-01-14 11:54:55,314  - INFO - keyword,account_count,account_count,cost are bluemix security,1,29,0.0
2017-01-14 11:54:55,330  - INFO - keyword,account_count,account_count,cost are what is blumix,1,29,0.0
2017-01-14 11:54:55,330  - INFO - starting for ibm blue mix local keyword
2017-01-14 11:54:55,366  - INFO - inside daily loop
2017-01-14 11:54:55,368  - INFO - Data file for 33 partition is created
2017-01-14 11:54:55,369  - INFO - This process 33 is complete
2017-01-14 11:54:55,314  - INFO - starting for bluemix hybrid cloud keyword
2017-01-14 11:54:55,359  - INFO - keyword,account_count,account_count,cost are ibm blue mix local,1,29,0.0
2017-01-14 11:54:55,450  - INFO - starting for ibm blue mix cloud keyword
2017-01-14 11:54:55,402  - INFO - keyword,account_count,account_count,cost are bluemix hybrid cloud,2,51,0.0
2017-01-14 11:54:55,475  - INFO - starting for bluemix com keyword
2017-01-14 11:54:55,478  - INFO - keyword,account_count,account_count,cost are bluemix com,1,29,0.0
2017-01-14 11:54:55,517  - INFO - keyword,account_count,account_count,cost are ibm blue mix cloud,1,29,0.0
2017-01-14 11:54:55,525  - INFO - inside daily loop
2017-01-14 11:54:55,573  - INFO - starting for ibm bluemix support keyword
2017-01-14 11:54:55,661  - INFO - Data file for 44 partition is created
2017-01-14 11:54:55,662  - INFO - This process 44 is complete
2017-01-14 11:54:55,610  - INFO - inside daily loop
2017-01-14 11:54:55,664  - INFO - starting for ibm blue mix review keyword
2017-01-14 11:54:55,700  - INFO - keyword,account_count,account_count,cost are ibm bluemix support,1,29,0.0
2017-01-14 11:54:55,732  - INFO - keyword,account_count,account_count,cost are ibm blue mix review,1,29,0.0
2017-01-14 11:54:55,732  - INFO - starting for ibm bluemix case studies keyword
2017-01-14 11:54:55,751  - INFO - inside daily loop
2017-01-14 11:54:55,768  - INFO - starting for bluemix local keyword
2017-01-14 11:54:55,772  - INFO - keyword,account_count,account_count,cost are ibm bluemix case studies,1,29,0.0
2017-01-14 11:54:55,816  - INFO - keyword,account_count,account_count,cost are bluemix local,2,51,0.0
2017-01-14 11:54:55,817  - INFO - starting for bluemix open source keyword
2017-01-14 11:54:55,846  - INFO - inside daily loop
2017-01-14 11:54:55,818  - INFO - inside daily loop
2017-01-14 11:54:55,875  - INFO - starting for cloud application development platform keyword
2017-01-14 11:54:55,882  - INFO - starting for ibm bluemix trial keyword
2017-01-14 11:54:55,915  - INFO - keyword,account_count,account_count,cost are bluemix open source,1,29,0.0
2017-01-14 11:54:55,916  - INFO - starting for ibm blumix keyword
2017-01-14 11:54:55,924  - INFO - keyword,account_count,account_count,cost are cloud application development platform,1,21,0.0
2017-01-14 11:54:55,964  - INFO - Data file for 18 partition is created
2017-01-14 11:54:55,964  - INFO - This process 18 is complete
2017-01-14 11:54:55,970  - INFO - keyword,account_count,account_count,cost are ibm bluemix trial,1,29,0.0
2017-01-14 11:54:55,970  - INFO - starting for ibm bluemix security keyword
2017-01-14 11:54:56,018  - INFO - keyword,account_count,account_count,cost are ibm bluemix security,1,29,0.0
2017-01-14 11:54:56,024  - INFO - keyword,account_count,account_count,cost are ibm blumix,1,29,0.0
2017-01-14 11:54:56,061  - INFO - inside daily loop
2017-01-14 11:54:56,082  - INFO - inside daily loop
2017-01-14 11:54:56,084  - INFO - inside daily loop
2017-01-14 11:54:56,086  - INFO - starting for ibm blumix cloud keyword
2017-01-14 11:54:56,117  - INFO - Data file for 23 partition is created
2017-01-14 11:54:56,118  - INFO - This process 23 is complete
2017-01-14 11:54:56,125  - INFO - starting for blumix cloud keyword
2017-01-14 11:54:56,140  - INFO - starting for dedicated cloud keyword
2017-01-14 11:54:56,195  - INFO - Data file for 54 partition is created
2017-01-14 11:54:56,196  - INFO - This process 54 is complete
2017-01-14 11:54:56,204  - INFO - keyword,account_count,account_count,cost are ibm blumix cloud,1,29,0.0
2017-01-14 11:54:56,204  - INFO - starting for bluemix case studies keyword
2017-01-14 11:54:56,207  - INFO - keyword,account_count,account_count,cost are dedicated cloud,1,41,213.09
2017-01-14 11:54:56,207  - INFO - starting for ibm bluemix private cloud keyword
2017-01-14 11:54:56,210  - INFO - keyword,account_count,account_count,cost are ibm bluemix private cloud,1,29,0.0
2017-01-14 11:54:56,210  - INFO - starting for bluemix garage keyword
2017-01-14 11:54:56,221  - INFO - keyword,account_count,account_count,cost are blumix cloud,1,29,0.0
2017-01-14 11:54:56,221  - INFO - starting for bluemix private cloud keyword
2017-01-14 11:54:56,258  - INFO - keyword,account_count,account_count,cost are bluemix private cloud,1,29,0.0
2017-01-14 11:54:56,258  - INFO - starting for bluemix cloud keyword
2017-01-14 11:54:56,265  - INFO - inside daily loop
2017-01-14 11:54:56,271  - INFO - keyword,account_count,account_count,cost are bluemix case studies,1,29,0.0
2017-01-14 11:54:56,282  - INFO - inside daily loop
2017-01-14 11:54:56,284  - INFO - starting for ibm blumix application keyword
2017-01-14 11:54:56,299  - INFO - keyword,account_count,account_count,cost are bluemix cloud,1,29,0.0
2017-01-14 11:54:56,299  - INFO - starting for open source cloud platform keyword
2017-01-14 11:54:56,306  - INFO - keyword,account_count,account_count,cost are bluemix garage,1,29,0.0
2017-01-14 11:54:56,307  - INFO - starting for cloud computing services keyword
2017-01-14 11:54:56,318  - INFO - starting for ibm bluemix pricing keyword
2017-01-14 11:54:56,339  - INFO - keyword,account_count,account_count,cost are open source cloud platform,1,21,0.0
2017-01-14 11:54:56,352  - INFO - Data file for 45 partition is created
2017-01-14 11:54:56,352  - INFO - This process 45 is complete
2017-01-14 11:54:56,369  - INFO - keyword,account_count,account_count,cost are cloud computing services,1,21,0.0
2017-01-14 11:54:56,369  - INFO - keyword,account_count,account_count,cost are ibm blumix application,1,29,0.0
2017-01-14 11:54:56,369  - INFO - starting for bluemix applications keyword
2017-01-14 11:54:56,391  - INFO - keyword,account_count,account_count,cost are bluemix applications,1,29,0.0
2017-01-14 11:54:56,400  - INFO - starting for ibm bluemix hybrid cloud keyword
2017-01-14 11:54:56,401  - INFO - keyword,account_count,account_count,cost are ibm bluemix pricing,1,29,0.0
2017-01-14 11:54:56,401  - INFO - starting for ibm bluemix demo keyword
2017-01-14 11:54:56,405  - INFO - keyword,account_count,account_count,cost are ibm bluemix hybrid cloud,1,22,0.0
2017-01-14 11:54:56,405  - INFO - starting for bluemix technology keyword
2017-01-14 11:54:56,396  - INFO - Data file for 9 partition is created
2017-01-14 11:54:56,411  - INFO - This process 9 is complete
2017-01-14 11:54:56,425  - INFO - inside daily loop
2017-01-14 11:54:56,448  - INFO - starting for cloud PaaS keyword
2017-01-14 11:54:56,465  - INFO - keyword,account_count,account_count,cost are bluemix technology,1,29,0.0
2017-01-14 11:54:56,467  - INFO - inside daily loop
2017-01-14 11:54:56,468  - INFO - starting for blue mix application keyword
2017-01-14 11:54:56,493  - INFO - keyword,account_count,account_count,cost are blue mix application,1,29,0.0
2017-01-14 11:54:56,493  - INFO - starting for blue mix trial keyword
2017-01-14 11:54:56,459  - INFO - keyword,account_count,account_count,cost are ibm bluemix demo,1,29,0.0
2017-01-14 11:54:56,462  - INFO - inside daily loop
2017-01-14 11:54:56,516  - INFO - starting for bluemix trial keyword
2017-01-14 11:54:56,527  - INFO - keyword,account_count,account_count,cost are cloud PaaS,1,21,0.0
2017-01-14 11:54:56,528  - INFO - starting for ibm bluemix free keyword
2017-01-14 11:54:56,546  - INFO - keyword,account_count,account_count,cost are blue mix trial,1,29,0.0
2017-01-14 11:54:56,546  - INFO - starting for ibm bluemix cloud keyword
2017-01-14 11:54:56,551  - INFO - keyword,account_count,account_count,cost are ibm bluemix free,1,29,0.0
2017-01-14 11:54:56,552  - INFO - starting for ibm bluemix garage keyword
2017-01-14 11:54:56,568  - INFO - keyword,account_count,account_count,cost are bluemix trial,1,29,0.0
2017-01-14 11:54:56,568  - INFO - starting for public cloud keyword
2017-01-14 11:54:56,572  - INFO - Data file for 29 partition is created
2017-01-14 11:54:56,574  - INFO - Data file for 52 partition is created
2017-01-14 11:54:56,577  - INFO - This process 29 is complete
2017-01-14 11:54:56,620  - INFO - keyword,account_count,account_count,cost are public cloud,1,41,465.99
2017-01-14 11:54:56,627  - INFO - starting for bluemix pricing keyword
2017-01-14 11:54:56,582  - INFO - inside daily loop
2017-01-14 11:54:56,586  - INFO - keyword,account_count,account_count,cost are ibm bluemix garage,1,29,0.0
2017-01-14 11:54:56,589  - INFO - keyword,account_count,account_count,cost are ibm bluemix cloud,1,29,0.0
2017-01-14 11:54:56,633  - INFO - starting for blumix dedicated keyword
2017-01-14 11:54:56,591  - INFO - Data file for 16 partition is created
2017-01-14 11:54:56,635  - INFO - This process 16 is complete
2017-01-14 11:54:56,638  - INFO - starting for what is blue mix keyword
2017-01-14 11:54:56,645  - INFO - keyword,account_count,account_count,cost are blumix dedicated,1,29,0.0
2017-01-14 11:54:56,663  - INFO - This process 52 is complete
2017-01-14 11:54:56,666  - INFO - keyword,account_count,account_count,cost are bluemix pricing,1,29,0.0
2017-01-14 11:54:56,599  - INFO - inside daily loop
2017-01-14 11:54:56,679  - INFO - starting for blue mix security keyword
2017-01-14 11:54:56,684  - INFO - keyword,account_count,account_count,cost are what is blue mix,1,29,0.0
2017-01-14 11:54:56,716  - INFO - keyword,account_count,account_count,cost are blue mix security,1,29,0.0
2017-01-14 11:54:56,717  - INFO - starting for blue mix garage keyword
2017-01-14 11:54:56,724  - INFO - inside daily loop
2017-01-14 11:54:56,725  - INFO - starting for ibm blue mix keyword
2017-01-14 11:54:56,749  - INFO - keyword,account_count,account_count,cost are blue mix garage,1,29,0.0
2017-01-14 11:54:56,766  - INFO - starting for blue mix platform keyword
2017-01-14 11:54:56,767  - INFO - keyword,account_count,account_count,cost are ibm blue mix,1,29,0.0
2017-01-14 11:54:56,768  - INFO - starting for getting started with ibm bluemix keyword
2017-01-14 11:54:56,777  - INFO - inside daily loop
2017-01-14 11:54:56,808  - INFO - keyword,account_count,account_count,cost are blue mix platform,1,29,0.0
2017-01-14 11:54:56,814  - INFO - starting for bluemix support keyword
2017-01-14 11:54:56,835  - INFO - keyword,account_count,account_count,cost are getting started with ibm bluemix,1,29,0.0
2017-01-14 11:54:56,836  - INFO - starting for bluemix application keyword
2017-01-14 11:54:56,853  - INFO - keyword,account_count,account_count,cost are bluemix application,1,29,0.0
2017-01-14 11:54:56,858  - INFO - keyword,account_count,account_count,cost are bluemix support,1,29,0.0
2017-01-14 11:54:56,858  - INFO - starting for ibm blue mix platform keyword
2017-01-14 11:54:56,865  - INFO - inside daily loop
2017-01-14 11:54:56,892  - INFO - keyword,account_count,account_count,cost are ibm blue mix platform,1,29,0.0
2017-01-14 11:54:56,893  - INFO - starting for ibm blue mix trial keyword
2017-01-14 11:54:56,897  - INFO - keyword,account_count,account_count,cost are ibm blue mix trial,1,29,0.0
2017-01-14 11:54:56,897  - INFO - starting for bluemix hybrid keyword
2017-01-14 11:54:56,903  - INFO - starting for bluemix free keyword
2017-01-14 11:54:56,916  - INFO - Data file for 58 partition is created
2017-01-14 11:54:56,917  - INFO - This process 58 is complete
2017-01-14 11:54:56,935  - INFO - keyword,account_count,account_count,cost are bluemix free,1,29,0.0
2017-01-14 11:54:56,935  - INFO - starting for what is ibm bluemix keyword
2017-01-14 11:54:56,938  - INFO - keyword,account_count,account_count,cost are what is ibm bluemix,1,29,0.0
2017-01-14 11:54:56,938  - INFO - starting for blue mix keyword
2017-01-14 11:54:56,949  - INFO - keyword,account_count,account_count,cost are bluemix hybrid,2,51,0.0
2017-01-14 11:54:56,984  - INFO - inside daily loop
2017-01-14 11:54:56,995  - INFO - keyword,account_count,account_count,cost are blue mix,1,29,0.0
2017-01-14 11:54:57,006  - INFO - starting for blue mix com keyword
2017-01-14 11:54:57,013  - INFO - Data file for 66 partition is created
2017-01-14 11:54:57,013  - INFO - This process 66 is complete
2017-01-14 11:54:57,017  - INFO - keyword,account_count,account_count,cost are blue mix com,1,29,0.0
2017-01-14 11:54:57,017  - INFO - starting for about bluemix keyword
2017-01-14 11:54:57,053  - INFO - Data file for 68 partition is created
2017-01-14 11:54:57,053  - INFO - This process 68 is complete
2017-01-14 11:54:57,061  - INFO - keyword,account_count,account_count,cost are about bluemix,1,29,0.0
2017-01-14 11:54:57,061  - INFO - starting for ibm bluemix application keyword
2017-01-14 11:54:57,083  - INFO - keyword,account_count,account_count,cost are ibm bluemix application,1,29,0.0
2017-01-14 11:54:57,112  - INFO - Data file for 63 partition is created
2017-01-14 11:54:57,112  - INFO - This process 63 is complete
2017-01-14 11:54:57,114  - INFO - Data file for 43 partition is created
2017-01-14 11:54:57,114  - INFO - This process 43 is complete
2017-01-14 11:54:57,137  - INFO - Data file for 31 partition is created
2017-01-14 11:54:57,138  - INFO - This process 31 is complete
2017-01-14 11:54:57,202  - INFO - Data file for 49 partition is created
2017-01-14 11:54:57,202  - INFO - This process 49 is complete
2017-01-14 11:54:57,204  - INFO - Data file for 39 partition is created
2017-01-14 11:54:57,205  - INFO - This process 39 is complete
2017-01-14 11:54:57,235  - INFO - Data file for 4 partition is created
2017-01-14 11:54:57,235  - INFO - This process 4 is complete
2017-01-14 11:54:57,269  - INFO - Data file for 53 partition is created
2017-01-14 11:54:57,269  - INFO - This process 53 is complete
2017-01-14 11:54:57,357  - INFO - Data file for 22 partition is created
2017-01-14 11:54:57,357  - INFO - This process 22 is complete
2017-01-14 11:54:57,421  - INFO - Data file for 60 partition is created
2017-01-14 11:54:57,421  - INFO - This process 60 is complete
2017-01-14 11:54:57,476  - INFO - Data file for 42 partition is created
2017-01-14 11:54:57,477  - INFO - This process 42 is complete
2017-01-14 11:54:57,556  - INFO - Data file for 38 partition is created
2017-01-14 11:54:57,556  - INFO - This process 38 is complete
2017-01-14 11:54:57,567  - INFO - Data file for 65 partition is created
2017-01-14 11:54:57,568  - INFO - This process 65 is complete
2017-01-14 11:55:00,064  - INFO - inside daily loop
2017-01-14 11:55:00,081  - INFO - Data file for 69 partition is created
2017-01-14 11:55:00,082  - INFO - This process 69 is complete
2017-01-14 11:55:00,675  - INFO - Starting aggregation
