2017-03-16 14:56:34,825  - INFO - Clearing previous csv and xlsx files
2017-03-16 14:56:34,856  - INFO - starting for by daily report
2017-03-16 14:56:53,308  - INFO - file named IBM_key1.csv downloaded successfully
2017-03-16 14:56:55,027  - INFO - file named IBM_key2.csv downloaded successfully
2017-03-16 14:56:55,028  - ERROR - Some files are not downloaded
None
2017-03-16 14:56:55,029  - INFO - Keyreport file not present,so creating it
2017-03-16 14:56:55,043  - INFO - url of sheet which we are hitting {'https://docs.google.com/spreadsheets/d/1TnhTtkISzPJvWOL06PnsVet7lcJEBbqjF7SeXLXH4jo/edit#gid=0': {'NOMBRE': 'test2'}}
2017-03-16 14:56:55,043  - INFO - URL from which we are getting list of accounts:{'https://docs.google.com/spreadsheets/d/1TnhTtkISzPJvWOL06PnsVet7lcJEBbqjF7SeXLXH4jo/edit#gid=0': {'NOMBRE': 'test2'}}
2017-03-16 14:56:55,893  - INFO - Connected to drive
2017-03-16 14:56:55,893  - INFO - Connected to google drive

2017-03-16 14:57:12,630  - INFO - List of accounts ['2809296861', '7813355720', '4804168647', '2231303651', '5689562067', '8697947664', '1507219704', '7652731314', '4718565953', '4427418816', '4414603918', '9641959361', '7997640368', '8368566800', '1913979284', '2677004727', '6256210439', '5449804993', '5324634234', '7153553492', '5305821365', '1775729480', '2944469928', '7636545669', '1076682543', '7902277106', '8725279362', '8638326204', '7883681562', '4830309918', '5168582986', '7079507033', '7008363161', '9391425334', '4033594085', '1181577747', '5643789204', '7194648907', '5596963937', '8652974884', '1158680681', '5905426474', '9315874047', '8808092456', '1437740590', '1980447844', '5385948464', '5481211928', '8048364176', '8317079318', '8894727133', '8950841751', '5727312516', '7653538731', '5260395623', '2055158184', '3507344855', '4143834440', '1119144035', '3303736528', '5543791114', '8847228380', '3407444652', '2010858735', '8676621406', '3602460396', '3924629577', '5033784069', '6986394311', '6508276876', '2376534971', '1236436471', '7162590027', '4234305823', '4943932774', '3484811464', '9517338753', '7491622727', '9469342557', '5429001474', '1086771272', '9050771087', '1131954238', '7067472045']
2017-03-16 14:57:12,630  - INFO - no. of Yaml files:84
2017-03-16 14:57:12,635  - INFO - starting for this account id :2809296861
2017-03-16 14:57:12,638  - INFO - starting for this account id :7813355720
2017-03-16 14:57:12,648  - INFO - starting for this account id :4804168647
2017-03-16 14:57:12,661  - INFO - starting for this account id :2231303651
2017-03-16 14:57:12,665  - INFO - starting for this account id :5689562067
2017-03-16 14:57:12,676  - INFO - starting for this account id :8697947664
2017-03-16 14:57:12,677  - INFO - starting for this account id :1507219704
2017-03-16 14:57:12,701  - INFO - starting for this account id :4414603918
2017-03-16 14:57:12,704  - INFO - starting for this account id :7997640368
2017-03-16 14:57:12,705  - INFO - starting for this account id :7652731314
2017-03-16 14:57:12,706  - INFO - starting for this account id :8368566800
2017-03-16 14:57:12,713  - INFO - starting for this account id :1913979284
2017-03-16 14:57:12,715  - INFO - starting for this account id :2677004727
2017-03-16 14:57:12,720  - INFO - starting for this account id :9641959361
2017-03-16 14:57:12,724  - INFO - starting for this account id :4427418816
2017-03-16 14:57:12,719  - INFO - starting for this account id :4718565953
2017-03-16 14:57:12,785  - INFO - starting for this account id :5324634234
2017-03-16 14:57:12,787  - INFO - starting for this account id :7153553492
2017-03-16 14:57:12,798  - INFO - starting for this account id :5449804993
2017-03-16 14:57:12,800  - INFO - starting for this account id :6256210439
2017-03-16 14:57:12,839  - INFO - starting for this account id :5305821365
2017-03-16 14:57:12,887  - INFO - starting for this account id :7636545669
2017-03-16 14:57:12,888  - INFO - starting for this account id :1775729480
2017-03-16 14:57:12,888  - INFO - starting for this account id :2944469928
2017-03-16 14:57:12,893  - INFO - starting for this account id :1076682543
2017-03-16 14:57:12,920  - INFO - starting for this account id :7902277106
2017-03-16 14:57:12,948  - INFO - starting for this account id :4830309918
2017-03-16 14:57:12,949  - INFO - starting for this account id :7883681562
2017-03-16 14:57:12,958  - INFO - starting for this account id :8725279362
2017-03-16 14:57:12,960  - INFO - starting for this account id :7079507033
2017-03-16 14:57:12,968  - INFO - starting for this account id :8638326204
2017-03-16 14:57:12,979  - INFO - starting for this account id :5168582986
2017-03-16 14:57:12,994  - INFO - starting for this account id :7008363161
2017-03-16 14:57:13,012  - INFO - starting for this account id :9391425334
2017-03-16 14:57:13,043  - INFO - starting for this account id :4033594085
2017-03-16 14:57:13,049  - INFO - starting for this account id :1181577747
2017-03-16 14:57:13,080  - INFO - starting for this account id :5643789204
2017-03-16 14:57:13,094  - INFO - starting for this account id :7194648907
2017-03-16 14:57:13,129  - INFO - starting for this account id :1158680681
2017-03-16 14:57:13,130  - INFO - starting for this account id :5596963937
2017-03-16 14:57:13,139  - INFO - starting for this account id :5905426474
2017-03-16 14:57:13,135  - INFO - starting for this account id :8652974884
2017-03-16 14:57:13,171  - INFO - starting for this account id :9315874047
2017-03-16 14:57:13,190  - INFO - starting for this account id :8808092456
2017-03-16 14:57:13,199  - INFO - starting for this account id :1437740590
2017-03-16 14:57:13,222  - INFO - starting for this account id :5481211928
2017-03-16 14:57:13,251  - INFO - starting for this account id :8317079318
2017-03-16 14:57:13,259  - INFO - starting for this account id :5385948464
2017-03-16 14:57:13,274  - INFO - starting for this account id :8048364176
2017-03-16 14:57:13,279  - INFO - starting for this account id :8950841751
2017-03-16 14:57:13,280  - INFO - starting for this account id :5727312516
2017-03-16 14:57:13,293  - INFO - starting for this account id :1980447844
2017-03-16 14:57:13,299  - INFO - starting for this account id :7653538731
2017-03-16 14:57:13,305  - INFO - starting for this account id :8894727133
2017-03-16 14:57:13,337  - INFO - starting for this account id :5260395623
2017-03-16 14:57:13,364  - INFO - starting for this account id :2055158184
2017-03-16 14:57:13,376  - INFO - starting for this account id :3507344855
2017-03-16 14:57:13,388  - INFO - starting for this account id :4143834440
2017-03-16 14:57:13,465  - INFO - starting for this account id :3303736528
2017-03-16 14:57:13,477  - INFO - starting for this account id :5543791114
2017-03-16 14:57:13,467  - INFO - starting for this account id :2010858735
2017-03-16 14:57:13,480  - INFO - starting for this account id :3407444652
2017-03-16 14:57:13,524  - INFO - starting for this account id :8847228380
2017-03-16 14:57:13,536  - INFO - starting for this account id :3602460396
2017-03-16 14:57:13,567  - INFO - starting for this account id :1119144035
2017-03-16 14:57:13,589  - INFO - starting for this account id :5033784069
2017-03-16 14:57:13,593  - INFO - starting for this account id :8676621406
2017-03-16 14:57:13,613  - INFO - starting for this account id :6986394311
2017-03-16 14:57:13,642  - INFO - starting for this account id :1236436471
2017-03-16 14:57:13,663  - INFO - starting for this account id :3924629577
2017-03-16 14:57:13,679  - INFO - starting for this account id :7162590027
2017-03-16 14:57:13,680  - INFO - starting for this account id :6508276876
2017-03-16 14:57:13,709  - INFO - starting for this account id :2376534971
2017-03-16 14:57:13,718  - INFO - starting for this account id :4234305823
2017-03-16 14:57:13,752  - INFO - starting for this account id :3484811464
2017-03-16 14:57:13,798  - INFO - starting for this account id :9517338753
2017-03-16 14:57:13,860  - INFO - starting for this account id :9469342557
2017-03-16 14:57:13,889  - INFO - starting for this account id :7491622727
2017-03-16 14:57:13,900  - INFO - starting for this account id :1086771272
2017-03-16 14:57:13,902  - INFO - starting for this account id :9050771087
2017-03-16 14:57:13,917  - INFO - starting for this account id :5429001474
2017-03-16 14:57:13,960  - INFO - starting for this account id :1131954238
2017-03-16 14:57:13,970  - INFO - starting for this account id :4943932774
2017-03-16 14:57:13,981  - INFO - starting for this account id :7067472045
2017-03-16 14:57:25,207  - INFO - This process is complete
2017-03-16 14:57:26,684  - INFO - This process is complete
2017-03-16 14:57:27,391  - INFO - This process is complete
2017-03-16 14:57:27,397  - INFO - This process is complete
2017-03-16 14:57:28,446  - INFO - This process is complete
2017-03-16 14:57:29,278  - INFO - This process is complete
2017-03-16 14:57:29,411  - INFO - This process is complete
2017-03-16 14:57:29,796  - INFO - This process is complete
2017-03-16 14:57:30,204  - INFO - This process is complete
2017-03-16 14:57:30,358  - INFO - This process is complete
2017-03-16 14:57:30,447  - INFO - This process is complete
2017-03-16 14:57:30,462  - INFO - This process is complete
2017-03-16 14:57:30,534  - INFO - This process is complete
2017-03-16 14:57:30,606  - INFO - This process is complete
2017-03-16 14:57:31,048  - INFO - This process is complete
2017-03-16 14:57:31,239  - INFO - This process is complete
2017-03-16 14:57:32,001  - INFO - This process is complete
2017-03-16 14:57:33,047  - INFO - This process is complete
2017-03-16 14:57:33,426  - INFO - This process is complete
2017-03-16 14:57:34,538  - INFO - This process is complete
2017-03-16 14:57:34,652  - INFO - This process is complete
2017-03-16 14:57:34,755  - INFO - This process is complete
2017-03-16 14:57:34,767  - INFO - This process is complete
2017-03-16 14:57:35,204  - INFO - This process is complete
2017-03-16 14:57:35,748  - INFO - This process is complete
2017-03-16 14:57:36,219  - INFO - This process is complete
2017-03-16 14:57:36,710  - INFO - This process is complete
2017-03-16 14:57:36,765  - INFO - This process is complete
2017-03-16 14:57:36,846  - INFO - This process is complete
2017-03-16 14:57:37,997  - INFO - This process is complete
2017-03-16 14:57:38,085  - INFO - This process is complete
2017-03-16 14:57:38,095  - INFO - This process is complete
2017-03-16 14:57:38,705  - INFO - This process is complete
2017-03-16 14:57:38,862  - INFO - This process is complete
2017-03-16 14:57:39,163  - INFO - This process is complete
2017-03-16 14:57:39,246  - INFO - This process is complete
2017-03-16 14:57:39,388  - INFO - This process is complete
2017-03-16 14:57:39,820  - INFO - This process is complete
2017-03-16 14:57:41,164  - INFO - This process is complete
2017-03-16 14:57:41,186  - INFO - This process is complete
2017-03-16 14:57:41,255  - INFO - This process is complete
2017-03-16 14:57:41,366  - INFO - This process is complete
2017-03-16 14:57:41,608  - INFO - This process is complete
2017-03-16 14:57:41,645  - INFO - This process is complete
2017-03-16 14:57:41,760  - INFO - This process is complete
2017-03-16 14:57:41,973  - INFO - This process is complete
2017-03-16 14:57:41,985  - INFO - This process is complete
2017-03-16 14:57:42,133  - INFO - This process is complete
2017-03-16 14:57:42,205  - INFO - This process is complete
2017-03-16 14:57:42,787  - ERROR - error occured for 5689562067 
Traceback (most recent call last):
  File "/home/shubham/Desktop/Documents/Documents_Media/keywords_bak.py", line 87, in filegenerator
    GetKeywordURLs(account)
  File "/home/shubham/Desktop/Documents/Documents_Media/keywords_bak.py", line 81, in GetKeywordURLs
    skip_report_summary=True, include_zero_impressions=True)
  File "/home/shubham/anaconda2/lib/python2.7/site-packages/googleads/common.py", line 486, in Wrapper
    return utility_method(*args, **kwargs)
  File "/home/shubham/anaconda2/lib/python2.7/site-packages/googleads/adwords.py", line 1225, in DownloadReport
    output, **kwargs)
  File "/home/shubham/anaconda2/lib/python2.7/site-packages/googleads/adwords.py", line 1495, in _DownloadReport
    response = self._DownloadReportAsStream(post_body, **kwargs)
  File "/home/shubham/anaconda2/lib/python2.7/site-packages/googleads/adwords.py", line 1546, in _DownloadReportAsStream
    return self.url_opener.open(request)
  File "/home/shubham/anaconda2/lib/python2.7/urllib2.py", line 429, in open
    response = self._open(req, data)
  File "/home/shubham/anaconda2/lib/python2.7/urllib2.py", line 447, in _open
    '_open', req)
  File "/home/shubham/anaconda2/lib/python2.7/urllib2.py", line 407, in _call_chain
    result = func(*args)
  File "/home/shubham/anaconda2/lib/python2.7/urllib2.py", line 1241, in https_open
    context=self._context)
  File "/home/shubham/anaconda2/lib/python2.7/urllib2.py", line 1198, in do_open
    raise URLError(err)
URLError: <urlopen error EOF occurred in violation of protocol (_ssl.c:590)>
2017-03-16 14:57:42,815  - INFO - This process is complete
2017-03-16 14:57:43,350  - INFO - This process is complete
2017-03-16 14:57:43,525  - INFO - This process is complete
2017-03-16 14:57:43,722  - INFO - This process is complete
2017-03-16 14:57:44,081  - INFO - This process is complete
2017-03-16 14:57:44,165  - INFO - This process is complete
2017-03-16 14:57:44,636  - INFO - This process is complete
2017-03-16 14:57:44,812  - INFO - This process is complete
2017-03-16 14:57:44,842  - INFO - This process is complete
2017-03-16 14:57:46,389  - INFO - This process is complete
2017-03-16 14:57:46,615  - INFO - This process is complete
2017-03-16 14:57:47,368  - INFO - This process is complete
2017-03-16 14:57:47,642  - INFO - This process is complete
2017-03-16 14:57:48,011  - INFO - This process is complete
2017-03-16 14:57:48,178  - INFO - This process is complete
2017-03-16 14:57:48,984  - INFO - This process is complete
2017-03-16 14:57:50,236  - INFO - This process is complete
2017-03-16 14:57:51,721  - INFO - This process is complete
2017-03-16 14:57:52,839  - INFO - This process is complete
2017-03-16 14:57:53,125  - INFO - This process is complete
2017-03-16 14:57:54,308  - INFO - This process is complete
2017-03-16 14:57:55,067  - INFO - This process is complete
2017-03-16 14:57:56,228  - INFO - This process is complete
2017-03-16 14:57:56,699  - INFO - This process is complete
2017-03-16 14:58:00,846  - INFO - This process is complete
2017-03-16 14:58:10,462  - INFO - This process is complete
2017-03-16 14:58:12,876  - INFO - This process is complete
2017-03-16 14:58:14,068  - INFO - This process is complete
2017-03-16 14:58:28,469  - INFO - This process is complete
2017-03-16 14:58:54,991  - INFO - This process is complete
2017-03-16 14:59:15,792  - INFO - This process is complete
2017-03-16 14:59:19,821  - INFO - This process is complete
2017-03-16 14:59:48,767  - INFO - This process is complete
2017-03-16 15:00:34,178  - INFO - This process is complete
2017-03-16 15:02:57,783  - INFO - This process is complete
2017-03-16 15:02:58,408  - INFO - doing aggregation to create a single Keyreport file
2017-03-16 15:03:09,367  - INFO - Keyreport file is present,so skipping creation
2017-03-16 15:03:10,752  - INFO - No of unique keywors for daily report 232
2017-03-16 15:03:10,767  - INFO - process no. 0 started 
2017-03-16 15:03:10,768  - INFO - process no. 1 started 
2017-03-16 15:03:10,772  - INFO - process no. 2 started 
2017-03-16 15:03:10,805  - INFO - process no. 3 started 
2017-03-16 15:03:10,830  - INFO - process no. 7 started 
2017-03-16 15:03:10,834  - INFO - process no. 4 started 
2017-03-16 15:03:10,855  - INFO - process no. 5 started 
2017-03-16 15:03:10,863  - INFO - process no. 6 started 
2017-03-16 15:03:10,872  - INFO - process no. 12 started 
2017-03-16 15:03:10,891  - INFO - process no. 9 started 
2017-03-16 15:03:10,908  - INFO - process no. 14 started 
2017-03-16 15:03:10,913  - INFO - process no. 10 started 
2017-03-16 15:03:10,929  - INFO - process no. 8 started 
2017-03-16 15:03:10,941  - INFO - process no. 13 started 
2017-03-16 15:03:10,946  - INFO - process no. 11 started 
2017-03-16 15:03:54,707  - INFO - inside daily loop
2017-03-16 15:03:54,819  - INFO - Data file for 14 partition is created
2017-03-16 15:03:54,820  - INFO - This process 14 is complete
2017-03-16 15:04:33,901  - INFO - inside daily loop
2017-03-16 15:04:33,937  - INFO - Data file for 2 partition is created
2017-03-16 15:04:33,958  - INFO - This process 2 is complete
2017-03-16 15:04:34,086  - INFO - inside daily loop
2017-03-16 15:04:34,145  - INFO - inside daily loop
2017-03-16 15:04:34,172  - INFO - Data file for 12 partition is created
2017-03-16 15:04:34,183  - INFO - This process 12 is complete
2017-03-16 15:04:34,213  - INFO - Data file for 0 partition is created
2017-03-16 15:04:34,215  - INFO - This process 0 is complete
2017-03-16 15:04:34,300  - INFO - inside daily loop
2017-03-16 15:04:34,359  - INFO - Data file for 11 partition is created
2017-03-16 15:04:34,378  - INFO - This process 11 is complete
2017-03-16 15:04:34,423  - INFO - inside daily loop
2017-03-16 15:04:34,502  - INFO - Data file for 7 partition is created
2017-03-16 15:04:34,505  - INFO - This process 7 is complete
2017-03-16 15:04:34,969  - INFO - inside daily loop
2017-03-16 15:04:35,016  - INFO - Data file for 4 partition is created
2017-03-16 15:04:35,027  - INFO - This process 4 is complete
2017-03-16 15:04:35,237  - INFO - inside daily loop
2017-03-16 15:04:35,254  - INFO - Data file for 9 partition is created
2017-03-16 15:04:35,254  - INFO - This process 9 is complete
2017-03-16 15:04:35,531  - INFO - inside daily loop
2017-03-16 15:04:35,548  - INFO - Data file for 13 partition is created
2017-03-16 15:04:35,549  - INFO - This process 13 is complete
2017-03-16 15:04:35,934  - INFO - inside daily loop
2017-03-16 15:04:35,956  - INFO - Data file for 1 partition is created
2017-03-16 15:04:35,957  - INFO - This process 1 is complete
2017-03-16 15:04:36,314  - INFO - inside daily loop
2017-03-16 15:04:36,316  - INFO - starting for identity governance and administration keyword
2017-03-16 15:04:36,333  - INFO - keyword,account_count,account_count,cost are identity governance and administration,1,2,0.0
2017-03-16 15:04:36,359  - INFO - Data file for 3 partition is created
2017-03-16 15:04:36,360  - INFO - This process 3 is complete
2017-03-16 15:04:36,388  - INFO - inside daily loop
2017-03-16 15:04:36,414  - INFO - Data file for 6 partition is created
2017-03-16 15:04:36,415  - INFO - This process 6 is complete
2017-03-16 15:04:36,472  - INFO - inside daily loop
2017-03-16 15:04:36,494  - INFO - Data file for 10 partition is created
2017-03-16 15:04:36,494  - INFO - This process 10 is complete
2017-03-16 15:04:36,707  - INFO - inside daily loop
2017-03-16 15:04:36,725  - INFO - Data file for 8 partition is created
2017-03-16 15:04:36,725  - INFO - This process 8 is complete
2017-03-16 15:04:36,891  - INFO - inside daily loop
2017-03-16 15:04:36,894  - INFO - starting for ibm identity governance and administration keyword
2017-03-16 15:04:36,899  - INFO - keyword,account_count,account_count,cost are ibm identity governance and administration,1,2,0.0
2017-03-16 15:04:36,907  - INFO - Data file for 5 partition is created
2017-03-16 15:04:36,907  - INFO - This process 5 is complete
2017-03-16 15:04:40,987  - INFO - Starting aggregation
2017-03-16 15:04:41,244  - INFO - Keyreport file is present,so skipping creation
2017-03-16 15:04:42,639  - INFO - No of unique keywors for daily report 97
2017-03-16 15:04:42,650  - INFO - process no. 0 started 
2017-03-16 15:04:42,655  - INFO - process no. 1 started 
2017-03-16 15:04:42,683  - INFO - process no. 3 started 
2017-03-16 15:04:42,692  - INFO - process no. 2 started 
2017-03-16 15:04:42,694  - INFO - process no. 4 started 
2017-03-16 15:04:42,724  - INFO - process no. 5 started 
2017-03-16 15:04:42,746  - INFO - process no. 6 started 
2017-03-16 15:04:42,748  - INFO - process no. 11 started 
2017-03-16 15:04:42,759  - INFO - process no. 12 started 
2017-03-16 15:04:42,776  - INFO - process no. 9 started 
2017-03-16 15:04:42,788  - INFO - process no. 7 started 
2017-03-16 15:04:42,803  - INFO - process no. 13 started 
2017-03-16 15:04:42,794  - INFO - process no. 8 started 
2017-03-16 15:04:42,819  - INFO - process no. 10 started 
2017-03-16 15:04:42,839  - INFO - process no. 14 started 
2017-03-16 15:05:15,137  - INFO - inside daily loop
2017-03-16 15:05:15,138  - INFO - starting for phishing prevention keyword
2017-03-16 15:05:15,156  - INFO - keyword,account_count,account_count,cost are phishing prevention,1,2,0.0
2017-03-16 15:05:15,199  - INFO - Data file for 3 partition is created
2017-03-16 15:05:15,211  - INFO - This process 3 is complete
2017-03-16 15:05:15,968  - INFO - inside daily loop
2017-03-16 15:05:15,969  - INFO - starting for ibm phishing protection keyword
2017-03-16 15:05:15,985  - INFO - keyword,account_count,account_count,cost are ibm phishing protection,1,2,0.0
2017-03-16 15:05:16,016  - INFO - Data file for 1 partition is created
2017-03-16 15:05:16,016  - INFO - This process 1 is complete
2017-03-16 15:05:16,191  - INFO - inside daily loop
2017-03-16 15:05:16,192  - INFO - starting for phishing protection keyword
2017-03-16 15:05:16,197  - INFO - inside daily loop
2017-03-16 15:05:16,210  - INFO - inside daily loop
2017-03-16 15:05:16,232  - INFO - keyword,account_count,account_count,cost are phishing protection,1,2,0.0
2017-03-16 15:05:16,232  - INFO - starting for security trusteer keyword
2017-03-16 15:05:16,235  - INFO - keyword,account_count,account_count,cost are security trusteer,1,3,4.22
2017-03-16 15:05:16,289  - INFO - Data file for 11 partition is created
2017-03-16 15:05:16,310  - INFO - This process 11 is complete
2017-03-16 15:05:16,423  - INFO - inside daily loop
2017-03-16 15:05:16,528  - INFO - inside daily loop
2017-03-16 15:05:16,532  - INFO - starting for phishing detection keyword
2017-03-16 15:05:16,551  - INFO - keyword,account_count,account_count,cost are phishing detection,1,2,0.0
2017-03-16 15:05:16,560  - INFO - inside daily loop
2017-03-16 15:05:16,618  - INFO - Data file for 0 partition is created
2017-03-16 15:05:16,627  - INFO - This process 0 is complete
2017-03-16 15:05:16,632  - INFO - Data file for 5 partition is created
2017-03-16 15:05:16,634  - INFO - This process 5 is complete
2017-03-16 15:05:16,695  - INFO - Data file for 9 partition is created
2017-03-16 15:05:16,696  - INFO - This process 9 is complete
2017-03-16 15:05:16,696  - INFO - Data file for 13 partition is created
2017-03-16 15:05:16,696  - INFO - This process 13 is complete
2017-03-16 15:05:16,809  - INFO - inside daily loop
2017-03-16 15:05:16,838  - INFO - starting for ibm cognitive fraud detection keyword
2017-03-16 15:05:16,844  - INFO - keyword,account_count,account_count,cost are ibm cognitive fraud detection,1,4,0.0
2017-03-16 15:05:16,851  - INFO - starting for trusteer rapport keyword
2017-03-16 15:05:16,852  - INFO - Data file for 2 partition is created
2017-03-16 15:05:16,853  - INFO - This process 2 is complete
2017-03-16 15:05:16,867  - INFO - keyword,account_count,account_count,cost are trusteer rapport,1,2,897.29
2017-03-16 15:05:16,878  - INFO - inside daily loop
2017-03-16 15:05:16,888  - INFO - starting for malware protection keyword
2017-03-16 15:05:16,898  - INFO - keyword,account_count,account_count,cost are malware protection,1,4,556.45
2017-03-16 15:05:16,898  - INFO - starting for ibm trusteer rapport keyword
2017-03-16 15:05:16,901  - INFO - keyword,account_count,account_count,cost are ibm trusteer rapport,1,4,35.51
2017-03-16 15:05:16,911  - INFO - starting for phishing attacks keyword
2017-03-16 15:05:16,917  - INFO - Data file for 10 partition is created
2017-03-16 15:05:16,917  - INFO - keyword,account_count,account_count,cost are phishing attacks,1,2,17.79
2017-03-16 15:05:16,923  - INFO - This process 10 is complete
2017-03-16 15:05:16,965  - INFO - Data file for 8 partition is created
2017-03-16 15:05:16,965  - INFO - This process 8 is complete
2017-03-16 15:05:17,077  - INFO - inside daily loop
2017-03-16 15:05:17,079  - INFO - starting for ibm malware detection keyword
2017-03-16 15:05:17,084  - INFO - keyword,account_count,account_count,cost are ibm malware detection,1,4,0.0
2017-03-16 15:05:17,098  - INFO - Data file for 7 partition is created
2017-03-16 15:05:17,099  - INFO - This process 7 is complete
2017-03-16 15:05:17,180  - INFO - inside daily loop
2017-03-16 15:05:17,183  - INFO - inside daily loop
2017-03-16 15:05:17,271  - INFO - inside daily loop
2017-03-16 15:05:17,297  - INFO - Data file for 4 partition is created
2017-03-16 15:05:17,297  - INFO - This process 4 is complete
2017-03-16 15:05:17,341  - INFO - Data file for 12 partition is created
2017-03-16 15:05:17,342  - INFO - This process 12 is complete
2017-03-16 15:05:17,352  - INFO - Data file for 6 partition is created
2017-03-16 15:05:17,352  - INFO - This process 6 is complete
2017-03-16 15:05:21,599  - INFO - inside daily loop
2017-03-16 15:05:21,600  - INFO - starting for ibm malware protection keyword
2017-03-16 15:05:21,603  - INFO - keyword,account_count,account_count,cost are ibm malware protection,1,4,2.53
2017-03-16 15:05:21,603  - INFO - starting for malware detection keyword
2017-03-16 15:05:21,605  - INFO - keyword,account_count,account_count,cost are malware detection,1,4,313.8
2017-03-16 15:05:21,605  - INFO - starting for cognitive fraud detection keyword
2017-03-16 15:05:21,607  - INFO - keyword,account_count,account_count,cost are cognitive fraud detection,1,4,0.0
2017-03-16 15:05:21,621  - INFO - Data file for 14 partition is created
2017-03-16 15:05:21,621  - INFO - This process 14 is complete
2017-03-16 15:05:22,917  - INFO - Starting aggregation
2017-03-16 15:05:32,588  - INFO - Daily file named IBM_key2.xlsx uploaded for date 2017-03-16
2017-03-16 15:05:42,545  - INFO - Daily file named IBM_key1.xlsx uploaded for date 2017-03-16
2017-03-16 15:05:49,752  - INFO - Daily file named IBM_key2.csv moved to processed folder
2017-03-16 15:05:52,287  - INFO - Daily file named IBM_key1.csv moved to processed folder
2017-03-16 15:05:52,287  - INFO - Job completed
2017-03-16 15:18:39,858  - INFO - Connected to local Database
2017-03-16 15:18:39,858  - INFO - Downloading keyword report data
2017-03-16 15:18:39,859  - INFO - Keyreport file is not present so creating it 
2017-03-16 15:18:39,882  - INFO - url of sheet which we are hitting {'https://docs.google.com/spreadsheets/d/1TnhTtkISzPJvWOL06PnsVet7lcJEBbqjF7SeXLXH4jo/edit#gid=0': {'NOMBRE': 'test2'}}
2017-03-16 15:18:39,883  - INFO - URL from which we are getting list of accounts:{'https://docs.google.com/spreadsheets/d/1TnhTtkISzPJvWOL06PnsVet7lcJEBbqjF7SeXLXH4jo/edit#gid=0': {'NOMBRE': 'test2'}}
2017-03-16 15:18:46,711  - INFO - Connected to drive
2017-03-16 15:18:46,712  - INFO - Connected to google drive

2017-03-16 15:18:53,593  - INFO - List of accounts ['2809296861', '7813355720', '4804168647', '2231303651', '5689562067', '8697947664', '1507219704', '7652731314', '4718565953', '4427418816', '4414603918', '9641959361', '7997640368', '8368566800', '1913979284', '2677004727', '6256210439', '5449804993', '5324634234', '7153553492', '5305821365', '1775729480', '2944469928', '7636545669', '1076682543', '7902277106', '8725279362', '8638326204', '7883681562', '4830309918', '5168582986', '7079507033', '7008363161', '9391425334', '4033594085', '1181577747', '5643789204', '7194648907', '5596963937', '8652974884', '1158680681', '5905426474', '9315874047', '8808092456', '1437740590', '1980447844', '5385948464', '5481211928', '8048364176', '8317079318', '8894727133', '8950841751', '5727312516', '7653538731', '5260395623', '2055158184', '3507344855', '4143834440', '1119144035', '3303736528', '5543791114', '8847228380', '3407444652', '2010858735', '8676621406', '3602460396', '3924629577', '5033784069', '6986394311', '6508276876', '2376534971', '1236436471', '7162590027', '4234305823', '4943932774', '3484811464', '9517338753', '7491622727', '9469342557', '5429001474', '1086771272', '9050771087', '1131954238', '7067472045']
2017-03-16 15:18:53,593  - INFO - no. of Yaml files:84
2017-03-16 15:18:53,597  - INFO - starting for this account id :2809296861
2017-03-16 15:18:53,600  - INFO - starting for this account id :7813355720
2017-03-16 15:18:53,605  - INFO - starting for this account id :2231303651
2017-03-16 15:18:53,613  - INFO - starting for this account id :4804168647
2017-03-16 15:18:53,621  - INFO - starting for this account id :8697947664
2017-03-16 15:18:53,623  - INFO - starting for this account id :5689562067
2017-03-16 15:18:53,625  - INFO - starting for this account id :7652731314
2017-03-16 15:18:53,629  - INFO - starting for this account id :4718565953
2017-03-16 15:18:53,635  - INFO - starting for this account id :4427418816
2017-03-16 15:18:53,629  - INFO - starting for this account id :1507219704
2017-03-16 15:18:53,655  - INFO - starting for this account id :5449804993
2017-03-16 15:18:53,655  - INFO - starting for this account id :9641959361
2017-03-16 15:18:53,660  - INFO - starting for this account id :6256210439
2017-03-16 15:18:53,665  - INFO - starting for this account id :4414603918
2017-03-16 15:18:53,666  - INFO - starting for this account id :5324634234
2017-03-16 15:18:53,669  - INFO - starting for this account id :8368566800
2017-03-16 15:18:53,674  - INFO - starting for this account id :7997640368
2017-03-16 15:18:53,676  - INFO - starting for this account id :1913979284
2017-03-16 15:18:53,677  - INFO - starting for this account id :8638326204
2017-03-16 15:18:53,669  - INFO - starting for this account id :7153553492
2017-03-16 15:18:53,685  - INFO - starting for this account id :2677004727
2017-03-16 15:18:53,685  - INFO - starting for this account id :4830309918
2017-03-16 15:18:53,689  - INFO - starting for this account id :5168582986
2017-03-16 15:18:53,689  - INFO - starting for this account id :5305821365
2017-03-16 15:18:53,691  - INFO - starting for this account id :7883681562
2017-03-16 15:18:53,698  - INFO - starting for this account id :1775729480
2017-03-16 15:18:53,728  - INFO - starting for this account id :8725279362
2017-03-16 15:18:53,732  - INFO - starting for this account id :7079507033
2017-03-16 15:18:53,747  - INFO - starting for this account id :7636545669
2017-03-16 15:18:53,751  - INFO - starting for this account id :1076682543
2017-03-16 15:18:53,755  - INFO - starting for this account id :7902277106
2017-03-16 15:18:53,759  - INFO - starting for this account id :2944469928
2017-03-16 15:18:53,761  - INFO - starting for this account id :9391425334
2017-03-16 15:18:53,765  - INFO - starting for this account id :7008363161
2017-03-16 15:18:53,794  - INFO - starting for this account id :1181577747
2017-03-16 15:18:53,812  - INFO - starting for this account id :4033594085
2017-03-16 15:18:53,825  - INFO - starting for this account id :5643789204
2017-03-16 15:18:53,876  - INFO - starting for this account id :5596963937
2017-03-16 15:18:53,877  - INFO - starting for this account id :7194648907
2017-03-16 15:18:53,895  - INFO - starting for this account id :8652974884
2017-03-16 15:18:53,894  - INFO - starting for this account id :1158680681
2017-03-16 15:18:53,928  - INFO - starting for this account id :9315874047
2017-03-16 15:18:53,933  - INFO - starting for this account id :5385948464
2017-03-16 15:18:53,918  - INFO - starting for this account id :5905426474
2017-03-16 15:18:53,937  - INFO - starting for this account id :5481211928
2017-03-16 15:18:53,939  - INFO - starting for this account id :8808092456
2017-03-16 15:18:53,941  - INFO - starting for this account id :8048364176
2017-03-16 15:18:53,943  - INFO - starting for this account id :8894727133
2017-03-16 15:18:53,949  - INFO - starting for this account id :5727312516
2017-03-16 15:18:53,950  - INFO - starting for this account id :8950841751
2017-03-16 15:18:53,954  - INFO - starting for this account id :7653538731
2017-03-16 15:18:53,956  - INFO - starting for this account id :8317079318
2017-03-16 15:18:53,958  - INFO - starting for this account id :1437740590
2017-03-16 15:18:53,961  - INFO - starting for this account id :2055158184
2017-03-16 15:18:53,965  - INFO - starting for this account id :5260395623
2017-03-16 15:18:53,980  - INFO - starting for this account id :3507344855
2017-03-16 15:18:53,984  - INFO - starting for this account id :1980447844
2017-03-16 15:18:53,985  - INFO - starting for this account id :4143834440
2017-03-16 15:18:54,003  - INFO - starting for this account id :3303736528
2017-03-16 15:18:54,009  - INFO - starting for this account id :1119144035
2017-03-16 15:18:54,041  - INFO - starting for this account id :5543791114
2017-03-16 15:18:54,054  - INFO - starting for this account id :8847228380
2017-03-16 15:18:54,085  - INFO - starting for this account id :3407444652
2017-03-16 15:18:54,097  - INFO - starting for this account id :8676621406
2017-03-16 15:18:54,100  - INFO - starting for this account id :2010858735
2017-03-16 15:18:54,112  - INFO - starting for this account id :3602460396
2017-03-16 15:18:54,117  - INFO - starting for this account id :3924629577
2017-03-16 15:18:54,125  - INFO - starting for this account id :6508276876
2017-03-16 15:18:54,133  - INFO - starting for this account id :2376534971
2017-03-16 15:18:54,138  - INFO - starting for this account id :6986394311
2017-03-16 15:18:54,145  - INFO - starting for this account id :1236436471
2017-03-16 15:18:54,146  - INFO - starting for this account id :5033784069
2017-03-16 15:18:54,160  - INFO - starting for this account id :7162590027
2017-03-16 15:18:54,169  - INFO - starting for this account id :4234305823
2017-03-16 15:18:54,181  - INFO - starting for this account id :4943932774
2017-03-16 15:18:54,201  - INFO - starting for this account id :3484811464
2017-03-16 15:18:54,219  - INFO - starting for this account id :9517338753
2017-03-16 15:18:54,225  - INFO - starting for this account id :7491622727
2017-03-16 15:18:54,249  - INFO - starting for this account id :9469342557
2017-03-16 15:18:54,271  - INFO - starting for this account id :1086771272
2017-03-16 15:18:54,272  - INFO - starting for this account id :5429001474
2017-03-16 15:18:54,273  - INFO - starting for this account id :9050771087
2017-03-16 15:18:54,291  - INFO - starting for this account id :1131954238
2017-03-16 15:18:54,299  - INFO - starting for this account id :7067472045
2017-03-16 15:19:01,710  - INFO - This process is complete
2017-03-16 15:19:02,681  - INFO - This process is complete
2017-03-16 15:19:02,905  - INFO - This process is complete
2017-03-16 15:19:04,636  - INFO - This process is complete
2017-03-16 15:19:04,747  - INFO - This process is complete
2017-03-16 15:19:05,544  - INFO - This process is complete
2017-03-16 15:19:07,853  - INFO - This process is complete
2017-03-16 15:19:07,855  - INFO - This process is complete
2017-03-16 15:19:08,688  - INFO - This process is complete
2017-03-16 15:19:10,434  - INFO - This process is complete
2017-03-16 15:19:10,820  - INFO - This process is complete
2017-03-16 15:19:10,957  - INFO - This process is complete
2017-03-16 15:19:11,097  - INFO - This process is complete
2017-03-16 15:19:11,866  - INFO - This process is complete
2017-03-16 15:19:11,873  - INFO - This process is complete
2017-03-16 15:19:11,878  - INFO - This process is complete
2017-03-16 15:19:12,092  - INFO - This process is complete
2017-03-16 15:19:12,346  - INFO - This process is complete
2017-03-16 15:19:12,895  - INFO - This process is complete
2017-03-16 15:19:13,367  - INFO - This process is complete
2017-03-16 15:19:15,160  - INFO - This process is complete
2017-03-16 15:19:15,612  - INFO - This process is complete
2017-03-16 15:19:16,392  - INFO - This process is complete
2017-03-16 15:19:16,728  - INFO - This process is complete
2017-03-16 15:19:16,750  - INFO - This process is complete
2017-03-16 15:19:17,329  - INFO - This process is complete
2017-03-16 15:19:17,516  - INFO - This process is complete
2017-03-16 15:19:17,923  - INFO - This process is complete
2017-03-16 15:19:18,214  - ERROR - error occured for 5324634234 
Traceback (most recent call last):
  File "/home/shubham/Desktop/Documents/Documents_Media/keywords_bak.py", line 87, in filegenerator
    GetKeywordURLs(account)
  File "/home/shubham/Desktop/Documents/Documents_Media/keywords_bak.py", line 38, in GetKeywordURLs
    report_downloader = ADWORDS_CLIENT.GetReportDownloader()
  File "/home/shubham/anaconda2/lib/python2.7/site-packages/googleads/adwords.py", line 441, in GetReportDownloader
    return ReportDownloader(self, version, server)
  File "/home/shubham/anaconda2/lib/python2.7/site-packages/googleads/adwords.py", line 1169, in __init__
    cache=self._adwords_client.cache).wsdl.schema
  File "/home/shubham/anaconda2/lib/python2.7/site-packages/suds/client.py", line 115, in __init__
    self.wsdl = reader.open(url)
  File "/home/shubham/anaconda2/lib/python2.7/site-packages/suds/reader.py", line 150, in open
    d = self.fn(url, self.options)
  File "/home/shubham/anaconda2/lib/python2.7/site-packages/suds/wsdl.py", line 159, in __init__
    self.build_schema()
  File "/home/shubham/anaconda2/lib/python2.7/site-packages/suds/wsdl.py", line 220, in build_schema
    self.schema = container.load(self.options)
  File "/home/shubham/anaconda2/lib/python2.7/site-packages/suds/xsd/schema.py", line 92, in load
    child.open_imports(options)
  File "/home/shubham/anaconda2/lib/python2.7/site-packages/suds/xsd/schema.py", line 301, in open_imports
    imported = imp.open(options)
  File "/home/shubham/anaconda2/lib/python2.7/site-packages/suds/xsd/sxbasic.py", line 581, in open
    result = self.download(options)
  File "/home/shubham/anaconda2/lib/python2.7/site-packages/suds/xsd/sxbasic.py", line 597, in download
    d = reader.open(url)
  File "/home/shubham/anaconda2/lib/python2.7/site-packages/suds/reader.py", line 74, in open
    d = self.download(url)
  File "/home/shubham/anaconda2/lib/python2.7/site-packages/suds/reader.py", line 92, in download
    fp = self.options.transport.open(Request(url))
  File "/home/shubham/anaconda2/lib/python2.7/site-packages/suds/transport/http.py", line 67, in open
    return self.u2open(u2request)
  File "/home/shubham/anaconda2/lib/python2.7/site-packages/suds/transport/http.py", line 132, in u2open
    return url.open(u2request, timeout=tm)
  File "/home/shubham/anaconda2/lib/python2.7/urllib2.py", line 429, in open
    response = self._open(req, data)
  File "/home/shubham/anaconda2/lib/python2.7/urllib2.py", line 447, in _open
    '_open', req)
  File "/home/shubham/anaconda2/lib/python2.7/urllib2.py", line 407, in _call_chain
    result = func(*args)
  File "/home/shubham/anaconda2/lib/python2.7/urllib2.py", line 1241, in https_open
    context=self._context)
  File "/home/shubham/anaconda2/lib/python2.7/urllib2.py", line 1198, in do_open
    raise URLError(err)
URLError: <urlopen error EOF occurred in violation of protocol (_ssl.c:590)>
2017-03-16 15:19:18,272  - INFO - This process is complete
2017-03-16 15:19:19,156  - INFO - This process is complete
2017-03-16 15:19:19,431  - INFO - This process is complete
2017-03-16 15:19:20,201  - INFO - This process is complete
2017-03-16 15:19:20,684  - INFO - This process is complete
2017-03-16 15:19:21,440  - INFO - This process is complete
2017-03-16 15:19:21,583  - INFO - This process is complete
2017-03-16 15:19:21,721  - INFO - This process is complete
2017-03-16 15:19:22,029  - INFO - This process is complete
2017-03-16 15:19:22,660  - INFO - This process is complete
2017-03-16 15:19:23,143  - INFO - This process is complete
2017-03-16 15:19:23,544  - INFO - This process is complete
2017-03-16 15:19:24,114  - INFO - This process is complete
2017-03-16 15:19:24,240  - INFO - This process is complete
2017-03-16 15:19:24,489  - INFO - This process is complete
2017-03-16 15:19:25,397  - INFO - This process is complete
2017-03-16 15:19:25,597  - INFO - This process is complete
2017-03-16 15:19:27,109  - INFO - This process is complete
2017-03-16 15:19:27,479  - INFO - This process is complete
2017-03-16 15:19:27,623  - ERROR - error occured for 7883681562 
Traceback (most recent call last):
  File "/home/shubham/Desktop/Documents/Documents_Media/keywords_bak.py", line 87, in filegenerator
    GetKeywordURLs(account)
  File "/home/shubham/Desktop/Documents/Documents_Media/keywords_bak.py", line 81, in GetKeywordURLs
    skip_report_summary=True, include_zero_impressions=True)
  File "/home/shubham/anaconda2/lib/python2.7/site-packages/googleads/common.py", line 486, in Wrapper
    return utility_method(*args, **kwargs)
  File "/home/shubham/anaconda2/lib/python2.7/site-packages/googleads/adwords.py", line 1225, in DownloadReport
    output, **kwargs)
  File "/home/shubham/anaconda2/lib/python2.7/site-packages/googleads/adwords.py", line 1495, in _DownloadReport
    response = self._DownloadReportAsStream(post_body, **kwargs)
  File "/home/shubham/anaconda2/lib/python2.7/site-packages/googleads/adwords.py", line 1546, in _DownloadReportAsStream
    return self.url_opener.open(request)
  File "/home/shubham/anaconda2/lib/python2.7/urllib2.py", line 429, in open
    response = self._open(req, data)
  File "/home/shubham/anaconda2/lib/python2.7/urllib2.py", line 447, in _open
    '_open', req)
  File "/home/shubham/anaconda2/lib/python2.7/urllib2.py", line 407, in _call_chain
    result = func(*args)
  File "/home/shubham/anaconda2/lib/python2.7/urllib2.py", line 1241, in https_open
    context=self._context)
  File "/home/shubham/anaconda2/lib/python2.7/urllib2.py", line 1198, in do_open
    raise URLError(err)
URLError: <urlopen error EOF occurred in violation of protocol (_ssl.c:590)>
2017-03-16 15:19:27,624  - INFO - This process is complete
2017-03-16 15:19:28,644  - INFO - This process is complete
2017-03-16 15:19:29,470  - INFO - This process is complete
2017-03-16 15:19:30,005  - INFO - This process is complete
2017-03-16 15:19:31,091  - INFO - This process is complete
2017-03-16 15:19:32,168  - INFO - This process is complete
2017-03-16 15:19:32,585  - INFO - This process is complete
2017-03-16 15:19:32,646  - INFO - This process is complete
2017-03-16 15:19:35,708  - INFO - This process is complete
2017-03-16 15:19:35,767  - INFO - This process is complete
2017-03-16 15:19:36,505  - INFO - This process is complete
2017-03-16 15:19:36,765  - INFO - This process is complete
2017-03-16 15:19:37,421  - INFO - This process is complete
2017-03-16 15:19:37,570  - INFO - This process is complete
2017-03-16 15:19:38,003  - INFO - This process is complete
2017-03-16 15:19:38,472  - INFO - This process is complete
2017-03-16 15:19:40,930  - INFO - This process is complete
2017-03-16 15:19:41,771  - INFO - This process is complete
2017-03-16 15:19:44,362  - INFO - This process is complete
2017-03-16 15:19:50,591  - INFO - This process is complete
2017-03-16 15:19:51,769  - INFO - This process is complete
2017-03-16 15:19:51,866  - INFO - This process is complete
2017-03-16 15:19:54,663  - INFO - This process is complete
2017-03-16 15:19:58,178  - INFO - This process is complete
2017-03-16 15:20:02,659  - INFO - This process is complete
2017-03-16 15:20:05,580  - INFO - This process is complete
2017-03-16 15:20:06,474  - INFO - This process is complete
2017-03-16 15:20:09,479  - INFO - This process is complete
2017-03-16 15:20:09,618  - INFO - This process is complete
2017-03-16 15:20:12,728  - INFO - This process is complete
2017-03-16 15:20:21,181  - INFO - This process is complete
2017-03-16 15:20:25,871  - INFO - This process is complete
2017-03-16 15:21:01,513  - INFO - This process is complete
2017-03-16 15:22:27,632  - INFO - This process is complete
2017-03-16 15:23:33,792  - INFO - This process is complete
2017-03-16 15:28:14,844  - INFO - This process is complete
2017-03-16 15:29:06,794  - INFO - This process is complete
2017-03-16 15:29:07,114  - INFO - doing aggregation to create a single Keyreport file
2017-03-16 15:29:13,961  - INFO - Data Download complete
2017-03-16 15:29:15,998  - INFO - deleted old data
2017-03-16 15:29:15,999  - INFO - Loading the data into table 
2017-03-16 15:29:15,999  - INFO - query fired for loading the data LOAD DATA  INFILE '/home/shubham/Desktop/Documents/Documents_Media/KeyReport.csv' INTO TABLE CS109.Keyreport CHARACTER SET UTF8 FIELDS TERMINATED BY ',' ENCLOSED BY '"' LINES TERMINATED BY '
' IGNORE 1 ROWS 
2017-03-16 15:29:53,548  - INFO - loaded new data into the table
2017-03-16 15:29:53,548  - INFO - executing query select "original_keyword","accountcount","campaigncount","cost" union all select Replace(Replace(Replace(concat(trim(Both "+" from  trim(Both "#" from Keyword)),"_",Match_type),"+",""),"]",""),"[",""),count(distinct(Account)),count(distinct(Campaign)),(sum(Cost)/1000000) from CS109.Keyreport group by Keyword,Match_type INTO OUTFILE "/home/shubham/Desktop/Documents/Documents_Media/perf.csv" CHARACTER SET UTF8 FIELDS TERMINATED BY "," ENCLOSED BY "\"" LINES TERMINATED BY "\n"
2017-03-16 15:31:19,382  - INFO - perf data created
2017-03-16 15:31:19,406  - INFO - executing query select "Original_keyword","Customer_ID","Account","Campaign","Campaign_state","Ad_group","Ad_group_state","Keyword","Keyword_state","Match_Type","clicks","impressions","cost" union all select Replace(Replace(Replace(concat(trim(Both "+" from  trim(Both "#" from Keyword)),"_",Match_type),"+",""),"]",""),"[","") as c1,Customer_ID,Account,Campaign,Campaign_state,Ad_group,Ad_group_state,Keyword,Keyword_state,Match_type,sum(Clicks),sum(Impressions),(sum(Cost)/1000000) from Keyreport group by c1,Customer_ID,Account,Campaign,Campaign_state,Ad_group,Ad_group_state,Keyword,Keyword_state,Match_type INTO OUTFILE "/home/shubham/Desktop/Documents/Documents_Media/key.csv" CHARACTER SET UTF8 FIELDS TERMINATED BY "," ENCLOSED BY "\"" LINES TERMINATED BY "\n"
2017-03-16 15:36:01,997  - INFO - Connected to local Database
2017-03-16 15:36:01,997  - INFO - Downloading keyword report data
2017-03-16 15:36:01,998  - INFO - Keyreport file is already present,so skipping creation
2017-03-16 15:36:01,998  - INFO - Data Download complete
2017-03-16 15:36:02,310  - INFO - deleted old data
2017-03-16 15:36:02,310  - INFO - Loading the data into table 
2017-03-16 15:36:02,310  - INFO - query fired for loading the data LOAD DATA  INFILE '/home/shubham/Desktop/Documents/Documents_Media/KeyReport.csv' INTO TABLE CS109.Keyreport CHARACTER SET UTF8 FIELDS TERMINATED BY ',' ENCLOSED BY '"' LINES TERMINATED BY '
' IGNORE 1 ROWS 
2017-03-16 15:36:24,704  - INFO - loaded new data into the table
2017-03-16 15:36:24,705  - INFO - executing query select "original_keyword","accountcount","campaigncount","cost" union all select Replace(Replace(Replace(concat(trim(Both "+" from  trim(Both "#" from Keyword)),"_",Match_type),"+",""),"]",""),"[",""),count(distinct(Account)),count(distinct(Campaign)),(sum(Cost)/1000000) from CS109.Keyreport group by Keyword,Match_type INTO OUTFILE "/home/shubham/Desktop/Documents/Documents_Media/perf.csv" CHARACTER SET UTF8 FIELDS TERMINATED BY "," ENCLOSED BY "\"" LINES TERMINATED BY "\n"
2017-03-16 15:36:40,819  - INFO - Connected to local Database
2017-03-16 15:36:40,819  - INFO - Downloading keyword report data
2017-03-16 15:36:40,819  - INFO - Keyreport file is already present,so skipping creation
2017-03-16 15:36:40,819  - INFO - Data Download complete
2017-03-16 15:36:41,242  - INFO - deleted old data
2017-03-16 15:36:41,242  - INFO - Loading the data into table 
2017-03-16 15:36:41,243  - INFO - query fired for loading the data LOAD DATA  INFILE '/home/shubham/Desktop/Documents/Documents_Media/KeyReport.csv' INTO TABLE CS109.Keyreport CHARACTER SET UTF8 FIELDS TERMINATED BY ',' ENCLOSED BY '"' LINES TERMINATED BY '
' IGNORE 1 ROWS 
2017-03-16 15:37:00,595  - INFO - loaded new data into the table
2017-03-16 15:37:00,595  - INFO - executing query select "original_keyword","accountcount","campaigncount","cost" union all select Replace(Replace(Replace(concat(trim(Both "+" from  trim(Both "#" from Keyword)),"_",Match_type),"+",""),"]",""),"[",""),count(distinct(Account)),count(distinct(Campaign)),(sum(Cost)/1000000) from CS109.Keyreport group by Keyword,Match_type INTO OUTFILE "/home/shubham/Desktop/Documents/Documents_Media/perf.csv" CHARACTER SET UTF8 FIELDS TERMINATED BY "," ENCLOSED BY "\"" LINES TERMINATED BY "\n"
2017-03-16 15:46:42,771  - INFO - Clearing previous csv and xlsx files
2017-03-16 15:46:42,851  - INFO - starting for by daily report
2017-03-16 15:46:47,056  - ERROR - Some files are not downloaded
None
2017-03-16 15:46:47,058  - INFO - no input files are present for the day
2017-03-16 16:00:10,175  - INFO - Clearing previous csv and xlsx files
2017-03-16 16:00:10,205  - INFO - starting for by daily report
2017-03-16 16:00:19,154  - ERROR - Some files are not downloaded
None
2017-03-16 16:00:19,155  - INFO - no input files are present for the day
