2017-03-27 16:00:21,390  - INFO - Clearing previous csv and xlsx files
2017-03-27 16:00:21,410  - INFO - starting for by daily report
2017-03-27 16:00:29,483  - INFO - file named IBM_xforceIntelligence_270317.csv downloaded successfully
2017-03-27 16:00:29,484  - ERROR - Some files are not downloaded
None
2017-03-27 16:00:29,486  - INFO - Keyreport file not present,so creating it
2017-03-27 16:00:29,558  - INFO - url of sheet which we are hitting {'https://docs.google.com/spreadsheets/d/1R66ZfGvjvvohUWM-OQz4lWrb6JaITDzd28v-clrbDMo/edit#gid=0': {'NOMBRE': 'IBM'}}
2017-03-27 16:00:29,559  - INFO - URL from which we are getting list of accounts:{'https://docs.google.com/spreadsheets/d/1R66ZfGvjvvohUWM-OQz4lWrb6JaITDzd28v-clrbDMo/edit#gid=0': {'NOMBRE': 'IBM'}}
2017-03-27 16:00:31,197  - INFO - Connected to drive
2017-03-27 16:00:31,198  - INFO - Connected to google drive

2017-03-27 16:00:43,496  - INFO - List of accounts ['2809296861', '7813355720', '4804168647', '2231303651', '5689562067', '8697947664', '1507219704', '7652731314', '4718565953', '4427418816', '4414603918', '9641959361', '7997640368', '8368566800', '1913979284', '2677004727', '6256210439', '5449804993', '5324634234', '7153553492', '5305821365', '1775729480', '2944469928', '7636545669', '1076682543', '7902277106', '8725279362', '8638326204', '7883681562', '4830309918', '5168582986', '7079507033', '7008363161', '9391425334', '4033594085', '1181577747', '5643789204', '7194648907', '5596963937', '8652974884', '1158680681', '5905426474', '9315874047', '8808092456', '1437740590', '1980447844', '5385948464', '5481211928', '8048364176', '8317079318', '8894727133', '8950841751', '5727312516', '7653538731', '5260395623', '2055158184', '3507344855', '4143834440', '1119144035', '3303736528', '5543791114', '8847228380', '3407444652', '2010858735', '8676621406', '3602460396', '3924629577', '5033784069', '6986394311', '6508276876', '2376534971', '1236436471', '7162590027', '4234305823', '4943932774', '3484811464', '9517338753', '7491622727', '9469342557', '5429001474', '1086771272', '9050771087', '1131954238', '7067472045']
2017-03-27 16:00:43,496  - INFO - no. of Yaml files:84
2017-03-27 16:00:43,502  - INFO - starting for this account id :2809296861
2017-03-27 16:00:43,504  - INFO - starting for this account id :7813355720
2017-03-27 16:00:43,518  - INFO - starting for this account id :4804168647
2017-03-27 16:00:43,522  - INFO - starting for this account id :2231303651
2017-03-27 16:00:43,532  - INFO - starting for this account id :8697947664
2017-03-27 16:00:43,535  - INFO - starting for this account id :6256210439
2017-03-27 16:00:43,536  - INFO - starting for this account id :5689562067
2017-03-27 16:00:43,541  - INFO - starting for this account id :4718565953
2017-03-27 16:00:43,547  - INFO - starting for this account id :5324634234
2017-03-27 16:00:43,549  - INFO - starting for this account id :1507219704
2017-03-27 16:00:43,550  - INFO - starting for this account id :5449804993
2017-03-27 16:00:43,545  - INFO - starting for this account id :7652731314
2017-03-27 16:00:43,571  - INFO - starting for this account id :4427418816
2017-03-27 16:00:43,575  - INFO - starting for this account id :7997640368
2017-03-27 16:00:43,581  - INFO - starting for this account id :7153553492
2017-03-27 16:00:43,557  - INFO - starting for this account id :4414603918
2017-03-27 16:00:43,583  - INFO - starting for this account id :8368566800
2017-03-27 16:00:43,587  - INFO - starting for this account id :2677004727
2017-03-27 16:00:43,594  - INFO - starting for this account id :5305821365
2017-03-27 16:00:43,595  - INFO - starting for this account id :9641959361
2017-03-27 16:00:43,598  - INFO - starting for this account id :1913979284
2017-03-27 16:00:43,620  - INFO - starting for this account id :1775729480
2017-03-27 16:00:43,621  - INFO - starting for this account id :2944469928
2017-03-27 16:00:43,624  - INFO - starting for this account id :7636545669
2017-03-27 16:00:43,640  - INFO - starting for this account id :1076682543
2017-03-27 16:00:43,653  - INFO - starting for this account id :8725279362
2017-03-27 16:00:43,667  - INFO - starting for this account id :7902277106
2017-03-27 16:00:43,673  - INFO - starting for this account id :8638326204
2017-03-27 16:00:43,712  - INFO - starting for this account id :4830309918
2017-03-27 16:00:43,725  - INFO - starting for this account id :5168582986
2017-03-27 16:00:43,726  - INFO - starting for this account id :7883681562
2017-03-27 16:00:43,753  - INFO - starting for this account id :7079507033
2017-03-27 16:00:43,778  - INFO - starting for this account id :7008363161
2017-03-27 16:00:43,783  - INFO - starting for this account id :1181577747
2017-03-27 16:00:43,789  - INFO - starting for this account id :9391425334
2017-03-27 16:00:43,802  - INFO - starting for this account id :7194648907
2017-03-27 16:00:43,810  - INFO - starting for this account id :5643789204
2017-03-27 16:00:43,811  - INFO - starting for this account id :4033594085
2017-03-27 16:00:43,813  - INFO - starting for this account id :5596963937
2017-03-27 16:00:43,828  - INFO - starting for this account id :1158680681
2017-03-27 16:00:43,833  - INFO - starting for this account id :8652974884
2017-03-27 16:00:43,857  - INFO - starting for this account id :9315874047
2017-03-27 16:00:43,858  - INFO - starting for this account id :5905426474
2017-03-27 16:00:43,870  - INFO - starting for this account id :8808092456
2017-03-27 16:00:43,877  - INFO - starting for this account id :1980447844
2017-03-27 16:00:43,883  - INFO - starting for this account id :5481211928
2017-03-27 16:00:43,889  - INFO - starting for this account id :1437740590
2017-03-27 16:00:43,873  - INFO - starting for this account id :5385948464
2017-03-27 16:00:43,904  - INFO - starting for this account id :8048364176
2017-03-27 16:00:43,901  - INFO - starting for this account id :8317079318
2017-03-27 16:00:43,935  - INFO - starting for this account id :8894727133
2017-03-27 16:00:43,948  - INFO - starting for this account id :5727312516
2017-03-27 16:00:43,952  - INFO - starting for this account id :8950841751
2017-03-27 16:00:43,970  - INFO - starting for this account id :7653538731
2017-03-27 16:00:43,979  - INFO - starting for this account id :3507344855
2017-03-27 16:00:43,981  - INFO - starting for this account id :8847228380
2017-03-27 16:00:43,984  - INFO - starting for this account id :2055158184
2017-03-27 16:00:43,987  - INFO - starting for this account id :5543791114
2017-03-27 16:00:43,990  - INFO - starting for this account id :5260395623
2017-03-27 16:00:43,992  - INFO - starting for this account id :3303736528
2017-03-27 16:00:43,996  - INFO - starting for this account id :1119144035
2017-03-27 16:00:44,006  - INFO - starting for this account id :4143834440
2017-03-27 16:00:44,024  - INFO - starting for this account id :8676621406
2017-03-27 16:00:44,029  - INFO - starting for this account id :2010858735
2017-03-27 16:00:44,032  - INFO - starting for this account id :3407444652
2017-03-27 16:00:44,097  - INFO - starting for this account id :3602460396
2017-03-27 16:00:44,131  - INFO - starting for this account id :5033784069
2017-03-27 16:00:44,142  - INFO - starting for this account id :3924629577
2017-03-27 16:00:44,143  - INFO - starting for this account id :6986394311
2017-03-27 16:00:44,147  - INFO - starting for this account id :1236436471
2017-03-27 16:00:44,148  - INFO - starting for this account id :2376534971
2017-03-27 16:00:44,171  - INFO - starting for this account id :7162590027
2017-03-27 16:00:44,181  - INFO - starting for this account id :6508276876
2017-03-27 16:00:44,177  - INFO - starting for this account id :4234305823
2017-03-27 16:00:44,185  - INFO - starting for this account id :4943932774
2017-03-27 16:00:44,206  - INFO - starting for this account id :3484811464
2017-03-27 16:00:44,225  - INFO - starting for this account id :9517338753
2017-03-27 16:00:44,228  - INFO - starting for this account id :9469342557
2017-03-27 16:00:44,256  - INFO - starting for this account id :5429001474
2017-03-27 16:00:44,262  - INFO - starting for this account id :1086771272
2017-03-27 16:00:44,270  - INFO - starting for this account id :1131954238
2017-03-27 16:00:44,272  - INFO - starting for this account id :9050771087
2017-03-27 16:00:44,273  - INFO - starting for this account id :7491622727
2017-03-27 16:00:44,286  - INFO - starting for this account id :7067472045
2017-03-27 16:00:50,849  - INFO - This process is complete
2017-03-27 16:00:51,030  - INFO - This process is complete
2017-03-27 16:00:51,122  - INFO - This process is complete
2017-03-27 16:00:51,349  - INFO - This process is complete
2017-03-27 16:00:51,851  - INFO - This process is complete
2017-03-27 16:00:52,551  - INFO - This process is complete
2017-03-27 16:00:53,273  - INFO - This process is complete
2017-03-27 16:00:53,418  - INFO - This process is complete
2017-03-27 16:00:53,490  - INFO - This process is complete
2017-03-27 16:00:53,501  - INFO - This process is complete
2017-03-27 16:00:53,524  - INFO - This process is complete
2017-03-27 16:00:54,299  - INFO - This process is complete
2017-03-27 16:00:54,681  - INFO - This process is complete
2017-03-27 16:00:54,900  - INFO - This process is complete
2017-03-27 16:00:55,081  - INFO - This process is complete
2017-03-27 16:00:55,305  - INFO - This process is complete
2017-03-27 16:00:55,428  - INFO - This process is complete
2017-03-27 16:00:55,758  - INFO - This process is complete
2017-03-27 16:00:56,624  - INFO - This process is complete
2017-03-27 16:00:57,134  - INFO - This process is complete
2017-03-27 16:00:57,253  - INFO - This process is complete
2017-03-27 16:00:57,456  - INFO - This process is complete
2017-03-27 16:00:57,467  - INFO - This process is complete
2017-03-27 16:00:57,743  - INFO - This process is complete
2017-03-27 16:00:58,730  - INFO - This process is complete
2017-03-27 16:00:59,964  - INFO - This process is complete
2017-03-27 16:01:00,145  - INFO - This process is complete
2017-03-27 16:01:00,353  - INFO - This process is complete
2017-03-27 16:01:00,595  - INFO - This process is complete
2017-03-27 16:01:01,561  - INFO - This process is complete
2017-03-27 16:01:02,432  - INFO - This process is complete
2017-03-27 16:01:02,491  - INFO - This process is complete
2017-03-27 16:01:03,211  - ERROR - error occured for 6256210439 
Traceback (most recent call last):
  File "/home/shubham/Desktop/Documents/Keywordsautomation/Documents_Media/keywords_bak.py", line 87, in filegenerator
    GetKeywordURLs(account)
  File "/home/shubham/Desktop/Documents/Keywordsautomation/Documents_Media/keywords_bak.py", line 81, in GetKeywordURLs
    skip_report_summary=True, include_zero_impressions=True)
  File "/home/shubham/anaconda2/lib/python2.7/site-packages/googleads/common.py", line 506, in Wrapper
    return utility_method(*args, **kwargs)
  File "/home/shubham/anaconda2/lib/python2.7/site-packages/googleads/adwords.py", line 1271, in DownloadReport
    output, **kwargs)
  File "/home/shubham/anaconda2/lib/python2.7/site-packages/googleads/adwords.py", line 1541, in _DownloadReport
    response = self._DownloadReportAsStream(post_body, **kwargs)
  File "/home/shubham/anaconda2/lib/python2.7/site-packages/googleads/adwords.py", line 1592, in _DownloadReportAsStream
    return self.url_opener.open(request)
  File "/home/shubham/anaconda2/lib/python2.7/urllib2.py", line 429, in open
    response = self._open(req, data)
  File "/home/shubham/anaconda2/lib/python2.7/urllib2.py", line 447, in _open
    '_open', req)
  File "/home/shubham/anaconda2/lib/python2.7/urllib2.py", line 407, in _call_chain
    result = func(*args)
  File "/home/shubham/anaconda2/lib/python2.7/urllib2.py", line 1241, in https_open
    context=self._context)
  File "/home/shubham/anaconda2/lib/python2.7/urllib2.py", line 1198, in do_open
    raise URLError(err)
URLError: <urlopen error EOF occurred in violation of protocol (_ssl.c:590)>
2017-03-27 16:01:03,226  - INFO - This process is complete
2017-03-27 16:01:04,268  - INFO - This process is complete
2017-03-27 16:01:05,126  - INFO - This process is complete
2017-03-27 16:01:06,179  - ERROR - error occured for 5596963937 
Traceback (most recent call last):
  File "/home/shubham/Desktop/Documents/Keywordsautomation/Documents_Media/keywords_bak.py", line 87, in filegenerator
    GetKeywordURLs(account)
  File "/home/shubham/Desktop/Documents/Keywordsautomation/Documents_Media/keywords_bak.py", line 81, in GetKeywordURLs
    skip_report_summary=True, include_zero_impressions=True)
  File "/home/shubham/anaconda2/lib/python2.7/site-packages/googleads/common.py", line 506, in Wrapper
    return utility_method(*args, **kwargs)
  File "/home/shubham/anaconda2/lib/python2.7/site-packages/googleads/adwords.py", line 1271, in DownloadReport
    output, **kwargs)
  File "/home/shubham/anaconda2/lib/python2.7/site-packages/googleads/adwords.py", line 1541, in _DownloadReport
    response = self._DownloadReportAsStream(post_body, **kwargs)
  File "/home/shubham/anaconda2/lib/python2.7/site-packages/googleads/adwords.py", line 1592, in _DownloadReportAsStream
    return self.url_opener.open(request)
  File "/home/shubham/anaconda2/lib/python2.7/urllib2.py", line 429, in open
    response = self._open(req, data)
  File "/home/shubham/anaconda2/lib/python2.7/urllib2.py", line 447, in _open
    '_open', req)
  File "/home/shubham/anaconda2/lib/python2.7/urllib2.py", line 407, in _call_chain
    result = func(*args)
  File "/home/shubham/anaconda2/lib/python2.7/urllib2.py", line 1241, in https_open
    context=self._context)
  File "/home/shubham/anaconda2/lib/python2.7/urllib2.py", line 1198, in do_open
    raise URLError(err)
URLError: <urlopen error EOF occurred in violation of protocol (_ssl.c:590)>
2017-03-27 16:01:06,184  - INFO - This process is complete
2017-03-27 16:01:06,419  - INFO - This process is complete
2017-03-27 16:01:07,002  - INFO - This process is complete
2017-03-27 16:01:07,106  - INFO - This process is complete
2017-03-27 16:01:07,120  - ERROR - error occured for 5033784069 
Traceback (most recent call last):
  File "/home/shubham/Desktop/Documents/Keywordsautomation/Documents_Media/keywords_bak.py", line 87, in filegenerator
    GetKeywordURLs(account)
  File "/home/shubham/Desktop/Documents/Keywordsautomation/Documents_Media/keywords_bak.py", line 81, in GetKeywordURLs
    skip_report_summary=True, include_zero_impressions=True)
  File "/home/shubham/anaconda2/lib/python2.7/site-packages/googleads/common.py", line 506, in Wrapper
    return utility_method(*args, **kwargs)
  File "/home/shubham/anaconda2/lib/python2.7/site-packages/googleads/adwords.py", line 1271, in DownloadReport
    output, **kwargs)
  File "/home/shubham/anaconda2/lib/python2.7/site-packages/googleads/adwords.py", line 1541, in _DownloadReport
    response = self._DownloadReportAsStream(post_body, **kwargs)
  File "/home/shubham/anaconda2/lib/python2.7/site-packages/googleads/adwords.py", line 1592, in _DownloadReportAsStream
    return self.url_opener.open(request)
  File "/home/shubham/anaconda2/lib/python2.7/urllib2.py", line 429, in open
    response = self._open(req, data)
  File "/home/shubham/anaconda2/lib/python2.7/urllib2.py", line 447, in _open
    '_open', req)
  File "/home/shubham/anaconda2/lib/python2.7/urllib2.py", line 407, in _call_chain
    result = func(*args)
  File "/home/shubham/anaconda2/lib/python2.7/urllib2.py", line 1241, in https_open
    context=self._context)
  File "/home/shubham/anaconda2/lib/python2.7/urllib2.py", line 1198, in do_open
    raise URLError(err)
URLError: <urlopen error [Errno 104] Connection reset by peer>
2017-03-27 16:01:07,125  - INFO - This process is complete
2017-03-27 16:01:07,254  - INFO - This process is complete
2017-03-27 16:01:07,339  - INFO - This process is complete
2017-03-27 16:01:07,353  - INFO - This process is complete
2017-03-27 16:01:07,578  - INFO - This process is complete
2017-03-27 16:01:07,619  - INFO - This process is complete
2017-03-27 16:01:07,760  - INFO - This process is complete
2017-03-27 16:01:07,780  - INFO - This process is complete
2017-03-27 16:01:07,931  - INFO - This process is complete
2017-03-27 16:01:08,352  - INFO - This process is complete
2017-03-27 16:01:08,923  - INFO - This process is complete
2017-03-27 16:01:10,641  - INFO - This process is complete
2017-03-27 16:01:11,254  - INFO - This process is complete
2017-03-27 16:01:12,264  - INFO - This process is complete
2017-03-27 16:01:12,338  - INFO - This process is complete
2017-03-27 16:01:14,085  - INFO - This process is complete
2017-03-27 16:01:15,520  - INFO - This process is complete
2017-03-27 16:01:16,365  - INFO - This process is complete
2017-03-27 16:01:17,468  - INFO - This process is complete
2017-03-27 16:01:17,584  - INFO - This process is complete
2017-03-27 16:01:17,779  - INFO - This process is complete
2017-03-27 16:01:17,943  - INFO - This process is complete
2017-03-27 16:01:18,118  - INFO - This process is complete
2017-03-27 16:01:18,838  - INFO - This process is complete
2017-03-27 16:01:18,882  - INFO - This process is complete
2017-03-27 16:01:20,635  - INFO - This process is complete
2017-03-27 16:01:21,956  - INFO - This process is complete
2017-03-27 16:01:24,157  - INFO - This process is complete
2017-03-27 16:01:24,267  - INFO - This process is complete
2017-03-27 16:01:24,279  - INFO - This process is complete
2017-03-27 16:01:24,928  - INFO - This process is complete
2017-03-27 16:01:25,432  - INFO - This process is complete
2017-03-27 16:01:26,771  - INFO - This process is complete
2017-03-27 16:01:27,589  - INFO - This process is complete
2017-03-27 16:01:32,039  - INFO - This process is complete
2017-03-27 16:01:33,259  - INFO - This process is complete
2017-03-27 16:01:35,466  - INFO - This process is complete
2017-03-27 16:01:42,430  - INFO - This process is complete
2017-03-27 16:01:42,463  - INFO - This process is complete
2017-03-27 16:01:42,623  - INFO - This process is complete
2017-03-27 16:02:02,609  - INFO - This process is complete
2017-03-27 16:02:15,335  - INFO - This process is complete
2017-03-27 16:02:29,797  - INFO - This process is complete
2017-03-27 16:02:54,137  - INFO - This process is complete
2017-03-27 16:03:19,069  - INFO - This process is complete
2017-03-27 16:03:19,510  - INFO - doing aggregation to create a single Keyreport file
2017-03-27 16:03:26,499  - INFO - Keyreport file is present,so skipping creation
2017-03-27 16:03:27,467  - INFO - No of unique keywors for daily report 72
2017-03-27 16:03:27,472  - INFO - process no. 0 started 
2017-03-27 16:03:27,475  - INFO - process no. 1 started 
2017-03-27 16:03:27,479  - INFO - process no. 2 started 
2017-03-27 16:03:27,502  - INFO - process no. 3 started 
2017-03-27 16:03:27,515  - INFO - process no. 4 started 
2017-03-27 16:03:27,530  - INFO - process no. 5 started 
2017-03-27 16:03:27,546  - INFO - process no. 6 started 
2017-03-27 16:03:27,559  - INFO - process no. 7 started 
2017-03-27 16:03:27,563  - INFO - process no. 8 started 
2017-03-27 16:03:27,581  - INFO - process no. 9 started 
2017-03-27 16:03:27,585  - INFO - process no. 10 started 
2017-03-27 16:03:27,636  - INFO - process no. 12 started 
2017-03-27 16:03:27,629  - INFO - process no. 11 started 
2017-03-27 16:03:27,679  - INFO - process no. 13 started 
2017-03-27 16:03:27,684  - INFO - process no. 14 started 
2017-03-27 16:03:34,508  - INFO - inside daily loop
2017-03-27 16:03:34,536  - INFO - Data file for 14 partition is created
2017-03-27 16:03:34,536  - INFO - This process 14 is complete
2017-03-27 16:03:43,022  - INFO - inside daily loop
2017-03-27 16:03:43,063  - INFO - Data file for 3 partition is created
2017-03-27 16:03:43,063  - INFO - This process 3 is complete
2017-03-27 16:03:43,599  - INFO - inside daily loop
2017-03-27 16:03:43,600  - INFO - starting for x-force threat intelligence keyword
2017-03-27 16:03:43,607  - INFO - keyword,account_count,account_count,cost are x-force threat intelligence,1,2,10.92
2017-03-27 16:03:43,661  - INFO - Data file for 0 partition is created
2017-03-27 16:03:43,661  - INFO - This process 0 is complete
2017-03-27 16:03:44,229  - INFO - inside daily loop
2017-03-27 16:03:44,271  - INFO - Data file for 12 partition is created
2017-03-27 16:03:44,271  - INFO - This process 12 is complete
2017-03-27 16:03:44,325  - INFO - inside daily loop
2017-03-27 16:03:44,359  - INFO - Data file for 1 partition is created
2017-03-27 16:03:44,359  - INFO - This process 1 is complete
2017-03-27 16:03:44,425  - INFO - inside daily loop
2017-03-27 16:03:44,462  - INFO - Data file for 6 partition is created
2017-03-27 16:03:44,462  - INFO - This process 6 is complete
2017-03-27 16:03:44,466  - INFO - inside daily loop
2017-03-27 16:03:44,484  - INFO - Data file for 5 partition is created
2017-03-27 16:03:44,485  - INFO - This process 5 is complete
2017-03-27 16:03:44,547  - INFO - inside daily loop
2017-03-27 16:03:44,558  - INFO - inside daily loop
2017-03-27 16:03:44,558  - INFO - Data file for 4 partition is created
2017-03-27 16:03:44,559  - INFO - This process 4 is complete
2017-03-27 16:03:44,566  - INFO - inside daily loop
2017-03-27 16:03:44,579  - INFO - inside daily loop
2017-03-27 16:03:44,585  - INFO - Data file for 9 partition is created
2017-03-27 16:03:44,586  - INFO - This process 9 is complete
2017-03-27 16:03:44,588  - INFO - Data file for 11 partition is created
2017-03-27 16:03:44,588  - INFO - This process 11 is complete
2017-03-27 16:03:44,610  - INFO - inside daily loop
2017-03-27 16:03:44,620  - INFO - Data file for 8 partition is created
2017-03-27 16:03:44,620  - INFO - Data file for 7 partition is created
2017-03-27 16:03:44,621  - INFO - This process 8 is complete
2017-03-27 16:03:44,621  - INFO - This process 7 is complete
2017-03-27 16:03:44,658  - INFO - inside daily loop
2017-03-27 16:03:44,672  - INFO - Data file for 10 partition is created
2017-03-27 16:03:44,672  - INFO - This process 10 is complete
2017-03-27 16:03:44,680  - INFO - inside daily loop
2017-03-27 16:03:44,687  - INFO - Data file for 13 partition is created
2017-03-27 16:03:44,687  - INFO - This process 13 is complete
2017-03-27 16:03:44,702  - INFO - inside daily loop
2017-03-27 16:03:44,709  - INFO - Data file for 2 partition is created
2017-03-27 16:03:44,709  - INFO - This process 2 is complete
2017-03-27 16:03:47,720  - INFO - Starting aggregation
2017-03-27 16:03:50,298  - INFO - Daily file named IBM_xforceIntelligence_270317.xlsx uploaded for date 2017-03-27
2017-03-27 16:03:58,890  - INFO - Daily file named IBM_xforceIntelligence_270317.csv moved to processed folder
2017-03-27 16:03:58,890  - INFO - Job completed
