2017-02-28 14:35:13,959  - INFO - Clearing previous csv and xlsx files
2017-02-28 14:35:14,015  - INFO - starting for daily report
2017-02-28 14:35:14,016  - INFO - Keyreport file is present,so skipping creation
2017-02-28 14:35:16,851  - INFO - No of unique keywors for daily report 219
2017-02-28 14:35:17,042  - INFO - process no. 0 started 
2017-02-28 14:35:17,049  - INFO - process no. 1 started 
2017-02-28 14:35:17,058  - INFO - process no. 2 started 
2017-02-28 14:35:17,068  - INFO - process no. 3 started 
2017-02-28 14:35:17,078  - INFO - process no. 8 started 
2017-02-28 14:35:17,078  - INFO - process no. 6 started 
2017-02-28 14:35:17,084  - INFO - process no. 4 started 
2017-02-28 14:35:17,088  - INFO - process no. 7 started 
2017-02-28 14:35:17,090  - INFO - process no. 5 started 
2017-02-28 14:35:17,094  - INFO - process no. 9 started 
2017-02-28 14:35:17,106  - INFO - process no. 12 started 
2017-02-28 14:35:17,107  - INFO - process no. 10 started 
2017-02-28 14:35:17,125  - INFO - process no. 11 started 
2017-02-28 14:35:17,121  - INFO - process no. 13 started 
2017-02-28 14:35:17,254  - INFO - process no. 14 started 
2017-02-28 14:35:45,469  - INFO - inside daily loop
2017-02-28 14:35:45,496  - INFO - starting for text analysis keyword
2017-02-28 14:35:45,529  - INFO - keyword,account_count,account_count,cost are text analysis,1,1,120.56
2017-02-28 14:35:45,537  - INFO - Data file for 14 partition is created
2017-02-28 14:35:45,537  - INFO - This process 14 is complete
2017-02-28 14:35:59,766  - INFO - inside daily loop
2017-02-28 14:35:59,780  - INFO - starting for ibm cognitive business solutions keyword
2017-02-28 14:35:59,790  - INFO - keyword,account_count,account_count,cost are ibm cognitive business solutions,1,2,4.69
2017-02-28 14:35:59,847  - INFO - Data file for 0 partition is created
2017-02-28 14:35:59,848  - INFO - This process 0 is complete
2017-02-28 14:35:59,938  - INFO - inside daily loop
2017-02-28 14:35:59,940  - INFO - starting for ibm tone analyzer keyword
2017-02-28 14:35:59,943  - INFO - keyword,account_count,account_count,cost are ibm tone analyzer,1,3,0.0
2017-02-28 14:35:59,997  - INFO - Data file for 2 partition is created
2017-02-28 14:35:59,997  - INFO - This process 2 is complete
2017-02-28 14:36:00,105  - INFO - inside daily loop
2017-02-28 14:36:00,132  - INFO - Data file for 10 partition is created
2017-02-28 14:36:00,132  - INFO - This process 10 is complete
2017-02-28 14:36:00,177  - INFO - inside daily loop
2017-02-28 14:36:00,186  - INFO - Data file for 13 partition is created
2017-02-28 14:36:00,186  - INFO - This process 13 is complete
2017-02-28 14:36:00,414  - INFO - inside daily loop
2017-02-28 14:36:00,432  - INFO - starting for ibm text analysis keyword
2017-02-28 14:36:00,435  - INFO - keyword,account_count,account_count,cost are ibm text analysis,1,1,2.46
2017-02-28 14:36:00,461  - INFO - Data file for 4 partition is created
2017-02-28 14:36:00,461  - INFO - This process 4 is complete
2017-02-28 14:36:00,552  - INFO - inside daily loop
2017-02-28 14:36:00,554  - INFO - starting for ibm personality insights keyword
2017-02-28 14:36:00,557  - INFO - keyword,account_count,account_count,cost are ibm personality insights,1,3,21.79
2017-02-28 14:36:00,583  - INFO - Data file for 7 partition is created
2017-02-28 14:36:00,583  - INFO - This process 7 is complete
2017-02-28 14:36:00,849  - INFO - inside daily loop
2017-02-28 14:36:00,876  - INFO - Data file for 3 partition is created
2017-02-28 14:36:00,876  - INFO - This process 3 is complete
2017-02-28 14:36:00,947  - INFO - inside daily loop
2017-02-28 14:36:00,948  - INFO - starting for ibm cognitive business technology keyword
2017-02-28 14:36:00,952  - INFO - keyword,account_count,account_count,cost are ibm cognitive business technology,1,2,0.0
2017-02-28 14:36:00,953  - INFO - starting for emotion analysis keyword
2017-02-28 14:36:00,960  - INFO - inside daily loop
2017-02-28 14:36:00,962  - INFO - starting for ibm customer engagement technology keyword
2017-02-28 14:36:00,965  - INFO - keyword,account_count,account_count,cost are ibm customer engagement technology,1,2,0.0
2017-02-28 14:36:00,965  - INFO - starting for customer engagement technology keyword
2017-02-28 14:36:00,967  - INFO - keyword,account_count,account_count,cost are customer engagement technology,1,1,5.96
2017-02-28 14:36:00,968  - INFO - keyword,account_count,account_count,cost are emotion analysis,1,3,73.62
2017-02-28 14:36:00,978  - INFO - Data file for 11 partition is created
2017-02-28 14:36:00,978  - INFO - This process 11 is complete
2017-02-28 14:36:00,979  - INFO - Data file for 8 partition is created
2017-02-28 14:36:00,979  - INFO - This process 8 is complete
2017-02-28 14:36:01,085  - INFO - inside daily loop
2017-02-28 14:36:01,094  - INFO - Data file for 6 partition is created
2017-02-28 14:36:01,094  - INFO - This process 6 is complete
2017-02-28 14:36:01,173  - INFO - inside daily loop
2017-02-28 14:36:01,186  - INFO - Data file for 1 partition is created
2017-02-28 14:36:01,186  - INFO - This process 1 is complete
2017-02-28 14:36:01,188  - INFO - inside daily loop
2017-02-28 14:36:01,190  - INFO - starting for cognitive business technology keyword
2017-02-28 14:36:01,193  - INFO - keyword,account_count,account_count,cost are cognitive business technology,1,1,0.0
2017-02-28 14:36:01,202  - INFO - Data file for 5 partition is created
2017-02-28 14:36:01,203  - INFO - This process 5 is complete
2017-02-28 14:36:01,240  - INFO - inside daily loop
2017-02-28 14:36:01,241  - INFO - starting for cognitive business solutions keyword
2017-02-28 14:36:01,243  - INFO - keyword,account_count,account_count,cost are cognitive business solutions,1,2,0.0
2017-02-28 14:36:01,243  - INFO - starting for personality insights keyword
2017-02-28 14:36:01,245  - INFO - keyword,account_count,account_count,cost are personality insights,1,3,45.54
2017-02-28 14:36:01,252  - INFO - Data file for 12 partition is created
2017-02-28 14:36:01,252  - INFO - This process 12 is complete
2017-02-28 14:36:01,336  - INFO - inside daily loop
2017-02-28 14:36:01,338  - INFO - starting for ibm emotion analysis keyword
2017-02-28 14:36:01,340  - INFO - keyword,account_count,account_count,cost are ibm emotion analysis,1,3,0.0
2017-02-28 14:36:01,340  - INFO - starting for tone analyzer keyword
2017-02-28 14:36:01,342  - INFO - keyword,account_count,account_count,cost are tone analyzer,1,3,0.72
2017-02-28 14:36:01,350  - INFO - Data file for 9 partition is created
2017-02-28 14:36:01,350  - INFO - This process 9 is complete
2017-02-28 14:36:02,273  - INFO - Starting aggregation
