2017-03-30 12:32:16,643  - INFO - Clearing previous csv and xlsx files
2017-03-30 12:32:19,756  - INFO - starting for by monthly report
2017-03-30 12:32:22,955  - INFO - Connected to local Database
2017-03-30 12:32:22,956  - INFO - Downloading keyword report data
2017-03-30 12:32:22,956  - INFO - Keyreport file is not present so creating it 
2017-03-30 12:32:22,983  - INFO - url of sheet which we are hitting {'https://docs.google.com/spreadsheets/d/1R66ZfGvjvvohUWM-OQz4lWrb6JaITDzd28v-clrbDMo/edit#gid=0': {'NOMBRE': 'IBM'}}
2017-03-30 12:32:22,983  - INFO - URL from which we are getting list of accounts:{'https://docs.google.com/spreadsheets/d/1R66ZfGvjvvohUWM-OQz4lWrb6JaITDzd28v-clrbDMo/edit#gid=0': {'NOMBRE': 'IBM'}}
2017-03-30 12:32:24,546  - INFO - Connected to drive
2017-03-30 12:32:24,546  - INFO - Connected to google drive

2017-03-30 12:32:28,316  - INFO - List of accounts ['2809296861', '7813355720', '4804168647', '2231303651', '5689562067', '8697947664', '1507219704', '7652731314', '4718565953', '4427418816', '4414603918', '9641959361', '7997640368', '8368566800', '1913979284', '2677004727', '6256210439', '5449804993', '5324634234', '7153553492', '5305821365', '1775729480', '2944469928', '7636545669', '1076682543', '7902277106', '8725279362', '8638326204', '7883681562', '4830309918', '5168582986', '7079507033', '7008363161', '9391425334', '4033594085', '1181577747', '5643789204', '7194648907', '5596963937', '8652974884', '1158680681', '5905426474', '9315874047', '8808092456', '1437740590', '1980447844', '5385948464', '5481211928', '8048364176', '8317079318', '8894727133', '8950841751', '5727312516', '7653538731', '5260395623', '2055158184', '3507344855', '4143834440', '1119144035', '3303736528', '5543791114', '8847228380', '3407444652', '2010858735', '8676621406', '3602460396', '3924629577', '5033784069', '6986394311', '6508276876', '2376534971', '1236436471', '7162590027', '4234305823', '4943932774', '3484811464', '9517338753', '7491622727', '9469342557', '5429001474', '1086771272', '9050771087', '1131954238', '7067472045']
2017-03-30 12:32:28,317  - INFO - no. of Yaml files:84
2017-03-30 12:32:28,371  - INFO - starting for this account id :2809296861
2017-03-30 12:32:28,375  - INFO - starting for this account id :7813355720
2017-03-30 12:32:28,386  - INFO - starting for this account id :2231303651
2017-03-30 12:32:28,389  - INFO - starting for this account id :4804168647
2017-03-30 12:32:28,401  - INFO - starting for this account id :7652731314
2017-03-30 12:32:28,413  - INFO - starting for this account id :4427418816
2017-03-30 12:32:28,426  - INFO - starting for this account id :1507219704
2017-03-30 12:32:28,428  - INFO - starting for this account id :4414603918
2017-03-30 12:32:28,428  - INFO - starting for this account id :5689562067
2017-03-30 12:32:28,413  - INFO - starting for this account id :8697947664
2017-03-30 12:32:28,445  - INFO - starting for this account id :1913979284
2017-03-30 12:32:28,438  - INFO - starting for this account id :2677004727
2017-03-30 12:32:28,456  - INFO - starting for this account id :8368566800
2017-03-30 12:32:28,458  - INFO - starting for this account id :9641959361
2017-03-30 12:32:28,463  - INFO - starting for this account id :6256210439
2017-03-30 12:32:28,464  - INFO - starting for this account id :7997640368
2017-03-30 12:32:28,476  - INFO - starting for this account id :5324634234
2017-03-30 12:32:28,520  - INFO - starting for this account id :4718565953
2017-03-30 12:32:28,526  - INFO - starting for this account id :7153553492
2017-03-30 12:32:28,547  - INFO - starting for this account id :5449804993
2017-03-30 12:32:28,559  - INFO - starting for this account id :1775729480
2017-03-30 12:32:28,560  - INFO - starting for this account id :5305821365
2017-03-30 12:32:28,609  - INFO - starting for this account id :1076682543
2017-03-30 12:32:28,612  - INFO - starting for this account id :2944469928
2017-03-30 12:32:28,621  - INFO - starting for this account id :7636545669
2017-03-30 12:32:28,635  - INFO - starting for this account id :7902277106
2017-03-30 12:32:28,651  - INFO - starting for this account id :8638326204
2017-03-30 12:32:28,673  - INFO - starting for this account id :8725279362
2017-03-30 12:32:28,685  - INFO - starting for this account id :7883681562
2017-03-30 12:32:28,690  - INFO - starting for this account id :4830309918
2017-03-30 12:32:28,717  - INFO - starting for this account id :5168582986
2017-03-30 12:32:28,714  - INFO - starting for this account id :7008363161
2017-03-30 12:32:28,742  - INFO - starting for this account id :7079507033
2017-03-30 12:32:28,742  - INFO - starting for this account id :4033594085
2017-03-30 12:32:28,721  - INFO - starting for this account id :9391425334
2017-03-30 12:32:28,762  - INFO - starting for this account id :1181577747
2017-03-30 12:32:28,777  - INFO - starting for this account id :5643789204
2017-03-30 12:32:28,808  - INFO - starting for this account id :5596963937
2017-03-30 12:32:28,811  - INFO - starting for this account id :7194648907
2017-03-30 12:32:28,836  - INFO - starting for this account id :1437740590
2017-03-30 12:32:28,848  - INFO - starting for this account id :1980447844
2017-03-30 12:32:28,849  - INFO - starting for this account id :8652974884
2017-03-30 12:32:28,867  - INFO - starting for this account id :5905426474
2017-03-30 12:32:28,880  - INFO - starting for this account id :9315874047
2017-03-30 12:32:28,887  - INFO - starting for this account id :8808092456
2017-03-30 12:32:28,888  - INFO - starting for this account id :1158680681
2017-03-30 12:32:28,910  - INFO - starting for this account id :5385948464
2017-03-30 12:32:28,928  - INFO - starting for this account id :8317079318
2017-03-30 12:32:28,929  - INFO - starting for this account id :5481211928
2017-03-30 12:32:28,947  - INFO - starting for this account id :8048364176
2017-03-30 12:32:28,984  - INFO - starting for this account id :8894727133
2017-03-30 12:32:28,985  - INFO - starting for this account id :8950841751
2017-03-30 12:32:29,006  - INFO - starting for this account id :7653538731
2017-03-30 12:32:29,015  - INFO - starting for this account id :5260395623
2017-03-30 12:32:29,032  - INFO - starting for this account id :5727312516
2017-03-30 12:32:29,042  - INFO - starting for this account id :3303736528
2017-03-30 12:32:29,044  - INFO - starting for this account id :1119144035
2017-03-30 12:32:29,071  - INFO - starting for this account id :4143834440
2017-03-30 12:32:29,075  - INFO - starting for this account id :3507344855
2017-03-30 12:32:29,081  - INFO - starting for this account id :5543791114
2017-03-30 12:32:29,091  - INFO - starting for this account id :2055158184
2017-03-30 12:32:29,141  - INFO - starting for this account id :2010858735
2017-03-30 12:32:29,150  - INFO - starting for this account id :3407444652
2017-03-30 12:32:29,158  - INFO - starting for this account id :8847228380
2017-03-30 12:32:29,194  - INFO - starting for this account id :8676621406
2017-03-30 12:32:29,195  - INFO - starting for this account id :5033784069
2017-03-30 12:32:29,220  - INFO - starting for this account id :3924629577
2017-03-30 12:32:29,225  - INFO - starting for this account id :6508276876
2017-03-30 12:32:29,235  - INFO - starting for this account id :3602460396
2017-03-30 12:32:29,283  - INFO - starting for this account id :2376534971
2017-03-30 12:32:29,288  - INFO - starting for this account id :6986394311
2017-03-30 12:32:29,305  - INFO - starting for this account id :1236436471
2017-03-30 12:32:29,348  - INFO - starting for this account id :7162590027
2017-03-30 12:32:29,381  - INFO - starting for this account id :4234305823
2017-03-30 12:32:29,383  - INFO - starting for this account id :7491622727
2017-03-30 12:32:29,406  - INFO - starting for this account id :5429001474
2017-03-30 12:32:29,409  - INFO - starting for this account id :4943932774
2017-03-30 12:32:29,429  - INFO - starting for this account id :1086771272
2017-03-30 12:32:29,446  - INFO - starting for this account id :9517338753
2017-03-30 12:32:29,472  - INFO - starting for this account id :3484811464
2017-03-30 12:32:29,478  - INFO - starting for this account id :9469342557
2017-03-30 12:32:29,480  - INFO - starting for this account id :7067472045
2017-03-30 12:32:29,484  - INFO - starting for this account id :1131954238
2017-03-30 12:32:29,497  - INFO - starting for this account id :9050771087
2017-03-30 12:32:40,520  - INFO - This process is complete
2017-03-30 12:32:40,795  - INFO - This process is complete
2017-03-30 12:32:41,271  - INFO - This process is complete
2017-03-30 12:32:41,570  - INFO - This process is complete
2017-03-30 12:32:42,005  - INFO - This process is complete
2017-03-30 12:32:42,489  - INFO - This process is complete
2017-03-30 12:32:43,436  - INFO - This process is complete
2017-03-30 12:32:43,572  - ERROR - error occured for 8725279362 
Traceback (most recent call last):
  File "/home/shubham/Desktop/Documents/Keywordsautomation/Documents_Media/keywords_bak.py", line 87, in filegenerator
    GetKeywordURLs(account)
  File "/home/shubham/Desktop/Documents/Keywordsautomation/Documents_Media/keywords_bak.py", line 38, in GetKeywordURLs
    report_downloader = ADWORDS_CLIENT.GetReportDownloader()
  File "/home/shubham/anaconda2/lib/python2.7/site-packages/googleads/adwords.py", line 487, in GetReportDownloader
    return ReportDownloader(self, version, server)
  File "/home/shubham/anaconda2/lib/python2.7/site-packages/googleads/adwords.py", line 1215, in __init__
    cache=self._adwords_client.cache).wsdl.schema
  File "/home/shubham/anaconda2/lib/python2.7/site-packages/suds/client.py", line 115, in __init__
    self.wsdl = reader.open(url)
  File "/home/shubham/anaconda2/lib/python2.7/site-packages/suds/reader.py", line 150, in open
    d = self.fn(url, self.options)
  File "/home/shubham/anaconda2/lib/python2.7/site-packages/suds/wsdl.py", line 136, in __init__
    d = reader.open(url)
  File "/home/shubham/anaconda2/lib/python2.7/site-packages/suds/reader.py", line 74, in open
    d = self.download(url)
  File "/home/shubham/anaconda2/lib/python2.7/site-packages/suds/reader.py", line 92, in download
    fp = self.options.transport.open(Request(url))
  File "/home/shubham/anaconda2/lib/python2.7/site-packages/suds/transport/http.py", line 67, in open
    return self.u2open(u2request)
  File "/home/shubham/anaconda2/lib/python2.7/site-packages/suds/transport/http.py", line 132, in u2open
    return url.open(u2request, timeout=tm)
  File "/home/shubham/anaconda2/lib/python2.7/urllib2.py", line 429, in open
    response = self._open(req, data)
  File "/home/shubham/anaconda2/lib/python2.7/urllib2.py", line 447, in _open
    '_open', req)
  File "/home/shubham/anaconda2/lib/python2.7/urllib2.py", line 407, in _call_chain
    result = func(*args)
  File "/home/shubham/anaconda2/lib/python2.7/urllib2.py", line 1241, in https_open
    context=self._context)
  File "/home/shubham/anaconda2/lib/python2.7/urllib2.py", line 1198, in do_open
    raise URLError(err)
URLError: <urlopen error EOF occurred in violation of protocol (_ssl.c:590)>
2017-03-30 12:32:43,661  - INFO - This process is complete
2017-03-30 12:32:43,789  - INFO - This process is complete
2017-03-30 12:32:43,827  - INFO - This process is complete
2017-03-30 12:32:44,467  - INFO - This process is complete
2017-03-30 12:32:44,553  - INFO - This process is complete
2017-03-30 12:32:44,955  - INFO - This process is complete
2017-03-30 12:32:45,573  - INFO - This process is complete
2017-03-30 12:32:46,401  - INFO - This process is complete
2017-03-30 12:32:46,432  - ERROR - error occured for 1980447844 
Traceback (most recent call last):
  File "/home/shubham/Desktop/Documents/Keywordsautomation/Documents_Media/keywords_bak.py", line 87, in filegenerator
    GetKeywordURLs(account)
  File "/home/shubham/Desktop/Documents/Keywordsautomation/Documents_Media/keywords_bak.py", line 81, in GetKeywordURLs
    skip_report_summary=True, include_zero_impressions=True)
  File "/home/shubham/anaconda2/lib/python2.7/site-packages/googleads/common.py", line 506, in Wrapper
    return utility_method(*args, **kwargs)
  File "/home/shubham/anaconda2/lib/python2.7/site-packages/googleads/adwords.py", line 1271, in DownloadReport
    output, **kwargs)
  File "/home/shubham/anaconda2/lib/python2.7/site-packages/googleads/adwords.py", line 1541, in _DownloadReport
    response = self._DownloadReportAsStream(post_body, **kwargs)
  File "/home/shubham/anaconda2/lib/python2.7/site-packages/googleads/adwords.py", line 1592, in _DownloadReportAsStream
    return self.url_opener.open(request)
  File "/home/shubham/anaconda2/lib/python2.7/urllib2.py", line 429, in open
    response = self._open(req, data)
  File "/home/shubham/anaconda2/lib/python2.7/urllib2.py", line 447, in _open
    '_open', req)
  File "/home/shubham/anaconda2/lib/python2.7/urllib2.py", line 407, in _call_chain
    result = func(*args)
  File "/home/shubham/anaconda2/lib/python2.7/urllib2.py", line 1241, in https_open
    context=self._context)
  File "/home/shubham/anaconda2/lib/python2.7/urllib2.py", line 1198, in do_open
    raise URLError(err)
URLError: <urlopen error EOF occurred in violation of protocol (_ssl.c:590)>
2017-03-30 12:32:46,449  - INFO - This process is complete
2017-03-30 12:32:47,534  - INFO - This process is complete
2017-03-30 12:32:49,143  - INFO - This process is complete
2017-03-30 12:32:50,083  - INFO - This process is complete
2017-03-30 12:32:50,876  - ERROR - error occured for 3507344855 
Traceback (most recent call last):
  File "/home/shubham/Desktop/Documents/Keywordsautomation/Documents_Media/keywords_bak.py", line 87, in filegenerator
    GetKeywordURLs(account)
  File "/home/shubham/Desktop/Documents/Keywordsautomation/Documents_Media/keywords_bak.py", line 38, in GetKeywordURLs
    report_downloader = ADWORDS_CLIENT.GetReportDownloader()
  File "/home/shubham/anaconda2/lib/python2.7/site-packages/googleads/adwords.py", line 487, in GetReportDownloader
    return ReportDownloader(self, version, server)
  File "/home/shubham/anaconda2/lib/python2.7/site-packages/googleads/adwords.py", line 1215, in __init__
    cache=self._adwords_client.cache).wsdl.schema
  File "/home/shubham/anaconda2/lib/python2.7/site-packages/suds/client.py", line 115, in __init__
    self.wsdl = reader.open(url)
  File "/home/shubham/anaconda2/lib/python2.7/site-packages/suds/reader.py", line 150, in open
    d = self.fn(url, self.options)
  File "/home/shubham/anaconda2/lib/python2.7/site-packages/suds/wsdl.py", line 159, in __init__
    self.build_schema()
  File "/home/shubham/anaconda2/lib/python2.7/site-packages/suds/wsdl.py", line 220, in build_schema
    self.schema = container.load(self.options)
  File "/home/shubham/anaconda2/lib/python2.7/site-packages/suds/xsd/schema.py", line 92, in load
    child.open_imports(options)
  File "/home/shubham/anaconda2/lib/python2.7/site-packages/suds/xsd/schema.py", line 301, in open_imports
    imported = imp.open(options)
  File "/home/shubham/anaconda2/lib/python2.7/site-packages/suds/xsd/sxbasic.py", line 581, in open
    result = self.download(options)
  File "/home/shubham/anaconda2/lib/python2.7/site-packages/suds/xsd/sxbasic.py", line 597, in download
    d = reader.open(url)
  File "/home/shubham/anaconda2/lib/python2.7/site-packages/suds/reader.py", line 74, in open
    d = self.download(url)
  File "/home/shubham/anaconda2/lib/python2.7/site-packages/suds/reader.py", line 92, in download
    fp = self.options.transport.open(Request(url))
  File "/home/shubham/anaconda2/lib/python2.7/site-packages/suds/transport/http.py", line 67, in open
    return self.u2open(u2request)
  File "/home/shubham/anaconda2/lib/python2.7/site-packages/suds/transport/http.py", line 132, in u2open
    return url.open(u2request, timeout=tm)
  File "/home/shubham/anaconda2/lib/python2.7/urllib2.py", line 429, in open
    response = self._open(req, data)
  File "/home/shubham/anaconda2/lib/python2.7/urllib2.py", line 447, in _open
    '_open', req)
  File "/home/shubham/anaconda2/lib/python2.7/urllib2.py", line 407, in _call_chain
    result = func(*args)
  File "/home/shubham/anaconda2/lib/python2.7/urllib2.py", line 1241, in https_open
    context=self._context)
  File "/home/shubham/anaconda2/lib/python2.7/urllib2.py", line 1198, in do_open
    raise URLError(err)
URLError: <urlopen error EOF occurred in violation of protocol (_ssl.c:590)>
2017-03-30 12:32:50,951  - INFO - This process is complete
2017-03-30 12:32:51,477  - INFO - This process is complete
2017-03-30 12:32:51,536  - INFO - This process is complete
2017-03-30 12:32:52,351  - INFO - This process is complete
2017-03-30 12:32:52,422  - INFO - This process is complete
2017-03-30 12:32:52,537  - ERROR - error occured for 8368566800 
Traceback (most recent call last):
  File "/home/shubham/Desktop/Documents/Keywordsautomation/Documents_Media/keywords_bak.py", line 87, in filegenerator
    GetKeywordURLs(account)
  File "/home/shubham/Desktop/Documents/Keywordsautomation/Documents_Media/keywords_bak.py", line 38, in GetKeywordURLs
    report_downloader = ADWORDS_CLIENT.GetReportDownloader()
  File "/home/shubham/anaconda2/lib/python2.7/site-packages/googleads/adwords.py", line 487, in GetReportDownloader
    return ReportDownloader(self, version, server)
  File "/home/shubham/anaconda2/lib/python2.7/site-packages/googleads/adwords.py", line 1215, in __init__
    cache=self._adwords_client.cache).wsdl.schema
  File "/home/shubham/anaconda2/lib/python2.7/site-packages/suds/client.py", line 115, in __init__
    self.wsdl = reader.open(url)
  File "/home/shubham/anaconda2/lib/python2.7/site-packages/suds/reader.py", line 150, in open
    d = self.fn(url, self.options)
  File "/home/shubham/anaconda2/lib/python2.7/site-packages/suds/wsdl.py", line 136, in __init__
    d = reader.open(url)
  File "/home/shubham/anaconda2/lib/python2.7/site-packages/suds/reader.py", line 74, in open
    d = self.download(url)
  File "/home/shubham/anaconda2/lib/python2.7/site-packages/suds/reader.py", line 92, in download
    fp = self.options.transport.open(Request(url))
  File "/home/shubham/anaconda2/lib/python2.7/site-packages/suds/transport/http.py", line 67, in open
    return self.u2open(u2request)
  File "/home/shubham/anaconda2/lib/python2.7/site-packages/suds/transport/http.py", line 132, in u2open
    return url.open(u2request, timeout=tm)
  File "/home/shubham/anaconda2/lib/python2.7/urllib2.py", line 429, in open
    response = self._open(req, data)
  File "/home/shubham/anaconda2/lib/python2.7/urllib2.py", line 447, in _open
    '_open', req)
  File "/home/shubham/anaconda2/lib/python2.7/urllib2.py", line 407, in _call_chain
    result = func(*args)
  File "/home/shubham/anaconda2/lib/python2.7/urllib2.py", line 1241, in https_open
    context=self._context)
  File "/home/shubham/anaconda2/lib/python2.7/urllib2.py", line 1198, in do_open
    raise URLError(err)
URLError: <urlopen error EOF occurred in violation of protocol (_ssl.c:590)>
2017-03-30 12:32:52,538  - INFO - This process is complete
2017-03-30 12:32:52,921  - INFO - This process is complete
2017-03-30 12:32:52,989  - INFO - This process is complete
2017-03-30 12:32:52,992  - INFO - This process is complete
2017-03-30 12:32:53,816  - INFO - This process is complete
2017-03-30 12:32:53,982  - INFO - This process is complete
2017-03-30 12:32:54,631  - INFO - This process is complete
2017-03-30 12:32:54,951  - INFO - This process is complete
2017-03-30 12:32:55,486  - ERROR - error occured for 2010858735 
Traceback (most recent call last):
  File "/home/shubham/Desktop/Documents/Keywordsautomation/Documents_Media/keywords_bak.py", line 87, in filegenerator
    GetKeywordURLs(account)
  File "/home/shubham/Desktop/Documents/Keywordsautomation/Documents_Media/keywords_bak.py", line 81, in GetKeywordURLs
    skip_report_summary=True, include_zero_impressions=True)
  File "/home/shubham/anaconda2/lib/python2.7/site-packages/googleads/common.py", line 506, in Wrapper
    return utility_method(*args, **kwargs)
  File "/home/shubham/anaconda2/lib/python2.7/site-packages/googleads/adwords.py", line 1271, in DownloadReport
    output, **kwargs)
  File "/home/shubham/anaconda2/lib/python2.7/site-packages/googleads/adwords.py", line 1541, in _DownloadReport
    response = self._DownloadReportAsStream(post_body, **kwargs)
  File "/home/shubham/anaconda2/lib/python2.7/site-packages/googleads/adwords.py", line 1592, in _DownloadReportAsStream
    return self.url_opener.open(request)
  File "/home/shubham/anaconda2/lib/python2.7/urllib2.py", line 429, in open
    response = self._open(req, data)
  File "/home/shubham/anaconda2/lib/python2.7/urllib2.py", line 447, in _open
    '_open', req)
  File "/home/shubham/anaconda2/lib/python2.7/urllib2.py", line 407, in _call_chain
    result = func(*args)
  File "/home/shubham/anaconda2/lib/python2.7/urllib2.py", line 1241, in https_open
    context=self._context)
  File "/home/shubham/anaconda2/lib/python2.7/urllib2.py", line 1198, in do_open
    raise URLError(err)
URLError: <urlopen error EOF occurred in violation of protocol (_ssl.c:590)>
2017-03-30 12:32:55,490  - INFO - This process is complete
2017-03-30 12:32:55,716  - INFO - This process is complete
2017-03-30 12:32:55,761  - INFO - This process is complete
2017-03-30 12:32:56,348  - INFO - This process is complete
2017-03-30 12:32:57,119  - INFO - This process is complete
2017-03-30 12:32:57,611  - INFO - This process is complete
2017-03-30 12:32:57,743  - INFO - This process is complete
2017-03-30 12:32:59,318  - INFO - This process is complete
2017-03-30 12:32:59,472  - INFO - This process is complete
2017-03-30 12:32:59,766  - INFO - This process is complete
2017-03-30 12:33:01,183  - INFO - This process is complete
2017-03-30 12:33:02,703  - INFO - This process is complete
2017-03-30 12:33:03,908  - INFO - This process is complete
2017-03-30 12:33:05,301  - INFO - This process is complete
2017-03-30 12:33:05,767  - INFO - This process is complete
2017-03-30 12:33:06,474  - INFO - This process is complete
2017-03-30 12:33:06,489  - INFO - This process is complete
2017-03-30 12:33:09,873  - INFO - This process is complete
2017-03-30 12:33:10,269  - INFO - This process is complete
2017-03-30 12:33:10,425  - ERROR - error occured for 7153553492 
Traceback (most recent call last):
  File "/home/shubham/Desktop/Documents/Keywordsautomation/Documents_Media/keywords_bak.py", line 87, in filegenerator
    GetKeywordURLs(account)
  File "/home/shubham/Desktop/Documents/Keywordsautomation/Documents_Media/keywords_bak.py", line 38, in GetKeywordURLs
    report_downloader = ADWORDS_CLIENT.GetReportDownloader()
  File "/home/shubham/anaconda2/lib/python2.7/site-packages/googleads/adwords.py", line 487, in GetReportDownloader
    return ReportDownloader(self, version, server)
  File "/home/shubham/anaconda2/lib/python2.7/site-packages/googleads/adwords.py", line 1215, in __init__
    cache=self._adwords_client.cache).wsdl.schema
  File "/home/shubham/anaconda2/lib/python2.7/site-packages/suds/client.py", line 115, in __init__
    self.wsdl = reader.open(url)
  File "/home/shubham/anaconda2/lib/python2.7/site-packages/suds/reader.py", line 150, in open
    d = self.fn(url, self.options)
  File "/home/shubham/anaconda2/lib/python2.7/site-packages/suds/wsdl.py", line 159, in __init__
    self.build_schema()
  File "/home/shubham/anaconda2/lib/python2.7/site-packages/suds/wsdl.py", line 220, in build_schema
    self.schema = container.load(self.options)
  File "/home/shubham/anaconda2/lib/python2.7/site-packages/suds/xsd/schema.py", line 92, in load
    child.open_imports(options)
  File "/home/shubham/anaconda2/lib/python2.7/site-packages/suds/xsd/schema.py", line 301, in open_imports
    imported = imp.open(options)
  File "/home/shubham/anaconda2/lib/python2.7/site-packages/suds/xsd/sxbasic.py", line 581, in open
    result = self.download(options)
  File "/home/shubham/anaconda2/lib/python2.7/site-packages/suds/xsd/sxbasic.py", line 597, in download
    d = reader.open(url)
  File "/home/shubham/anaconda2/lib/python2.7/site-packages/suds/reader.py", line 74, in open
    d = self.download(url)
  File "/home/shubham/anaconda2/lib/python2.7/site-packages/suds/reader.py", line 92, in download
    fp = self.options.transport.open(Request(url))
  File "/home/shubham/anaconda2/lib/python2.7/site-packages/suds/transport/http.py", line 67, in open
    return self.u2open(u2request)
  File "/home/shubham/anaconda2/lib/python2.7/site-packages/suds/transport/http.py", line 132, in u2open
    return url.open(u2request, timeout=tm)
  File "/home/shubham/anaconda2/lib/python2.7/urllib2.py", line 429, in open
    response = self._open(req, data)
  File "/home/shubham/anaconda2/lib/python2.7/urllib2.py", line 447, in _open
    '_open', req)
  File "/home/shubham/anaconda2/lib/python2.7/urllib2.py", line 407, in _call_chain
    result = func(*args)
  File "/home/shubham/anaconda2/lib/python2.7/urllib2.py", line 1241, in https_open
    context=self._context)
  File "/home/shubham/anaconda2/lib/python2.7/urllib2.py", line 1198, in do_open
    raise URLError(err)
URLError: <urlopen error EOF occurred in violation of protocol (_ssl.c:590)>
2017-03-30 12:33:10,427  - INFO - This process is complete
2017-03-30 12:33:12,821  - INFO - This process is complete
2017-03-30 12:33:14,790  - INFO - This process is complete
2017-03-30 12:33:15,628  - INFO - This process is complete
2017-03-30 12:33:18,032  - INFO - This process is complete
2017-03-30 12:33:20,008  - INFO - This process is complete
2017-03-30 12:33:20,738  - INFO - This process is complete
2017-03-30 12:33:21,959  - INFO - This process is complete
2017-03-30 12:33:22,811  - INFO - This process is complete
2017-03-30 12:33:24,404  - INFO - This process is complete
2017-03-30 12:33:33,256  - INFO - This process is complete
2017-03-30 12:33:34,558  - INFO - This process is complete
2017-03-30 12:33:35,404  - INFO - This process is complete
2017-03-30 12:33:35,423  - INFO - This process is complete
2017-03-30 12:33:38,396  - INFO - This process is complete
2017-03-30 12:33:39,654  - INFO - This process is complete
2017-03-30 12:33:39,677  - INFO - This process is complete
2017-03-30 12:33:40,541  - INFO - This process is complete
2017-03-30 12:33:40,887  - INFO - This process is complete
2017-03-30 12:33:41,068  - INFO - This process is complete
2017-03-30 12:33:47,565  - INFO - This process is complete
2017-03-30 12:33:49,608  - INFO - This process is complete
2017-03-30 12:33:54,168  - ERROR - error occured for 9517338753 
Traceback (most recent call last):
  File "/home/shubham/Desktop/Documents/Keywordsautomation/Documents_Media/keywords_bak.py", line 87, in filegenerator
    GetKeywordURLs(account)
  File "/home/shubham/Desktop/Documents/Keywordsautomation/Documents_Media/keywords_bak.py", line 81, in GetKeywordURLs
    skip_report_summary=True, include_zero_impressions=True)
  File "/home/shubham/anaconda2/lib/python2.7/site-packages/googleads/common.py", line 506, in Wrapper
    return utility_method(*args, **kwargs)
  File "/home/shubham/anaconda2/lib/python2.7/site-packages/googleads/adwords.py", line 1271, in DownloadReport
    output, **kwargs)
  File "/home/shubham/anaconda2/lib/python2.7/site-packages/googleads/adwords.py", line 1541, in _DownloadReport
    response = self._DownloadReportAsStream(post_body, **kwargs)
  File "/home/shubham/anaconda2/lib/python2.7/site-packages/googleads/adwords.py", line 1592, in _DownloadReportAsStream
    return self.url_opener.open(request)
  File "/home/shubham/anaconda2/lib/python2.7/urllib2.py", line 429, in open
    response = self._open(req, data)
  File "/home/shubham/anaconda2/lib/python2.7/urllib2.py", line 447, in _open
    '_open', req)
  File "/home/shubham/anaconda2/lib/python2.7/urllib2.py", line 407, in _call_chain
    result = func(*args)
  File "/home/shubham/anaconda2/lib/python2.7/urllib2.py", line 1241, in https_open
    context=self._context)
  File "/home/shubham/anaconda2/lib/python2.7/urllib2.py", line 1198, in do_open
    raise URLError(err)
URLError: <urlopen error [Errno 104] Connection reset by peer>
2017-03-30 12:33:54,171  - INFO - This process is complete
2017-03-30 12:33:57,387  - INFO - This process is complete
2017-03-30 12:34:21,153  - INFO - This process is complete
2017-03-30 12:34:30,183  - INFO - This process is complete
2017-03-30 12:34:41,100  - ERROR - error occured for 4943932774 
Traceback (most recent call last):
  File "/home/shubham/Desktop/Documents/Keywordsautomation/Documents_Media/keywords_bak.py", line 87, in filegenerator
    GetKeywordURLs(account)
  File "/home/shubham/Desktop/Documents/Keywordsautomation/Documents_Media/keywords_bak.py", line 38, in GetKeywordURLs
    report_downloader = ADWORDS_CLIENT.GetReportDownloader()
  File "/home/shubham/anaconda2/lib/python2.7/site-packages/googleads/adwords.py", line 487, in GetReportDownloader
    return ReportDownloader(self, version, server)
  File "/home/shubham/anaconda2/lib/python2.7/site-packages/googleads/adwords.py", line 1215, in __init__
    cache=self._adwords_client.cache).wsdl.schema
  File "/home/shubham/anaconda2/lib/python2.7/site-packages/suds/client.py", line 115, in __init__
    self.wsdl = reader.open(url)
  File "/home/shubham/anaconda2/lib/python2.7/site-packages/suds/reader.py", line 150, in open
    d = self.fn(url, self.options)
  File "/home/shubham/anaconda2/lib/python2.7/site-packages/suds/wsdl.py", line 159, in __init__
    self.build_schema()
  File "/home/shubham/anaconda2/lib/python2.7/site-packages/suds/wsdl.py", line 220, in build_schema
    self.schema = container.load(self.options)
  File "/home/shubham/anaconda2/lib/python2.7/site-packages/suds/xsd/schema.py", line 92, in load
    child.open_imports(options)
  File "/home/shubham/anaconda2/lib/python2.7/site-packages/suds/xsd/schema.py", line 301, in open_imports
    imported = imp.open(options)
  File "/home/shubham/anaconda2/lib/python2.7/site-packages/suds/xsd/sxbasic.py", line 581, in open
    result = self.download(options)
  File "/home/shubham/anaconda2/lib/python2.7/site-packages/suds/xsd/sxbasic.py", line 597, in download
    d = reader.open(url)
  File "/home/shubham/anaconda2/lib/python2.7/site-packages/suds/reader.py", line 74, in open
    d = self.download(url)
  File "/home/shubham/anaconda2/lib/python2.7/site-packages/suds/reader.py", line 94, in download
    content = fp.read()
  File "/home/shubham/anaconda2/lib/python2.7/socket.py", line 355, in read
    data = self._sock.recv(rbufsize)
  File "/home/shubham/anaconda2/lib/python2.7/httplib.py", line 612, in read
    s = self.fp.read(amt)
  File "/home/shubham/anaconda2/lib/python2.7/socket.py", line 384, in read
    data = self._sock.recv(left)
  File "/home/shubham/anaconda2/lib/python2.7/ssl.py", line 756, in recv
    return self.read(buflen)
  File "/home/shubham/anaconda2/lib/python2.7/ssl.py", line 643, in read
    v = self._sslobj.read(len)
SSLError: ('The read operation timed out',)
2017-03-30 12:34:41,148  - INFO - This process is complete
2017-03-30 12:35:09,266  - INFO - This process is complete
2017-03-30 12:35:29,809  - INFO - This process is complete
2017-03-30 12:35:56,485  - INFO - This process is complete
2017-03-30 12:37:28,476  - INFO - This process is complete
2017-03-30 12:38:41,591  - INFO - This process is complete
2017-03-30 12:39:25,532  - INFO - This process is complete
2017-03-30 12:39:25,912  - INFO - doing aggregation to create a single Keyreport file
2017-03-30 12:39:36,854  - INFO - Data Download complete
2017-03-30 12:39:43,248  - INFO - deleted old data
2017-03-30 12:39:43,248  - INFO - Loading the data into table 
2017-03-30 12:39:43,248  - INFO - query fired for loading the data LOAD DATA  INFILE '/home/shubham/Desktop/Documents/Keywordsautomation/Documents_Media/KeyReport.csv' INTO TABLE CS109.Keyreport CHARACTER SET UTF8 FIELDS TERMINATED BY ',' ENCLOSED BY '"' LINES TERMINATED BY '
' IGNORE 1 ROWS 
2017-03-30 12:40:07,904  - INFO - loaded new data into the table
2017-03-30 12:40:07,905  - INFO - executing query select "original_keyword","accountcount","campaigncount","cost" union all select Replace(Replace(Replace(concat(trim(Both "+" from  trim(Both "#" from Keyword)),"_",Match_type),"+",""),"]",""),"[",""),count(distinct(Account)),count(distinct(Campaign)),(sum(Cost)/1000000) from CS109.Keyreport group by Keyword,Match_type INTO OUTFILE "/home/shubham/Desktop/Documents/Keywordsautomation/Documents_Media/perf.csv" CHARACTER SET UTF8 FIELDS TERMINATED BY "," ENCLOSED BY "\"" LINES TERMINATED BY "\n"
2017-03-30 12:53:46,264  - INFO - Clearing previous csv and xlsx files
2017-03-30 12:53:49,447  - INFO - starting for by monthly report
2017-03-30 12:53:49,582  - INFO - Connected to local Database
2017-03-30 12:53:49,583  - INFO - Downloading keyword report data
2017-03-30 12:53:49,583  - INFO - Keyreport file is already present,so skipping creation
2017-03-30 12:53:49,583  - INFO - Data Download complete
2017-03-30 12:53:49,948  - INFO - deleted old data
2017-03-30 12:53:49,949  - INFO - Loading the data into table 
2017-03-30 12:53:49,949  - INFO - query fired for loading the data LOAD DATA  INFILE '/home/shubham/Desktop/Documents/Keywordsautomation/Documents_Media/KeyReport.csv' INTO TABLE CS109.Keyreport CHARACTER SET UTF8 FIELDS TERMINATED BY ',' ENCLOSED BY '"' LINES TERMINATED BY '
' IGNORE 1 ROWS 
2017-03-30 12:54:08,740  - INFO - loaded new data into the table
2017-03-30 12:54:08,740  - INFO - executing query select "original_keyword","accountcount","campaigncount","cost" union all select Replace(Replace(Replace(concat(trim(Both "+" from  trim(Both "#" from Keyword)),"_",Match_type),"+",""),"]",""),"[",""),count(distinct(Account)),count(distinct(Campaign)),(sum(Cost)/1000000) from CS109.Keyreport group by Keyword,Match_type INTO OUTFILE "/home/shubham/Desktop/Documents/Keywordsautomation/Documents_Media/perf.csv" CHARACTER SET UTF8 FIELDS TERMINATED BY "," ENCLOSED BY "\"" LINES TERMINATED BY "\n"
2017-03-30 12:57:26,537  - INFO - Clearing previous csv and xlsx files
2017-03-30 12:57:29,391  - INFO - starting for by monthly report
2017-03-30 12:57:29,515  - INFO - Connected to local Database
2017-03-30 12:57:29,516  - INFO - Downloading keyword report data
2017-03-30 12:57:29,516  - INFO - Keyreport file is already present,so skipping creation
2017-03-30 12:57:29,516  - INFO - Data Download complete
2017-03-30 12:57:29,896  - INFO - deleted old data
2017-03-30 12:57:29,896  - INFO - Loading the data into table 
2017-03-30 12:57:29,897  - INFO - query fired for loading the data LOAD DATA  INFILE '/home/shubham/Desktop/Documents/Keywordsautomation/Documents_Media/KeyReport.csv' INTO TABLE CS109.Keyreport CHARACTER SET UTF8 FIELDS TERMINATED BY ',' ENCLOSED BY '"' LINES TERMINATED BY '
' IGNORE 1 ROWS 
2017-03-30 12:57:49,488  - INFO - loaded new data into the table
2017-03-30 12:57:49,488  - INFO - executing query select "original_keyword","accountcount","campaigncount","cost" union all select Replace(Replace(Replace(concat(trim(Both "+" from  trim(Both "#" from Keyword)),"_",Match_type),"+",""),"]",""),"[",""),count(distinct(Account)),count(distinct(Campaign)),(sum(Cost)/1000000) from CS109.Keyreport group by Keyword,Match_type INTO OUTFILE "/home/shubham/Desktop/Documents/Keywordsautomation/Documents_Media/perf.csv" CHARACTER SET UTF8 FIELDS TERMINATED BY "," ENCLOSED BY "\"" LINES TERMINATED BY "\n"
2017-03-30 13:02:26,907  - INFO - perf data created
2017-03-30 13:02:26,935  - INFO - executing query select "Original_keyword","Customer_ID","Account","Campaign","Campaign_state","Ad_group","Ad_group_state","Keyword","Keyword_state","Match_Type","clicks","impressions","cost" union all select Replace(Replace(Replace(concat(trim(Both "+" from  trim(Both "#" from Keyword)),"_",Match_type),"+",""),"]",""),"[","") as c1,Customer_ID,Account,Campaign,Campaign_state,Ad_group,Ad_group_state,Keyword,Keyword_state,Match_type,sum(Clicks),sum(Impressions),(sum(Cost)/1000000) from Keyreport group by c1,Customer_ID,Account,Campaign,Campaign_state,Ad_group,Ad_group_state,Keyword,Keyword_state,Match_type INTO OUTFILE "/home/shubham/Desktop/Documents/Keywordsautomation/Documents_Media/key.csv" CHARACTER SET UTF8 FIELDS TERMINATED BY "," ENCLOSED BY "\"" LINES TERMINATED BY "\n"
2017-03-30 13:19:27,456  - INFO - keyword data created
2017-03-30 13:19:27,485  - INFO - starting making excel file
2017-03-30 13:23:19,769  - INFO - Bimonthly uploaded for date 2017-03-30
2017-03-30 13:23:23,481  - INFO - starting for by daily report
2017-03-30 13:23:26,062  - ERROR - Some files are not downloaded
None
2017-03-30 13:23:26,120  - INFO - no input files are present for the day
