2017-02-10 15:39:22,974  - INFO - Clearing previous csv and xlsx files
2017-02-10 15:39:22,994  - INFO - starting for by monthly report
2017-02-10 15:39:22,995  - INFO - Keyreport file is present,so skipping creation
2017-02-10 15:39:40,219  - INFO - No of unique keywors for bimonthly report 100774

2017-02-10 15:39:40,269  - INFO - process no. 0 started 
2017-02-10 15:39:40,276  - INFO - process no. 1 started 
2017-02-10 15:39:40,298  - INFO - process no. 2 started 
2017-02-10 15:39:40,310  - INFO - process no. 3 started 
2017-02-10 15:39:40,312  - INFO - process no. 6 started 
2017-02-10 15:39:40,330  - INFO - process no. 8 started 
2017-02-10 15:39:40,339  - INFO - process no. 4 started 
2017-02-10 15:39:40,342  - INFO - process no. 9 started 
2017-02-10 15:39:40,363  - INFO - process no. 7 started 
2017-02-10 15:39:40,370  - INFO - process no. 5 started 
2017-02-10 15:39:45,255  - INFO - inside monthly loop
2017-02-10 15:39:45,275  - INFO - starting for profitability financial ratios_Broad keyword
2017-02-10 15:39:45,321  - INFO - keyword,account_count,account_count,cost are profitability financial ratios_Broad,1,1,0.0
2017-02-10 15:39:45,325  - INFO - aggregating two sheets to create a single sheet
2017-02-10 15:39:45,359  - INFO - Data file for 9 partition is created
2017-02-10 15:39:45,361  - INFO - This process 9 is complete
2017-02-10 17:12:06,725  - INFO - Clearing previous csv and xlsx files
2017-02-10 17:12:06,729  - INFO - starting for by monthly report
2017-02-10 17:12:06,729  - INFO - Keyreport file is present,so skipping creation
2017-02-10 17:12:16,426  - INFO - No of unique keywors for bimonthly report 100774

2017-02-10 17:12:46,438  - INFO - Clearing previous csv and xlsx files
2017-02-10 17:12:46,442  - INFO - starting for by monthly report
2017-02-10 17:12:46,442  - INFO - Keyreport file is present,so skipping creation
2017-02-10 17:12:56,308  - INFO - No of unique keywors for bimonthly report 100774

2017-02-10 17:12:56,352  - INFO - process no. 0 started 
2017-02-10 17:12:56,358  - INFO - process no. 1 started 
2017-02-10 17:12:56,364  - INFO - process no. 2 started 
2017-02-10 17:12:56,389  - INFO - process no. 3 started 
2017-02-10 17:12:56,406  - INFO - process no. 4 started 
2017-02-10 17:12:56,409  - INFO - process no. 5 started 
2017-02-10 17:12:56,442  - INFO - process no. 8 started 
2017-02-10 17:12:56,446  - INFO - process no. 6 started 
2017-02-10 17:12:56,474  - INFO - process no. 12 started 
2017-02-10 17:12:56,469  - INFO - process no. 9 started 
2017-02-10 17:12:56,481  - INFO - process no. 7 started 
2017-02-10 17:12:56,477  - INFO - process no. 10 started 
2017-02-10 17:12:56,510  - INFO - process no. 11 started 
2017-02-10 17:12:56,499  - INFO - process no. 13 started 
2017-02-10 17:12:56,544  - INFO - process no. 14 started 
2017-02-10 17:12:56,596  - INFO - process no. 16 started 
2017-02-10 17:12:56,601  - INFO - process no. 15 started 
2017-02-10 17:12:56,636  - INFO - process no. 17 started 
2017-02-10 17:12:56,682  - INFO - process no. 18 started 
2017-02-10 17:12:56,716  - INFO - process no. 19 started 
2017-02-10 17:12:56,766  - INFO - process no. 20 started 
2017-02-10 17:12:56,806  - INFO - process no. 21 started 
2017-02-10 17:12:56,849  - INFO - process no. 22 started 
2017-02-10 17:12:56,884  - INFO - process no. 23 started 
2017-02-10 17:12:56,938  - INFO - process no. 24 started 
2017-02-10 17:12:57,005  - INFO - process no. 25 started 
2017-02-10 17:12:57,062  - INFO - process no. 26 started 
2017-02-10 17:12:57,114  - INFO - process no. 27 started 
2017-02-10 17:12:57,169  - INFO - process no. 28 started 
2017-02-10 17:12:57,227  - INFO - process no. 29 started 
2017-02-10 17:17:00,995  - INFO - inside monthly loop
2017-02-10 17:17:01,129  - INFO - starting for identity and access management as a service_Broad keyword
2017-02-10 17:17:01,195  - INFO - keyword,account_count,account_count,cost are identity and access management as a service_Broad,1,2,0.0
2017-02-10 17:17:01,195  - INFO - starting for sales performance_Broad keyword
2017-02-10 17:17:01,198  - INFO - keyword,account_count,account_count,cost are sales performance_Broad,1,1,125.34
2017-02-10 17:17:01,198  - INFO - starting for ibm security risk management_Broad keyword
2017-02-10 17:17:01,201  - INFO - keyword,account_count,account_count,cost are ibm security risk management_Broad,1,4,0.0
2017-02-10 17:17:01,201  - INFO - starting for ibm mobile offline data sync_Broad keyword
2017-02-10 17:17:01,203  - INFO - keyword,account_count,account_count,cost are ibm mobile offline data sync_Broad,1,4,0.0
2017-02-10 17:17:01,212  - INFO - starting for ibm multivendor maintenance services_Broad keyword
2017-02-10 17:17:01,214  - INFO - keyword,account_count,account_count,cost are ibm multivendor maintenance services_Broad,5,17,0.0
2017-02-10 17:17:01,245  - INFO - starting for idc it business operations_Phrase keyword
2017-02-10 17:17:01,272  - INFO - keyword,account_count,account_count,cost are idc it business operations_Phrase,1,1,0.0
2017-02-10 17:17:01,278  - INFO - starting for big data management ebook_Broad keyword
2017-02-10 17:17:01,281  - INFO - keyword,account_count,account_count,cost are big data management ebook_Broad,1,2,0.0
2017-02-10 17:17:01,301  - INFO - starting for ibm iot analytics api_Exact keyword
2017-02-10 17:17:01,308  - INFO - keyword,account_count,account_count,cost are ibm iot analytics api_Exact,1,2,0.0
2017-02-10 17:17:01,333  - INFO - starting for contact center technology with ibm_Exact keyword
2017-02-10 17:17:01,362  - INFO - keyword,account_count,account_count,cost are contact center technology with ibm_Exact,1,1,0.0
2017-02-10 17:17:01,369  - INFO - starting for z hyper scale hybrid cloud_Exact keyword
2017-02-10 17:17:01,397  - INFO - keyword,account_count,account_count,cost are z hyper scale hybrid cloud_Exact,1,2,0.0
2017-02-10 17:17:01,413  - INFO - starting for digital banking solutions_Broad keyword
2017-02-10 17:17:01,429  - INFO - keyword,account_count,account_count,cost are digital banking solutions_Broad,1,1,0.0
2017-02-10 17:17:01,441  - INFO - starting for best mobilefirst platform_Phrase keyword
2017-02-10 17:17:01,444  - INFO - keyword,account_count,account_count,cost are best mobilefirst platform_Phrase,1,1,0.0
2017-02-10 17:17:01,455  - INFO - starting for download trial IBM mobile apps security_Broad keyword
2017-02-10 17:17:01,492  - INFO - keyword,account_count,account_count,cost are download trial IBM mobile apps security_Broad,1,4,0.0
2017-02-10 17:17:01,497  - INFO - starting for mongodb server solution_Exact keyword
2017-02-10 17:17:01,529  - INFO - keyword,account_count,account_count,cost are mongodb server solution_Exact,1,2,0.0
2017-02-10 17:17:01,553  - INFO - starting for ibm mobile application experience_Phrase keyword
2017-02-10 17:17:01,560  - INFO - keyword,account_count,account_count,cost are ibm mobile application experience_Phrase,1,1,0.0
2017-02-10 17:17:01,579  - INFO - starting for ibm spm services_Broad keyword
2017-02-10 17:17:01,593  - INFO - keyword,account_count,account_count,cost are ibm spm services_Broad,1,2,0.0
2017-02-10 17:17:01,609  - INFO - starting for hyperconvergence storage data_Broad keyword
2017-02-10 17:17:01,612  - INFO - keyword,account_count,account_count,cost are hyperconvergence storage data_Broad,1,2,0.0
2017-02-10 17:17:01,645  - INFO - starting for 멀티벤더 하드웨어 서포트_Exact keyword
2017-02-10 17:17:01,674  - INFO - keyword,account_count,account_count,cost are 멀티벤더 하드웨어 서포트_Exact,1,1,0.0
2017-02-10 17:17:01,675  - INFO - starting for network communication ibm program_Exact keyword
2017-02-10 17:17:01,677  - INFO - keyword,account_count,account_count,cost are network communication ibm program_Exact,5,11,0.0
2017-02-10 17:17:01,677  - INFO - starting for ibm predictive intelligence for entperise_Broad keyword
2017-02-10 17:17:01,708  - INFO - keyword,account_count,account_count,cost are ibm predictive intelligence for entperise_Broad,1,2,0.0
2017-02-10 17:17:01,708  - INFO - starting for profitability financial ratios_Broad keyword
2017-02-10 17:17:01,739  - INFO - keyword,account_count,account_count,cost are profitability financial ratios_Broad,1,1,0.0
2017-02-10 17:17:01,739  - INFO - starting for ibm managed integrated infrastructure_Broad keyword
2017-02-10 17:17:01,741  - INFO - keyword,account_count,account_count,cost are ibm managed integrated infrastructure_Broad,4,10,0.0
2017-02-10 17:17:01,770  - INFO - starting for watson internet of things trial_Exact keyword
2017-02-10 17:17:01,773  - INFO - keyword,account_count,account_count,cost are watson internet of things trial_Exact,1,2,0.0
2017-02-10 17:17:01,773  - INFO - starting for dual processor mongodb_Exact keyword
2017-02-10 17:17:01,803  - INFO - keyword,account_count,account_count,cost are dual processor mongodb_Exact,1,2,0.0
2017-02-10 17:17:01,804  - INFO - starting for it 기술지원 벤더_Exact keyword
2017-02-10 17:17:01,834  - INFO - keyword,account_count,account_count,cost are it 기술지원 벤더_Exact,1,1,0.0
2017-02-10 17:17:01,834  - INFO - starting for managed network program ibm_Broad keyword
2017-02-10 17:17:01,837  - INFO - keyword,account_count,account_count,cost are managed network program ibm_Broad,4,10,0.0
2017-02-10 17:17:01,837  - INFO - starting for mobile application quaility improvement_Broad keyword
2017-02-10 17:17:01,868  - INFO - keyword,account_count,account_count,cost are mobile application quaility improvement_Broad,1,1,0.0
2017-02-10 17:17:01,868  - INFO - starting for IBM sense analytics solutions_Exact keyword
2017-02-10 17:17:01,898  - INFO - keyword,account_count,account_count,cost are IBM sense analytics solutions_Exact,1,2,0.0
2017-02-10 17:17:01,962  - INFO - aggregating two sheets to create a single sheet
2017-02-10 17:17:02,472  - INFO - Data file for 29 partition is created
2017-02-10 17:17:02,472  - INFO - This process 29 is complete
2017-02-10 17:32:36,920  - INFO - Clearing previous csv and xlsx files
2017-02-10 17:32:37,076  - INFO - starting for by monthly report
2017-02-10 17:32:37,077  - INFO - Keyreport file is present,so skipping creation
2017-02-10 17:32:51,729  - INFO - No of unique keywors for bimonthly report 100774

2017-02-10 17:32:51,778  - INFO - process no. 0 started 
2017-02-10 17:32:51,782  - INFO - process no. 1 started 
2017-02-10 17:32:51,787  - INFO - process no. 2 started 
2017-02-10 17:32:51,805  - INFO - process no. 3 started 
2017-02-10 17:32:51,824  - INFO - process no. 4 started 
2017-02-10 17:32:51,831  - INFO - process no. 6 started 
2017-02-10 17:32:51,840  - INFO - process no. 5 started 
2017-02-10 17:32:51,845  - INFO - process no. 7 started 
2017-02-10 17:32:51,856  - INFO - process no. 9 started 
2017-02-10 17:32:51,861  - INFO - process no. 8 started 
2017-02-10 17:32:51,886  - INFO - process no. 12 started 
2017-02-10 17:32:51,896  - INFO - process no. 11 started 
2017-02-10 17:32:51,905  - INFO - process no. 10 started 
2017-02-10 17:32:51,906  - INFO - process no. 13 started 
2017-02-10 17:32:51,934  - INFO - process no. 14 started 
2017-02-10 17:32:51,953  - INFO - process no. 15 started 
2017-02-10 17:32:52,000  - INFO - process no. 16 started 
2017-02-10 17:32:52,038  - INFO - process no. 17 started 
2017-02-10 17:32:52,040  - INFO - process no. 18 started 
2017-02-10 17:32:52,069  - INFO - process no. 19 started 
2017-02-10 17:32:52,104  - INFO - process no. 20 started 
2017-02-10 17:32:52,146  - INFO - process no. 21 started 
2017-02-10 17:32:52,205  - INFO - process no. 22 started 
2017-02-10 17:32:52,237  - INFO - process no. 23 started 
2017-02-10 17:32:52,305  - INFO - process no. 24 started 
2017-02-10 17:32:52,333  - INFO - process no. 25 started 
2017-02-10 17:32:52,376  - INFO - process no. 26 started 
2017-02-10 17:32:52,404  - INFO - process no. 27 started 
2017-02-10 17:32:52,513  - INFO - process no. 28 started 
2017-02-10 17:32:52,565  - INFO - process no. 29 started 
2017-02-10 17:32:52,629  - INFO - process no. 30 started 
2017-02-10 17:32:52,673  - INFO - process no. 31 started 
2017-02-10 17:32:52,729  - INFO - process no. 32 started 
2017-02-10 17:32:52,830  - INFO - process no. 33 started 
2017-02-10 17:32:52,885  - INFO - process no. 34 started 
2017-02-10 17:32:52,952  - INFO - process no. 35 started 
2017-02-10 17:32:53,048  - INFO - process no. 36 started 
2017-02-10 17:32:53,144  - INFO - process no. 37 started 
2017-02-10 17:32:53,224  - INFO - process no. 38 started 
2017-02-10 17:32:53,265  - INFO - process no. 39 started 
2017-02-10 17:40:07,173  - INFO - inside monthly loop
2017-02-10 17:40:07,376  - INFO - starting for watson internet of things trial_Exact keyword
2017-02-10 17:40:07,510  - INFO - keyword,account_count,account_count,cost are watson internet of things trial_Exact,1,2,0.0
2017-02-10 17:40:07,511  - INFO - starting for identity and access management as a service_Broad keyword
2017-02-10 17:40:07,513  - INFO - keyword,account_count,account_count,cost are identity and access management as a service_Broad,1,2,0.0
2017-02-10 17:40:07,514  - INFO - starting for try ibm internet of things connectivity_Broad keyword
2017-02-10 17:40:07,516  - INFO - keyword,account_count,account_count,cost are try ibm internet of things connectivity_Broad,1,2,0.0
2017-02-10 17:40:07,516  - INFO - starting for ibm conferences cloud_Broad keyword
2017-02-10 17:40:07,519  - INFO - keyword,account_count,account_count,cost are ibm conferences cloud_Broad,1,1,0.0
2017-02-10 17:40:07,541  - INFO - starting for sales performance_Broad keyword
2017-02-10 17:40:07,551  - INFO - keyword,account_count,account_count,cost are sales performance_Broad,1,1,125.34
2017-02-10 17:40:07,564  - INFO - starting for ibm security risk management_Broad keyword
2017-02-10 17:40:07,625  - INFO - keyword,account_count,account_count,cost are ibm security risk management_Broad,1,4,0.0
2017-02-10 17:40:07,626  - INFO - starting for ibm mobile offline data sync_Broad keyword
2017-02-10 17:40:07,628  - INFO - keyword,account_count,account_count,cost are ibm mobile offline data sync_Broad,1,4,0.0
2017-02-10 17:40:07,657  - INFO - starting for try sast analysis_Broad keyword
2017-02-10 17:40:07,672  - INFO - keyword,account_count,account_count,cost are try sast analysis_Broad,1,4,0.0
2017-02-10 17:40:07,685  - INFO - starting for ibm multivendor maintenance services_Broad keyword
2017-02-10 17:40:07,688  - INFO - keyword,account_count,account_count,cost are ibm multivendor maintenance services_Broad,5,17,0.0
2017-02-10 17:40:07,721  - INFO - starting for ibm it attacks_Exact keyword
2017-02-10 17:40:07,728  - INFO - keyword,account_count,account_count,cost are ibm it attacks_Exact,1,2,0.0
2017-02-10 17:40:07,744  - INFO - starting for idc it business operations_Phrase keyword
2017-02-10 17:40:07,748  - INFO - keyword,account_count,account_count,cost are idc it business operations_Phrase,1,1,0.0
2017-02-10 17:40:07,793  - INFO - starting for big data management ebook_Broad keyword
2017-02-10 17:40:07,804  - INFO - keyword,account_count,account_count,cost are big data management ebook_Broad,1,2,0.0
2017-02-10 17:40:07,821  - INFO - starting for ibm iot analytics api_Exact keyword
2017-02-10 17:40:07,828  - INFO - keyword,account_count,account_count,cost are ibm iot analytics api_Exact,1,2,0.0
2017-02-10 17:40:07,845  - INFO - starting for it 기술지원 벤더_Exact keyword
2017-02-10 17:40:07,872  - INFO - keyword,account_count,account_count,cost are it 기술지원 벤더_Exact,1,1,0.0
2017-02-10 17:40:07,877  - INFO - starting for z hyper scale hybrid cloud_Exact keyword
2017-02-10 17:40:07,891  - INFO - keyword,account_count,account_count,cost are z hyper scale hybrid cloud_Exact,1,2,0.0
2017-02-10 17:40:07,913  - INFO - starting for digital banking solutions_Broad keyword
2017-02-10 17:40:07,917  - INFO - keyword,account_count,account_count,cost are digital banking solutions_Broad,1,1,0.0
2017-02-10 17:40:07,949  - INFO - starting for best mobilefirst platform_Phrase keyword
2017-02-10 17:40:07,952  - INFO - keyword,account_count,account_count,cost are best mobilefirst platform_Phrase,1,1,0.0
2017-02-10 17:40:07,977  - INFO - starting for download trial IBM mobile apps security_Broad keyword
2017-02-10 17:40:07,980  - INFO - keyword,account_count,account_count,cost are download trial IBM mobile apps security_Broad,1,4,0.0
2017-02-10 17:40:08,001  - INFO - starting for cloud and business growth_Broad keyword
2017-02-10 17:40:08,008  - INFO - keyword,account_count,account_count,cost are cloud and business growth_Broad,1,2,30.36
2017-02-10 17:40:08,033  - INFO - starting for mongodb server solution_Exact keyword
2017-02-10 17:40:08,036  - INFO - keyword,account_count,account_count,cost are mongodb server solution_Exact,1,2,0.0
2017-02-10 17:40:08,057  - INFO - starting for ibm mobile application experience_Phrase keyword
2017-02-10 17:40:08,068  - INFO - keyword,account_count,account_count,cost are ibm mobile application experience_Phrase,1,1,0.0
2017-02-10 17:40:08,085  - INFO - starting for ibm spm services_Broad keyword
2017-02-10 17:40:08,092  - INFO - keyword,account_count,account_count,cost are ibm spm services_Broad,1,2,0.0
2017-02-10 17:40:08,109  - INFO - starting for hyperconvergence storage data_Broad keyword
2017-02-10 17:40:08,116  - INFO - keyword,account_count,account_count,cost are hyperconvergence storage data_Broad,1,2,0.0
2017-02-10 17:40:08,137  - INFO - starting for managed network program ibm_Broad keyword
2017-02-10 17:40:08,163  - INFO - keyword,account_count,account_count,cost are managed network program ibm_Broad,4,10,0.0
2017-02-10 17:40:08,176  - INFO - starting for 멀티벤더 하드웨어 서포트_Exact keyword
2017-02-10 17:40:08,179  - INFO - keyword,account_count,account_count,cost are 멀티벤더 하드웨어 서포트_Exact,1,1,0.0
2017-02-10 17:40:08,213  - INFO - starting for network communication ibm program_Exact keyword
2017-02-10 17:40:08,216  - INFO - keyword,account_count,account_count,cost are network communication ibm program_Exact,5,11,0.0
2017-02-10 17:40:08,229  - INFO - starting for ibm predictive intelligence for entperise_Broad keyword
2017-02-10 17:40:08,232  - INFO - keyword,account_count,account_count,cost are ibm predictive intelligence for entperise_Broad,1,2,0.0
2017-02-10 17:40:08,257  - INFO - starting for watson cognitive how to use api in application_Exact keyword
2017-02-10 17:40:08,260  - INFO - keyword,account_count,account_count,cost are watson cognitive how to use api in application_Exact,1,1,0.0
2017-02-10 17:40:08,293  - INFO - starting for common threat security_Exact keyword
2017-02-10 17:40:08,296  - INFO - keyword,account_count,account_count,cost are common threat security_Exact,1,2,0.0
2017-02-10 17:40:08,305  - INFO - starting for profitability financial ratios_Broad keyword
2017-02-10 17:40:08,328  - INFO - keyword,account_count,account_count,cost are profitability financial ratios_Broad,1,1,0.0
2017-02-10 17:40:08,337  - INFO - starting for ibm managed integrated infrastructure_Broad keyword
2017-02-10 17:40:08,340  - INFO - keyword,account_count,account_count,cost are ibm managed integrated infrastructure_Broad,4,10,0.0
2017-02-10 17:40:08,365  - INFO - starting for mobile application quaility improvement_Broad keyword
2017-02-10 17:40:08,376  - INFO - keyword,account_count,account_count,cost are mobile application quaility improvement_Broad,1,1,0.0
2017-02-10 17:40:08,385  - INFO - starting for dual processor mongodb_Exact keyword
2017-02-10 17:40:08,392  - INFO - keyword,account_count,account_count,cost are dual processor mongodb_Exact,1,2,0.0
2017-02-10 17:40:08,417  - INFO - starting for contact center technology with ibm_Exact keyword
2017-02-10 17:40:08,420  - INFO - keyword,account_count,account_count,cost are contact center technology with ibm_Exact,1,1,0.0
2017-02-10 17:40:08,445  - INFO - starting for program for networking service_Broad keyword
2017-02-10 17:40:08,478  - INFO - keyword,account_count,account_count,cost are program for networking service_Broad,5,11,0.0
2017-02-10 17:40:08,481  - INFO - starting for ibm fraud prevention systems_Exact keyword
2017-02-10 17:40:08,485  - INFO - keyword,account_count,account_count,cost are ibm fraud prevention systems_Exact,1,2,0.0
2017-02-10 17:40:08,517  - INFO - starting for IBM sense analytics solutions_Exact keyword
2017-02-10 17:40:08,520  - INFO - keyword,account_count,account_count,cost are IBM sense analytics solutions_Exact,1,2,0.0
2017-02-10 17:40:08,556  - INFO - aggregating two sheets to create a single sheet
